CRITICAL - 2022-12-26 10:28:10 --> The namespace delimiter is a backslash (\), not a slash (/). Route handler: \App\Controllers\frontend/Products::index
in SYSTEMPATH\Router\Router.php on line 466.
 1 SYSTEMPATH\Router\Router.php(466): CodeIgniter\Router\Exceptions\RouterException::forInvalidControllerName('\\App\\Controllers\\frontend/Products::index')
 2 SYSTEMPATH\Router\Router.php(181): CodeIgniter\Router\Router->checkRoutes('frontend/products')
 3 SYSTEMPATH\CodeIgniter.php(802): CodeIgniter\Router\Router->handle('frontend/products')
 4 SYSTEMPATH\CodeIgniter.php(430): CodeIgniter\CodeIgniter->tryToRouteIt(Object(CodeIgniter\Router\RouteCollection))
 5 SYSTEMPATH\CodeIgniter.php(351): CodeIgniter\CodeIgniter->handleRequest(null, Object(Config\Cache), false)
 6 FCPATH\index.php(67): CodeIgniter\CodeIgniter->run()
 7 SYSTEMPATH\Commands\Server\rewrite.php(46): require_once('FCPATH\\index.php')
CRITICAL - 2022-12-26 10:29:01 --> The namespace delimiter is a backslash (\), not a slash (/). Route handler: \App\Controllers\frontend/Products::index
in SYSTEMPATH\Router\Router.php on line 466.
 1 SYSTEMPATH\Router\Router.php(466): CodeIgniter\Router\Exceptions\RouterException::forInvalidControllerName('\\App\\Controllers\\frontend/Products::index')
 2 SYSTEMPATH\Router\Router.php(181): CodeIgniter\Router\Router->checkRoutes('frontend/products')
 3 SYSTEMPATH\CodeIgniter.php(802): CodeIgniter\Router\Router->handle('frontend/products')
 4 SYSTEMPATH\CodeIgniter.php(430): CodeIgniter\CodeIgniter->tryToRouteIt(Object(CodeIgniter\Router\RouteCollection))
 5 SYSTEMPATH\CodeIgniter.php(351): CodeIgniter\CodeIgniter->handleRequest(null, Object(Config\Cache), false)
 6 FCPATH\index.php(67): CodeIgniter\CodeIgniter->run()
 7 SYSTEMPATH\Commands\Server\rewrite.php(46): require_once('FCPATH\\index.php')
CRITICAL - 2022-12-26 10:32:21 --> Invalid file: frontend/products.php
in SYSTEMPATH\Exceptions\FrameworkException.php on line 33.
 1 SYSTEMPATH\View\View.php(201): CodeIgniter\Exceptions\FrameworkException::forInvalidFile('frontend/products.php')
 2 SYSTEMPATH\Common.php(1134): CodeIgniter\View\View->render('frontend/products', [], true)
 3 APPPATH\Controllers\Products.php(10): view('frontend/products')
 4 SYSTEMPATH\CodeIgniter.php(927): App\Controllers\Products->index()
 5 SYSTEMPATH\CodeIgniter.php(482): CodeIgniter\CodeIgniter->runController(Object(App\Controllers\Products))
 6 SYSTEMPATH\CodeIgniter.php(351): CodeIgniter\CodeIgniter->handleRequest(null, Object(Config\Cache), false)
 7 FCPATH\index.php(67): CodeIgniter\CodeIgniter->run()
 8 SYSTEMPATH\Commands\Server\rewrite.php(46): require_once('FCPATH\\index.php')
CRITICAL - 2022-12-26 10:32:23 --> Invalid file: frontend/products.php
in SYSTEMPATH\Exceptions\FrameworkException.php on line 33.
 1 SYSTEMPATH\View\View.php(201): CodeIgniter\Exceptions\FrameworkException::forInvalidFile('frontend/products.php')
 2 SYSTEMPATH\Common.php(1134): CodeIgniter\View\View->render('frontend/products', [], true)
 3 APPPATH\Controllers\Products.php(10): view('frontend/products')
 4 SYSTEMPATH\CodeIgniter.php(927): App\Controllers\Products->index()
 5 SYSTEMPATH\CodeIgniter.php(482): CodeIgniter\CodeIgniter->runController(Object(App\Controllers\Products))
 6 SYSTEMPATH\CodeIgniter.php(351): CodeIgniter\CodeIgniter->handleRequest(null, Object(Config\Cache), false)
 7 FCPATH\index.php(67): CodeIgniter\CodeIgniter->run()
 8 SYSTEMPATH\Commands\Server\rewrite.php(46): require_once('FCPATH\\index.php')
CRITICAL - 2022-12-26 11:21:50 --> Invalid file: frontend/templates/footer.php
in SYSTEMPATH\Exceptions\FrameworkException.php on line 33.
 1 SYSTEMPATH\View\View.php(201): CodeIgniter\Exceptions\FrameworkException::forInvalidFile('frontend/templates/footer.php')
 2 SYSTEMPATH\Common.php(1134): CodeIgniter\View\View->render('frontend/templates/footer.php', [], true)
 3 APPPATH\Views\frontend\products.php(208): view('frontend/templates/footer.php')
 4 SYSTEMPATH\View\View.php(213): include('APPPATH\\Views\\frontend\\products.php')
 5 SYSTEMPATH\View\View.php(216): CodeIgniter\View\View->CodeIgniter\View\{closure}()
 6 SYSTEMPATH\Common.php(1134): CodeIgniter\View\View->render('frontend/products', [], true)
 7 APPPATH\Controllers\ProductsFrontend.php(10): view('frontend/products')
 8 SYSTEMPATH\CodeIgniter.php(927): App\Controllers\ProductsFrontend->index()
 9 SYSTEMPATH\CodeIgniter.php(482): CodeIgniter\CodeIgniter->runController(Object(App\Controllers\ProductsFrontend))
10 SYSTEMPATH\CodeIgniter.php(351): CodeIgniter\CodeIgniter->handleRequest(null, Object(Config\Cache), false)
11 FCPATH\index.php(67): CodeIgniter\CodeIgniter->run()
12 SYSTEMPATH\Commands\Server\rewrite.php(46): require_once('FCPATH\\index.php')
CRITICAL - 2022-12-26 11:22:29 --> Invalid file: frontend/templates/footer.php
in SYSTEMPATH\Exceptions\FrameworkException.php on line 33.
 1 SYSTEMPATH\View\View.php(201): CodeIgniter\Exceptions\FrameworkException::forInvalidFile('frontend/templates/footer.php')
 2 SYSTEMPATH\Common.php(1134): CodeIgniter\View\View->render('frontend/templates/footer.php', [], true)
 3 APPPATH\Views\frontend\products.php(208): view('frontend/templates/footer.php')
 4 SYSTEMPATH\View\View.php(213): include('APPPATH\\Views\\frontend\\products.php')
 5 SYSTEMPATH\View\View.php(216): CodeIgniter\View\View->CodeIgniter\View\{closure}()
 6 SYSTEMPATH\Common.php(1134): CodeIgniter\View\View->render('frontend/products', [], true)
 7 APPPATH\Controllers\ProductsFrontend.php(10): view('frontend/products')
 8 SYSTEMPATH\CodeIgniter.php(927): App\Controllers\ProductsFrontend->index()
 9 SYSTEMPATH\CodeIgniter.php(482): CodeIgniter\CodeIgniter->runController(Object(App\Controllers\ProductsFrontend))
10 SYSTEMPATH\CodeIgniter.php(351): CodeIgniter\CodeIgniter->handleRequest(null, Object(Config\Cache), false)
11 FCPATH\index.php(67): CodeIgniter\CodeIgniter->run()
12 SYSTEMPATH\Commands\Server\rewrite.php(46): require_once('FCPATH\\index.php')
CRITICAL - 2022-12-26 11:22:41 --> Invalid file: frontend/templates/footer.php
in SYSTEMPATH\Exceptions\FrameworkException.php on line 33.
 1 SYSTEMPATH\View\View.php(201): CodeIgniter\Exceptions\FrameworkException::forInvalidFile('frontend/templates/footer.php')
 2 SYSTEMPATH\Common.php(1134): CodeIgniter\View\View->render('frontend/templates/footer.php', [], true)
 3 APPPATH\Views\frontend\products.php(208): view('frontend/templates/footer.php')
 4 SYSTEMPATH\View\View.php(213): include('APPPATH\\Views\\frontend\\products.php')
 5 SYSTEMPATH\View\View.php(216): CodeIgniter\View\View->CodeIgniter\View\{closure}()
 6 SYSTEMPATH\Common.php(1134): CodeIgniter\View\View->render('frontend/products', [], true)
 7 APPPATH\Controllers\ProductsFrontend.php(10): view('frontend/products')
 8 SYSTEMPATH\CodeIgniter.php(927): App\Controllers\ProductsFrontend->index()
 9 SYSTEMPATH\CodeIgniter.php(482): CodeIgniter\CodeIgniter->runController(Object(App\Controllers\ProductsFrontend))
10 SYSTEMPATH\CodeIgniter.php(351): CodeIgniter\CodeIgniter->handleRequest(null, Object(Config\Cache), false)
11 FCPATH\index.php(67): CodeIgniter\CodeIgniter->run()
12 SYSTEMPATH\Commands\Server\rewrite.php(46): require_once('FCPATH\\index.php')
CRITICAL - 2022-12-26 11:22:43 --> Invalid file: frontend/templates/footer.php
in SYSTEMPATH\Exceptions\FrameworkException.php on line 33.
 1 SYSTEMPATH\View\View.php(201): CodeIgniter\Exceptions\FrameworkException::forInvalidFile('frontend/templates/footer.php')
 2 SYSTEMPATH\Common.php(1134): CodeIgniter\View\View->render('frontend/templates/footer.php', [], true)
 3 APPPATH\Views\frontend\products.php(208): view('frontend/templates/footer.php')
 4 SYSTEMPATH\View\View.php(213): include('APPPATH\\Views\\frontend\\products.php')
 5 SYSTEMPATH\View\View.php(216): CodeIgniter\View\View->CodeIgniter\View\{closure}()
 6 SYSTEMPATH\Common.php(1134): CodeIgniter\View\View->render('frontend/products', [], true)
 7 APPPATH\Controllers\ProductsFrontend.php(10): view('frontend/products')
 8 SYSTEMPATH\CodeIgniter.php(927): App\Controllers\ProductsFrontend->index()
 9 SYSTEMPATH\CodeIgniter.php(482): CodeIgniter\CodeIgniter->runController(Object(App\Controllers\ProductsFrontend))
10 SYSTEMPATH\CodeIgniter.php(351): CodeIgniter\CodeIgniter->handleRequest(null, Object(Config\Cache), false)
11 FCPATH\index.php(67): CodeIgniter\CodeIgniter->run()
12 SYSTEMPATH\Commands\Server\rewrite.php(46): require_once('FCPATH\\index.php')
CRITICAL - 2022-12-26 11:22:43 --> Invalid file: frontend/templates/footer.php
in SYSTEMPATH\Exceptions\FrameworkException.php on line 33.
 1 SYSTEMPATH\View\View.php(201): CodeIgniter\Exceptions\FrameworkException::forInvalidFile('frontend/templates/footer.php')
 2 SYSTEMPATH\Common.php(1134): CodeIgniter\View\View->render('frontend/templates/footer.php', [], true)
 3 APPPATH\Views\frontend\products.php(208): view('frontend/templates/footer.php')
 4 SYSTEMPATH\View\View.php(213): include('APPPATH\\Views\\frontend\\products.php')
 5 SYSTEMPATH\View\View.php(216): CodeIgniter\View\View->CodeIgniter\View\{closure}()
 6 SYSTEMPATH\Common.php(1134): CodeIgniter\View\View->render('frontend/products', [], true)
 7 APPPATH\Controllers\ProductsFrontend.php(10): view('frontend/products')
 8 SYSTEMPATH\CodeIgniter.php(927): App\Controllers\ProductsFrontend->index()
 9 SYSTEMPATH\CodeIgniter.php(482): CodeIgniter\CodeIgniter->runController(Object(App\Controllers\ProductsFrontend))
10 SYSTEMPATH\CodeIgniter.php(351): CodeIgniter\CodeIgniter->handleRequest(null, Object(Config\Cache), false)
11 FCPATH\index.php(67): CodeIgniter\CodeIgniter->run()
12 SYSTEMPATH\Commands\Server\rewrite.php(46): require_once('FCPATH\\index.php')
CRITICAL - 2022-12-26 18:55:56 --> Invalid file: frontend/products.php
in SYSTEMPATH\Exceptions\FrameworkException.php on line 33.
 1 SYSTEMPATH\View\View.php(201): CodeIgniter\Exceptions\FrameworkException::forInvalidFile('frontend/products.php')
 2 SYSTEMPATH\Common.php(1134): CodeIgniter\View\View->render('frontend/products', [], true)
 3 APPPATH\Controllers\ProductsFrontend.php(10): view('frontend/products')
 4 SYSTEMPATH\CodeIgniter.php(927): App\Controllers\ProductsFrontend->index()
 5 SYSTEMPATH\CodeIgniter.php(482): CodeIgniter\CodeIgniter->runController(Object(App\Controllers\ProductsFrontend))
 6 SYSTEMPATH\CodeIgniter.php(351): CodeIgniter\CodeIgniter->handleRequest(null, Object(Config\Cache), false)
 7 FCPATH\index.php(67): CodeIgniter\CodeIgniter->run()
 8 SYSTEMPATH\Commands\Server\rewrite.php(46): require_once('FCPATH\\index.php')
ERROR - 2022-12-26 21:44:33 --> Error connecting to the database: mysqli_sql_exception: Access denied for user 'root'@'localhost' (using password: YES) in C:\xampp\htdocs\productweb\system\Database\MySQLi\Connection.php:171
Stack trace:
#0 C:\xampp\htdocs\productweb\system\Database\MySQLi\Connection.php(171): mysqli->real_connect('localhost', 'root', 'root', 'psales', 3306, '', 0)
#1 C:\xampp\htdocs\productweb\system\Database\BaseConnection.php(382): CodeIgniter\Database\MySQLi\Connection->connect(false)
#2 C:\xampp\htdocs\productweb\system\Database\BaseConnection.php(561): CodeIgniter\Database\BaseConnection->initialize()
#3 C:\xampp\htdocs\productweb\system\Database\BaseBuilder.php(1585): CodeIgniter\Database\BaseConnection->query('SELECT *\nFROM `...', Array, false)
#4 C:\xampp\htdocs\productweb\system\Model.php(223): CodeIgniter\Database\BaseBuilder->get()
#5 C:\xampp\htdocs\productweb\system\BaseModel.php(585): CodeIgniter\Model->doFindAll(0, 0)
#6 C:\xampp\htdocs\productweb\app\Models\ProductsModel.php(15): CodeIgniter\BaseModel->findAll()
#7 C:\xampp\htdocs\productweb\app\Controllers\ProductsFrontend.php(17): App\Models\ProductsModel->getAll()
#8 C:\xampp\htdocs\productweb\system\CodeIgniter.php(927): App\Controllers\ProductsFrontend->index()
#9 C:\xampp\htdocs\productweb\system\CodeIgniter.php(482): CodeIgniter\CodeIgniter->runController(Object(App\Controllers\ProductsFrontend))
#10 C:\xampp\htdocs\productweb\system\CodeIgniter.php(351): CodeIgniter\CodeIgniter->handleRequest(NULL, Object(Config\Cache), false)
#11 C:\xampp\htdocs\productweb\public\index.php(67): CodeIgniter\CodeIgniter->run()
#12 C:\xampp\htdocs\productweb\system\Commands\Server\rewrite.php(46): require_once('C:\\xampp\\htdocs...')
#13 {main}

Next CodeIgniter\Database\Exceptions\DatabaseException: Access denied for user '****'@'localhost' (using password: YES) in C:\xampp\htdocs\productweb\system\Database\MySQLi\Connection.php:215
Stack trace:
#0 C:\xampp\htdocs\productweb\system\Database\BaseConnection.php(382): CodeIgniter\Database\MySQLi\Connection->connect(false)
#1 C:\xampp\htdocs\productweb\system\Database\BaseConnection.php(561): CodeIgniter\Database\BaseConnection->initialize()
#2 C:\xampp\htdocs\productweb\system\Database\BaseBuilder.php(1585): CodeIgniter\Database\BaseConnection->query('SELECT *\nFROM `...', Array, false)
#3 C:\xampp\htdocs\productweb\system\Model.php(223): CodeIgniter\Database\BaseBuilder->get()
#4 C:\xampp\htdocs\productweb\system\BaseModel.php(585): CodeIgniter\Model->doFindAll(0, 0)
#5 C:\xampp\htdocs\productweb\app\Models\ProductsModel.php(15): CodeIgniter\BaseModel->findAll()
#6 C:\xampp\htdocs\productweb\app\Controllers\ProductsFrontend.php(17): App\Models\ProductsModel->getAll()
#7 C:\xampp\htdocs\productweb\system\CodeIgniter.php(927): App\Controllers\ProductsFrontend->index()
#8 C:\xampp\htdocs\productweb\system\CodeIgniter.php(482): CodeIgniter\CodeIgniter->runController(Object(App\Controllers\ProductsFrontend))
#9 C:\xampp\htdocs\productweb\system\CodeIgniter.php(351): CodeIgniter\CodeIgniter->handleRequest(NULL, Object(Config\Cache), false)
#10 C:\xampp\htdocs\productweb\public\index.php(67): CodeIgniter\CodeIgniter->run()
#11 C:\xampp\htdocs\productweb\system\Commands\Server\rewrite.php(46): require_once('C:\\xampp\\htdocs...')
#12 {main}
CRITICAL - 2022-12-26 21:44:33 --> Unable to connect to the database.
Main connection [MySQLi]: Access denied for user '****'@'localhost' (using password: YES)
in SYSTEMPATH\Database\BaseConnection.php on line 418.
 1 SYSTEMPATH\Database\BaseConnection.php(561): CodeIgniter\Database\BaseConnection->initialize()
 2 SYSTEMPATH\Database\BaseBuilder.php(1585): CodeIgniter\Database\BaseConnection->query('SELECT *
FROM `san_pham`
ORDER BY `id` ASC', [], false)
 3 SYSTEMPATH\Model.php(223): CodeIgniter\Database\BaseBuilder->get()
 4 SYSTEMPATH\BaseModel.php(585): CodeIgniter\Model->doFindAll(0, 0)
 5 APPPATH\Models\ProductsModel.php(15): CodeIgniter\BaseModel->findAll()
 6 APPPATH\Controllers\ProductsFrontend.php(17): App\Models\ProductsModel->getAll()
 7 SYSTEMPATH\CodeIgniter.php(927): App\Controllers\ProductsFrontend->index()
 8 SYSTEMPATH\CodeIgniter.php(482): CodeIgniter\CodeIgniter->runController(Object(App\Controllers\ProductsFrontend))
 9 SYSTEMPATH\CodeIgniter.php(351): CodeIgniter\CodeIgniter->handleRequest(null, Object(Config\Cache), false)
10 FCPATH\index.php(67): CodeIgniter\CodeIgniter->run()
11 SYSTEMPATH\Commands\Server\rewrite.php(46): require_once('FCPATH\\index.php')
