CRITICAL - 2023-02-15 04:23:13 --> Invalid file: /admin/qlproduct/add.php
in SYSTEMPATH\Exceptions\FrameworkException.php on line 33.
 1 SYSTEMPATH\View\View.php(201): CodeIgniter\Exceptions\FrameworkException::forInvalidFile('/admin/qlproduct/add.php')
 2 SYSTEMPATH\Common.php(1134): CodeIgniter\View\View->render('/admin/qlproduct/add', [], true)
 3 APPPATH\Controllers\QLProductAdmin.php(140): view('/admin/qlproduct/add', [...])
 4 SYSTEMPATH\CodeIgniter.php(927): App\Controllers\QLProductAdmin->edit()
 5 SYSTEMPATH\CodeIgniter.php(482): CodeIgniter\CodeIgniter->runController(Object(App\Controllers\QLProductAdmin))
 6 SYSTEMPATH\CodeIgniter.php(351): CodeIgniter\CodeIgniter->handleRequest(null, Object(Config\Cache), false)
 7 FCPATH\index.php(67): CodeIgniter\CodeIgniter->run()
 8 SYSTEMPATH\Commands\Server\rewrite.php(46): require_once('FCPATH\\index.php')
CRITICAL - 2023-02-15 20:07:49 --> Undefined variable $content
in APPPATH\Views\frontend\contactadmin.php on line 14.
 1 APPPATH\Views\frontend\contactadmin.php(14): CodeIgniter\Debug\Exceptions->errorHandler(2, 'Undefined variable $content', 'APPPATH\\Views\\frontend\\contactadmin.php', 14)
 2 SYSTEMPATH\View\View.php(213): include('APPPATH\\Views\\frontend\\contactadmin.php')
 3 SYSTEMPATH\View\View.php(216): CodeIgniter\View\View->CodeIgniter\View\{closure}()
 4 SYSTEMPATH\Common.php(1134): CodeIgniter\View\View->render('frontend/contactadmin', [], true)
 5 APPPATH\Controllers\contact.php(14): view('frontend/contactadmin', [...])
 6 SYSTEMPATH\CodeIgniter.php(927): App\Controllers\contact->index()
 7 SYSTEMPATH\CodeIgniter.php(482): CodeIgniter\CodeIgniter->runController(Object(App\Controllers\contact))
 8 SYSTEMPATH\CodeIgniter.php(351): CodeIgniter\CodeIgniter->handleRequest(null, Object(Config\Cache), false)
 9 FCPATH\index.php(67): CodeIgniter\CodeIgniter->run()
10 SYSTEMPATH\Commands\Server\rewrite.php(46): require_once('FCPATH\\index.php')
CRITICAL - 2023-02-15 20:17:15 --> Undefined array key "cart"
in APPPATH\Controllers\Cart.php on line 169.
 1 APPPATH\Controllers\Cart.php(169): CodeIgniter\Debug\Exceptions->errorHandler(2, 'Undefined array key "cart"', 'APPPATH\\Controllers\\Cart.php', 169)
 2 APPPATH\Controllers\Cart.php(92): App\Controllers\Cart->formatArray([...])
 3 SYSTEMPATH\CodeIgniter.php(927): App\Controllers\Cart->form()
 4 SYSTEMPATH\CodeIgniter.php(482): CodeIgniter\CodeIgniter->runController(Object(App\Controllers\Cart))
 5 SYSTEMPATH\CodeIgniter.php(351): CodeIgniter\CodeIgniter->handleRequest(null, Object(Config\Cache), false)
 6 FCPATH\index.php(67): CodeIgniter\CodeIgniter->run()
 7 SYSTEMPATH\Commands\Server\rewrite.php(46): require_once('FCPATH\\index.php')
