CRITICAL - 2023-01-08 09:42:21 --> Invalid file: cart.php
in SYSTEMPATH\Exceptions\FrameworkException.php on line 33.
 1 SYSTEMPATH\View\View.php(201): CodeIgniter\Exceptions\FrameworkException::forInvalidFile('cart.php')
 2 SYSTEMPATH\Common.php(1134): CodeIgniter\View\View->render('cart', [], true)
 3 APPPATH\Controllers\Cart.php(43): view('cart', [...])
 4 SYSTEMPATH\CodeIgniter.php(927): App\Controllers\Cart->index('16')
 5 SYSTEMPATH\CodeIgniter.php(482): CodeIgniter\CodeIgniter->runController(Object(App\Controllers\Cart))
 6 SYSTEMPATH\CodeIgniter.php(351): CodeIgniter\CodeIgniter->handleRequest(null, Object(Config\Cache), false)
 7 FCPATH\index.php(67): CodeIgniter\CodeIgniter->run()
 8 SYSTEMPATH\Commands\Server\rewrite.php(46): require_once('FCPATH\\index.php')
CRITICAL - 2023-01-08 09:42:47 --> include_once(frontend/templates/header.php): Failed to open stream: No such file or directory
in APPPATH\Views\frontend\cart.php on line 1.
 1 APPPATH\Views\frontend\cart.php(1): CodeIgniter\Debug\Exceptions->errorHandler(2, 'include_once(frontend/templates/header.php): Failed to open stream: No such file or directory', 'APPPATH\\Views\\frontend\\cart.php', 1)
 2 APPPATH\Views\frontend\cart.php(1): include_once()
 3 SYSTEMPATH\View\View.php(213): include('APPPATH\\Views\\frontend\\cart.php')
 4 SYSTEMPATH\View\View.php(216): CodeIgniter\View\View->CodeIgniter\View\{closure}()
 5 SYSTEMPATH\Common.php(1134): CodeIgniter\View\View->render('frontend/cart', [], true)
 6 APPPATH\Controllers\Cart.php(43): view('frontend/cart', [...])
 7 SYSTEMPATH\CodeIgniter.php(927): App\Controllers\Cart->index('16')
 8 SYSTEMPATH\CodeIgniter.php(482): CodeIgniter\CodeIgniter->runController(Object(App\Controllers\Cart))
 9 SYSTEMPATH\CodeIgniter.php(351): CodeIgniter\CodeIgniter->handleRequest(null, Object(Config\Cache), false)
10 FCPATH\index.php(67): CodeIgniter\CodeIgniter->run()
11 SYSTEMPATH\Commands\Server\rewrite.php(46): require_once('FCPATH\\index.php')
CRITICAL - 2023-01-08 09:49:48 --> Invalid file: cart.php
in SYSTEMPATH\Exceptions\FrameworkException.php on line 33.
 1 SYSTEMPATH\View\View.php(201): CodeIgniter\Exceptions\FrameworkException::forInvalidFile('cart.php')
 2 SYSTEMPATH\Common.php(1134): CodeIgniter\View\View->render('cart', [], true)
 3 APPPATH\Controllers\Cart.php(75): view('cart', [...])
 4 SYSTEMPATH\CodeIgniter.php(927): App\Controllers\Cart->delete('16')
 5 SYSTEMPATH\CodeIgniter.php(482): CodeIgniter\CodeIgniter->runController(Object(App\Controllers\Cart))
 6 SYSTEMPATH\CodeIgniter.php(351): CodeIgniter\CodeIgniter->handleRequest(null, Object(Config\Cache), false)
 7 FCPATH\index.php(67): CodeIgniter\CodeIgniter->run()
 8 SYSTEMPATH\Commands\Server\rewrite.php(46): require_once('FCPATH\\index.php')
