CRITICAL - 2023-02-18 10:07:14 --> Undefined variable $Contactes
in APPPATH\Views\frontend\ContactesAdmin.php on line 14.
 1 APPPATH\Views\frontend\ContactesAdmin.php(14): CodeIgniter\Debug\Exceptions->errorHandler(2, 'Undefined variable $Contactes', 'APPPATH\\Views\\frontend\\ContactesAdmin.php', 14)
 2 SYSTEMPATH\View\View.php(213): include('APPPATH\\Views\\frontend\\ContactesAdmin.php')
 3 SYSTEMPATH\View\View.php(216): CodeIgniter\View\View->CodeIgniter\View\{closure}()
 4 SYSTEMPATH\Common.php(1134): CodeIgniter\View\View->render('frontend/ContactesAdmin', [], true)
 5 APPPATH\Controllers\Contactes.php(14): view('frontend/ContactesAdmin', [...])
 6 SYSTEMPATH\CodeIgniter.php(927): App\Controllers\Contactes->index()
 7 SYSTEMPATH\CodeIgniter.php(482): CodeIgniter\CodeIgniter->runController(Object(App\Controllers\Contactes))
 8 SYSTEMPATH\CodeIgniter.php(351): CodeIgniter\CodeIgniter->handleRequest(null, Object(Config\Cache), false)
 9 FCPATH\index.php(67): CodeIgniter\CodeIgniter->run()
10 SYSTEMPATH\Commands\Server\rewrite.php(46): require_once('FCPATH\\index.php')
CRITICAL - 2023-02-18 10:32:33 --> Invalid file: frontend/dieukhoan.php
in SYSTEMPATH\Exceptions\FrameworkException.php on line 33.
 1 SYSTEMPATH\View\View.php(201): CodeIgniter\Exceptions\FrameworkException::forInvalidFile('frontend/dieukhoan.php')
 2 SYSTEMPATH\Common.php(1134): CodeIgniter\View\View->render('frontend/dieukhoan', [], true)
 3 APPPATH\Controllers\dieukhoang.php(13): view('frontend/dieukhoan', [...])
 4 SYSTEMPATH\CodeIgniter.php(927): App\Controllers\dieukhoang->index()
 5 SYSTEMPATH\CodeIgniter.php(482): CodeIgniter\CodeIgniter->runController(Object(App\Controllers\dieukhoang))
 6 SYSTEMPATH\CodeIgniter.php(351): CodeIgniter\CodeIgniter->handleRequest(null, Object(Config\Cache), false)
 7 FCPATH\index.php(67): CodeIgniter\CodeIgniter->run()
 8 SYSTEMPATH\Commands\Server\rewrite.php(46): require_once('FCPATH\\index.php')
CRITICAL - 2023-02-18 10:33:03 --> Invalid file: frontend/dieukhoan.php
in SYSTEMPATH\Exceptions\FrameworkException.php on line 33.
 1 SYSTEMPATH\View\View.php(201): CodeIgniter\Exceptions\FrameworkException::forInvalidFile('frontend/dieukhoan.php')
 2 SYSTEMPATH\Common.php(1134): CodeIgniter\View\View->render('frontend/dieukhoan', [], true)
 3 APPPATH\Controllers\dieukhoang.php(13): view('frontend/dieukhoan', [...])
 4 SYSTEMPATH\CodeIgniter.php(927): App\Controllers\dieukhoang->index()
 5 SYSTEMPATH\CodeIgniter.php(482): CodeIgniter\CodeIgniter->runController(Object(App\Controllers\dieukhoang))
 6 SYSTEMPATH\CodeIgniter.php(351): CodeIgniter\CodeIgniter->handleRequest(null, Object(Config\Cache), false)
 7 FCPATH\index.php(67): CodeIgniter\CodeIgniter->run()
 8 SYSTEMPATH\Commands\Server\rewrite.php(46): require_once('FCPATH\\index.php')
CRITICAL - 2023-02-18 10:35:29 --> Invalid file: frontend/dieukhoan.php
in SYSTEMPATH\Exceptions\FrameworkException.php on line 33.
 1 SYSTEMPATH\View\View.php(201): CodeIgniter\Exceptions\FrameworkException::forInvalidFile('frontend/dieukhoan.php')
 2 SYSTEMPATH\Common.php(1134): CodeIgniter\View\View->render('frontend/dieukhoan', [], true)
 3 APPPATH\Controllers\dieukhoang.php(13): view('frontend/dieukhoan', [...])
 4 SYSTEMPATH\CodeIgniter.php(927): App\Controllers\dieukhoang->index()
 5 SYSTEMPATH\CodeIgniter.php(482): CodeIgniter\CodeIgniter->runController(Object(App\Controllers\dieukhoang))
 6 SYSTEMPATH\CodeIgniter.php(351): CodeIgniter\CodeIgniter->handleRequest(null, Object(Config\Cache), false)
 7 FCPATH\index.php(67): CodeIgniter\CodeIgniter->run()
 8 SYSTEMPATH\Commands\Server\rewrite.php(46): require_once('FCPATH\\index.php')
CRITICAL - 2023-02-18 10:35:32 --> Invalid file: frontend/dieukhoan.php
in SYSTEMPATH\Exceptions\FrameworkException.php on line 33.
 1 SYSTEMPATH\View\View.php(201): CodeIgniter\Exceptions\FrameworkException::forInvalidFile('frontend/dieukhoan.php')
 2 SYSTEMPATH\Common.php(1134): CodeIgniter\View\View->render('frontend/dieukhoan', [], true)
 3 APPPATH\Controllers\dieukhoang.php(13): view('frontend/dieukhoan', [...])
 4 SYSTEMPATH\CodeIgniter.php(927): App\Controllers\dieukhoang->index()
 5 SYSTEMPATH\CodeIgniter.php(482): CodeIgniter\CodeIgniter->runController(Object(App\Controllers\dieukhoang))
 6 SYSTEMPATH\CodeIgniter.php(351): CodeIgniter\CodeIgniter->handleRequest(null, Object(Config\Cache), false)
 7 FCPATH\index.php(67): CodeIgniter\CodeIgniter->run()
 8 SYSTEMPATH\Commands\Server\rewrite.php(46): require_once('FCPATH\\index.php')
CRITICAL - 2023-02-18 10:37:23 --> Invalid file: frontend/dieukhoan.php
in SYSTEMPATH\Exceptions\FrameworkException.php on line 33.
 1 SYSTEMPATH\View\View.php(201): CodeIgniter\Exceptions\FrameworkException::forInvalidFile('frontend/dieukhoan.php')
 2 SYSTEMPATH\Common.php(1134): CodeIgniter\View\View->render('frontend/dieukhoan', [], true)
 3 APPPATH\Controllers\dieukhoang.php(13): view('frontend/dieukhoan', [...])
 4 SYSTEMPATH\CodeIgniter.php(927): App\Controllers\dieukhoang->index()
 5 SYSTEMPATH\CodeIgniter.php(482): CodeIgniter\CodeIgniter->runController(Object(App\Controllers\dieukhoang))
 6 SYSTEMPATH\CodeIgniter.php(351): CodeIgniter\CodeIgniter->handleRequest(null, Object(Config\Cache), false)
 7 FCPATH\index.php(67): CodeIgniter\CodeIgniter->run()
 8 SYSTEMPATH\Commands\Server\rewrite.php(46): require_once('FCPATH\\index.php')
CRITICAL - 2023-02-18 10:37:33 --> Invalid file: frontend/dieukhoan.php
in SYSTEMPATH\Exceptions\FrameworkException.php on line 33.
 1 SYSTEMPATH\View\View.php(201): CodeIgniter\Exceptions\FrameworkException::forInvalidFile('frontend/dieukhoan.php')
 2 SYSTEMPATH\Common.php(1134): CodeIgniter\View\View->render('frontend/dieukhoan', [], true)
 3 APPPATH\Controllers\dieukhoang.php(13): view('frontend/dieukhoan', [...])
 4 SYSTEMPATH\CodeIgniter.php(927): App\Controllers\dieukhoang->index()
 5 SYSTEMPATH\CodeIgniter.php(482): CodeIgniter\CodeIgniter->runController(Object(App\Controllers\dieukhoang))
 6 SYSTEMPATH\CodeIgniter.php(351): CodeIgniter\CodeIgniter->handleRequest(null, Object(Config\Cache), false)
 7 FCPATH\index.php(67): CodeIgniter\CodeIgniter->run()
 8 SYSTEMPATH\Commands\Server\rewrite.php(46): require_once('FCPATH\\index.php')
CRITICAL - 2023-02-18 10:38:02 --> Invalid file: frontend/dieukhoan.php
in SYSTEMPATH\Exceptions\FrameworkException.php on line 33.
 1 SYSTEMPATH\View\View.php(201): CodeIgniter\Exceptions\FrameworkException::forInvalidFile('frontend/dieukhoan.php')
 2 SYSTEMPATH\Common.php(1134): CodeIgniter\View\View->render('frontend/dieukhoan', [], true)
 3 APPPATH\Controllers\dieukhoang.php(13): view('frontend/dieukhoan', [...])
 4 SYSTEMPATH\CodeIgniter.php(927): App\Controllers\dieukhoang->index()
 5 SYSTEMPATH\CodeIgniter.php(482): CodeIgniter\CodeIgniter->runController(Object(App\Controllers\dieukhoang))
 6 SYSTEMPATH\CodeIgniter.php(351): CodeIgniter\CodeIgniter->handleRequest(null, Object(Config\Cache), false)
 7 FCPATH\index.php(67): CodeIgniter\CodeIgniter->run()
 8 SYSTEMPATH\Commands\Server\rewrite.php(46): require_once('FCPATH\\index.php')
CRITICAL - 2023-02-18 10:38:03 --> Invalid file: frontend/dieukhoan.php
in SYSTEMPATH\Exceptions\FrameworkException.php on line 33.
 1 SYSTEMPATH\View\View.php(201): CodeIgniter\Exceptions\FrameworkException::forInvalidFile('frontend/dieukhoan.php')
 2 SYSTEMPATH\Common.php(1134): CodeIgniter\View\View->render('frontend/dieukhoan', [], true)
 3 APPPATH\Controllers\dieukhoang.php(13): view('frontend/dieukhoan', [...])
 4 SYSTEMPATH\CodeIgniter.php(927): App\Controllers\dieukhoang->index()
 5 SYSTEMPATH\CodeIgniter.php(482): CodeIgniter\CodeIgniter->runController(Object(App\Controllers\dieukhoang))
 6 SYSTEMPATH\CodeIgniter.php(351): CodeIgniter\CodeIgniter->handleRequest(null, Object(Config\Cache), false)
 7 FCPATH\index.php(67): CodeIgniter\CodeIgniter->run()
 8 SYSTEMPATH\Commands\Server\rewrite.php(46): require_once('FCPATH\\index.php')
CRITICAL - 2023-02-18 10:38:27 --> Invalid file: frontend/dieukhoan.php
in SYSTEMPATH\Exceptions\FrameworkException.php on line 33.
 1 SYSTEMPATH\View\View.php(201): CodeIgniter\Exceptions\FrameworkException::forInvalidFile('frontend/dieukhoan.php')
 2 SYSTEMPATH\Common.php(1134): CodeIgniter\View\View->render('frontend/dieukhoan', [], true)
 3 APPPATH\Controllers\dieukhoang.php(13): view('frontend/dieukhoan', [...])
 4 SYSTEMPATH\CodeIgniter.php(927): App\Controllers\dieukhoang->index()
 5 SYSTEMPATH\CodeIgniter.php(482): CodeIgniter\CodeIgniter->runController(Object(App\Controllers\dieukhoang))
 6 SYSTEMPATH\CodeIgniter.php(351): CodeIgniter\CodeIgniter->handleRequest(null, Object(Config\Cache), false)
 7 FCPATH\index.php(67): CodeIgniter\CodeIgniter->run()
 8 SYSTEMPATH\Commands\Server\rewrite.php(46): require_once('FCPATH\\index.php')
CRITICAL - 2023-02-18 10:38:27 --> Invalid file: frontend/dieukhoan.php
in SYSTEMPATH\Exceptions\FrameworkException.php on line 33.
 1 SYSTEMPATH\View\View.php(201): CodeIgniter\Exceptions\FrameworkException::forInvalidFile('frontend/dieukhoan.php')
 2 SYSTEMPATH\Common.php(1134): CodeIgniter\View\View->render('frontend/dieukhoan', [], true)
 3 APPPATH\Controllers\dieukhoang.php(13): view('frontend/dieukhoan', [...])
 4 SYSTEMPATH\CodeIgniter.php(927): App\Controllers\dieukhoang->index()
 5 SYSTEMPATH\CodeIgniter.php(482): CodeIgniter\CodeIgniter->runController(Object(App\Controllers\dieukhoang))
 6 SYSTEMPATH\CodeIgniter.php(351): CodeIgniter\CodeIgniter->handleRequest(null, Object(Config\Cache), false)
 7 FCPATH\index.php(67): CodeIgniter\CodeIgniter->run()
 8 SYSTEMPATH\Commands\Server\rewrite.php(46): require_once('FCPATH\\index.php')
CRITICAL - 2023-02-18 10:38:28 --> Invalid file: frontend/dieukhoan.php
in SYSTEMPATH\Exceptions\FrameworkException.php on line 33.
 1 SYSTEMPATH\View\View.php(201): CodeIgniter\Exceptions\FrameworkException::forInvalidFile('frontend/dieukhoan.php')
 2 SYSTEMPATH\Common.php(1134): CodeIgniter\View\View->render('frontend/dieukhoan', [], true)
 3 APPPATH\Controllers\dieukhoang.php(13): view('frontend/dieukhoan', [...])
 4 SYSTEMPATH\CodeIgniter.php(927): App\Controllers\dieukhoang->index()
 5 SYSTEMPATH\CodeIgniter.php(482): CodeIgniter\CodeIgniter->runController(Object(App\Controllers\dieukhoang))
 6 SYSTEMPATH\CodeIgniter.php(351): CodeIgniter\CodeIgniter->handleRequest(null, Object(Config\Cache), false)
 7 FCPATH\index.php(67): CodeIgniter\CodeIgniter->run()
 8 SYSTEMPATH\Commands\Server\rewrite.php(46): require_once('FCPATH\\index.php')
CRITICAL - 2023-02-18 10:38:33 --> Invalid file: frontend/dieukhoan.php
in SYSTEMPATH\Exceptions\FrameworkException.php on line 33.
 1 SYSTEMPATH\View\View.php(201): CodeIgniter\Exceptions\FrameworkException::forInvalidFile('frontend/dieukhoan.php')
 2 SYSTEMPATH\Common.php(1134): CodeIgniter\View\View->render('frontend/dieukhoan', [], true)
 3 APPPATH\Controllers\dieukhoang.php(13): view('frontend/dieukhoan', [...])
 4 SYSTEMPATH\CodeIgniter.php(927): App\Controllers\dieukhoang->index()
 5 SYSTEMPATH\CodeIgniter.php(482): CodeIgniter\CodeIgniter->runController(Object(App\Controllers\dieukhoang))
 6 SYSTEMPATH\CodeIgniter.php(351): CodeIgniter\CodeIgniter->handleRequest(null, Object(Config\Cache), false)
 7 FCPATH\index.php(67): CodeIgniter\CodeIgniter->run()
 8 SYSTEMPATH\Commands\Server\rewrite.php(46): require_once('FCPATH\\index.php')
CRITICAL - 2023-02-18 10:39:33 --> Invalid file: frontend/dieukhoan.php
in SYSTEMPATH\Exceptions\FrameworkException.php on line 33.
 1 SYSTEMPATH\View\View.php(201): CodeIgniter\Exceptions\FrameworkException::forInvalidFile('frontend/dieukhoan.php')
 2 SYSTEMPATH\Common.php(1134): CodeIgniter\View\View->render('frontend/dieukhoan', [], true)
 3 APPPATH\Controllers\dieukhoang.php(13): view('frontend/dieukhoan', [...])
 4 SYSTEMPATH\CodeIgniter.php(927): App\Controllers\dieukhoang->index()
 5 SYSTEMPATH\CodeIgniter.php(482): CodeIgniter\CodeIgniter->runController(Object(App\Controllers\dieukhoang))
 6 SYSTEMPATH\CodeIgniter.php(351): CodeIgniter\CodeIgniter->handleRequest(null, Object(Config\Cache), false)
 7 FCPATH\index.php(67): CodeIgniter\CodeIgniter->run()
 8 SYSTEMPATH\Commands\Server\rewrite.php(46): require_once('FCPATH\\index.php')
CRITICAL - 2023-02-18 10:39:34 --> Invalid file: frontend/dieukhoan.php
in SYSTEMPATH\Exceptions\FrameworkException.php on line 33.
 1 SYSTEMPATH\View\View.php(201): CodeIgniter\Exceptions\FrameworkException::forInvalidFile('frontend/dieukhoan.php')
 2 SYSTEMPATH\Common.php(1134): CodeIgniter\View\View->render('frontend/dieukhoan', [], true)
 3 APPPATH\Controllers\dieukhoang.php(13): view('frontend/dieukhoan', [...])
 4 SYSTEMPATH\CodeIgniter.php(927): App\Controllers\dieukhoang->index()
 5 SYSTEMPATH\CodeIgniter.php(482): CodeIgniter\CodeIgniter->runController(Object(App\Controllers\dieukhoang))
 6 SYSTEMPATH\CodeIgniter.php(351): CodeIgniter\CodeIgniter->handleRequest(null, Object(Config\Cache), false)
 7 FCPATH\index.php(67): CodeIgniter\CodeIgniter->run()
 8 SYSTEMPATH\Commands\Server\rewrite.php(46): require_once('FCPATH\\index.php')
CRITICAL - 2023-02-18 10:39:35 --> Invalid file: frontend/dieukhoan.php
in SYSTEMPATH\Exceptions\FrameworkException.php on line 33.
 1 SYSTEMPATH\View\View.php(201): CodeIgniter\Exceptions\FrameworkException::forInvalidFile('frontend/dieukhoan.php')
 2 SYSTEMPATH\Common.php(1134): CodeIgniter\View\View->render('frontend/dieukhoan', [], true)
 3 APPPATH\Controllers\dieukhoang.php(13): view('frontend/dieukhoan', [...])
 4 SYSTEMPATH\CodeIgniter.php(927): App\Controllers\dieukhoang->index()
 5 SYSTEMPATH\CodeIgniter.php(482): CodeIgniter\CodeIgniter->runController(Object(App\Controllers\dieukhoang))
 6 SYSTEMPATH\CodeIgniter.php(351): CodeIgniter\CodeIgniter->handleRequest(null, Object(Config\Cache), false)
 7 FCPATH\index.php(67): CodeIgniter\CodeIgniter->run()
 8 SYSTEMPATH\Commands\Server\rewrite.php(46): require_once('FCPATH\\index.php')
CRITICAL - 2023-02-18 10:39:35 --> Invalid file: frontend/dieukhoan.php
in SYSTEMPATH\Exceptions\FrameworkException.php on line 33.
 1 SYSTEMPATH\View\View.php(201): CodeIgniter\Exceptions\FrameworkException::forInvalidFile('frontend/dieukhoan.php')
 2 SYSTEMPATH\Common.php(1134): CodeIgniter\View\View->render('frontend/dieukhoan', [], true)
 3 APPPATH\Controllers\dieukhoang.php(13): view('frontend/dieukhoan', [...])
 4 SYSTEMPATH\CodeIgniter.php(927): App\Controllers\dieukhoang->index()
 5 SYSTEMPATH\CodeIgniter.php(482): CodeIgniter\CodeIgniter->runController(Object(App\Controllers\dieukhoang))
 6 SYSTEMPATH\CodeIgniter.php(351): CodeIgniter\CodeIgniter->handleRequest(null, Object(Config\Cache), false)
 7 FCPATH\index.php(67): CodeIgniter\CodeIgniter->run()
 8 SYSTEMPATH\Commands\Server\rewrite.php(46): require_once('FCPATH\\index.php')
CRITICAL - 2023-02-18 10:39:38 --> Invalid file: frontend/dieukhoan.php
in SYSTEMPATH\Exceptions\FrameworkException.php on line 33.
 1 SYSTEMPATH\View\View.php(201): CodeIgniter\Exceptions\FrameworkException::forInvalidFile('frontend/dieukhoan.php')
 2 SYSTEMPATH\Common.php(1134): CodeIgniter\View\View->render('frontend/dieukhoan', [], true)
 3 APPPATH\Controllers\dieukhoang.php(13): view('frontend/dieukhoan', [...])
 4 SYSTEMPATH\CodeIgniter.php(927): App\Controllers\dieukhoang->index()
 5 SYSTEMPATH\CodeIgniter.php(482): CodeIgniter\CodeIgniter->runController(Object(App\Controllers\dieukhoang))
 6 SYSTEMPATH\CodeIgniter.php(351): CodeIgniter\CodeIgniter->handleRequest(null, Object(Config\Cache), false)
 7 FCPATH\index.php(67): CodeIgniter\CodeIgniter->run()
 8 SYSTEMPATH\Commands\Server\rewrite.php(46): require_once('FCPATH\\index.php')
CRITICAL - 2023-02-18 10:40:13 --> Invalid file: frontend/dieukhoan.php
in SYSTEMPATH\Exceptions\FrameworkException.php on line 33.
 1 SYSTEMPATH\View\View.php(201): CodeIgniter\Exceptions\FrameworkException::forInvalidFile('frontend/dieukhoan.php')
 2 SYSTEMPATH\Common.php(1134): CodeIgniter\View\View->render('frontend/dieukhoan', [], true)
 3 APPPATH\Controllers\dieukhoang.php(13): view('frontend/dieukhoan', [...])
 4 SYSTEMPATH\CodeIgniter.php(927): App\Controllers\dieukhoang->index()
 5 SYSTEMPATH\CodeIgniter.php(482): CodeIgniter\CodeIgniter->runController(Object(App\Controllers\dieukhoang))
 6 SYSTEMPATH\CodeIgniter.php(351): CodeIgniter\CodeIgniter->handleRequest(null, Object(Config\Cache), false)
 7 FCPATH\index.php(67): CodeIgniter\CodeIgniter->run()
 8 SYSTEMPATH\Commands\Server\rewrite.php(46): require_once('FCPATH\\index.php')
CRITICAL - 2023-02-18 10:41:17 --> Invalid file: frontend/dieukhoan.php
in SYSTEMPATH\Exceptions\FrameworkException.php on line 33.
 1 SYSTEMPATH\View\View.php(201): CodeIgniter\Exceptions\FrameworkException::forInvalidFile('frontend/dieukhoan.php')
 2 SYSTEMPATH\Common.php(1134): CodeIgniter\View\View->render('frontend/dieukhoan', [], true)
 3 APPPATH\Controllers\dieukhoang.php(13): view('frontend/dieukhoan', [...])
 4 SYSTEMPATH\CodeIgniter.php(927): App\Controllers\dieukhoang->index()
 5 SYSTEMPATH\CodeIgniter.php(482): CodeIgniter\CodeIgniter->runController(Object(App\Controllers\dieukhoang))
 6 SYSTEMPATH\CodeIgniter.php(351): CodeIgniter\CodeIgniter->handleRequest(null, Object(Config\Cache), false)
 7 FCPATH\index.php(67): CodeIgniter\CodeIgniter->run()
 8 SYSTEMPATH\Commands\Server\rewrite.php(46): require_once('FCPATH\\index.php')
CRITICAL - 2023-02-18 10:42:11 --> Invalid file: frontend/dieukhoan.php
in SYSTEMPATH\Exceptions\FrameworkException.php on line 33.
 1 SYSTEMPATH\View\View.php(201): CodeIgniter\Exceptions\FrameworkException::forInvalidFile('frontend/dieukhoan.php')
 2 SYSTEMPATH\Common.php(1134): CodeIgniter\View\View->render('frontend/dieukhoan', [], true)
 3 APPPATH\Controllers\dieukhoang.php(13): view('frontend/dieukhoan', [...])
 4 SYSTEMPATH\CodeIgniter.php(927): App\Controllers\dieukhoang->index()
 5 SYSTEMPATH\CodeIgniter.php(482): CodeIgniter\CodeIgniter->runController(Object(App\Controllers\dieukhoang))
 6 SYSTEMPATH\CodeIgniter.php(351): CodeIgniter\CodeIgniter->handleRequest(null, Object(Config\Cache), false)
 7 FCPATH\index.php(67): CodeIgniter\CodeIgniter->run()
 8 SYSTEMPATH\Commands\Server\rewrite.php(46): require_once('FCPATH\\index.php')
CRITICAL - 2023-02-18 10:52:08 --> Invalid file: /admin/qlproduct/add.php
in SYSTEMPATH\Exceptions\FrameworkException.php on line 33.
 1 SYSTEMPATH\View\View.php(201): CodeIgniter\Exceptions\FrameworkException::forInvalidFile('/admin/qlproduct/add.php')
 2 SYSTEMPATH\Common.php(1134): CodeIgniter\View\View->render('/admin/qlproduct/add', [], true)
 3 APPPATH\Controllers\QLProductAdmin.php(61): view('/admin/qlproduct/add', [...])
 4 SYSTEMPATH\CodeIgniter.php(927): App\Controllers\QLProductAdmin->insert()
 5 SYSTEMPATH\CodeIgniter.php(482): CodeIgniter\CodeIgniter->runController(Object(App\Controllers\QLProductAdmin))
 6 SYSTEMPATH\CodeIgniter.php(351): CodeIgniter\CodeIgniter->handleRequest(null, Object(Config\Cache), false)
 7 FCPATH\index.php(67): CodeIgniter\CodeIgniter->run()
 8 SYSTEMPATH\Commands\Server\rewrite.php(46): require_once('FCPATH\\index.php')
CRITICAL - 2023-02-18 11:02:42 --> Trying to access array offset on value of type null
in APPPATH\Controllers\Cart.php on line 34.
 1 APPPATH\Controllers\Cart.php(34): CodeIgniter\Debug\Exceptions->errorHandler(2, 'Trying to access array offset on value of type null', 'APPPATH\\Controllers\\Cart.php', 34)
 2 SYSTEMPATH\CodeIgniter.php(927): App\Controllers\Cart->index('4')
 3 SYSTEMPATH\CodeIgniter.php(482): CodeIgniter\CodeIgniter->runController(Object(App\Controllers\Cart))
 4 SYSTEMPATH\CodeIgniter.php(351): CodeIgniter\CodeIgniter->handleRequest(null, Object(Config\Cache), false)
 5 FCPATH\index.php(67): CodeIgniter\CodeIgniter->run()
 6 SYSTEMPATH\Commands\Server\rewrite.php(46): require_once('FCPATH\\index.php')
CRITICAL - 2023-02-18 11:02:45 --> Trying to access array offset on value of type null
in APPPATH\Controllers\Cart.php on line 34.
 1 APPPATH\Controllers\Cart.php(34): CodeIgniter\Debug\Exceptions->errorHandler(2, 'Trying to access array offset on value of type null', 'APPPATH\\Controllers\\Cart.php', 34)
 2 SYSTEMPATH\CodeIgniter.php(927): App\Controllers\Cart->index('4')
 3 SYSTEMPATH\CodeIgniter.php(482): CodeIgniter\CodeIgniter->runController(Object(App\Controllers\Cart))
 4 SYSTEMPATH\CodeIgniter.php(351): CodeIgniter\CodeIgniter->handleRequest(null, Object(Config\Cache), false)
 5 FCPATH\index.php(67): CodeIgniter\CodeIgniter->run()
 6 SYSTEMPATH\Commands\Server\rewrite.php(46): require_once('FCPATH\\index.php')
CRITICAL - 2023-02-18 11:02:51 --> Trying to access array offset on value of type null
in APPPATH\Controllers\Cart.php on line 34.
 1 APPPATH\Controllers\Cart.php(34): CodeIgniter\Debug\Exceptions->errorHandler(2, 'Trying to access array offset on value of type null', 'APPPATH\\Controllers\\Cart.php', 34)
 2 SYSTEMPATH\CodeIgniter.php(927): App\Controllers\Cart->index('10')
 3 SYSTEMPATH\CodeIgniter.php(482): CodeIgniter\CodeIgniter->runController(Object(App\Controllers\Cart))
 4 SYSTEMPATH\CodeIgniter.php(351): CodeIgniter\CodeIgniter->handleRequest(null, Object(Config\Cache), false)
 5 FCPATH\index.php(67): CodeIgniter\CodeIgniter->run()
 6 SYSTEMPATH\Commands\Server\rewrite.php(46): require_once('FCPATH\\index.php')
CRITICAL - 2023-02-18 11:03:06 --> Trying to access array offset on value of type null
in APPPATH\Controllers\Cart.php on line 34.
 1 APPPATH\Controllers\Cart.php(34): CodeIgniter\Debug\Exceptions->errorHandler(2, 'Trying to access array offset on value of type null', 'APPPATH\\Controllers\\Cart.php', 34)
 2 SYSTEMPATH\CodeIgniter.php(927): App\Controllers\Cart->index('10')
 3 SYSTEMPATH\CodeIgniter.php(482): CodeIgniter\CodeIgniter->runController(Object(App\Controllers\Cart))
 4 SYSTEMPATH\CodeIgniter.php(351): CodeIgniter\CodeIgniter->handleRequest(null, Object(Config\Cache), false)
 5 FCPATH\index.php(67): CodeIgniter\CodeIgniter->run()
 6 SYSTEMPATH\Commands\Server\rewrite.php(46): require_once('FCPATH\\index.php')
