CRITICAL - 2023-02-08 19:31:43 --> Invalid file: /admin/qlproduct/add.php
in SYSTEMPATH\Exceptions\FrameworkException.php on line 33.
 1 SYSTEMPATH\View\View.php(201): CodeIgniter\Exceptions\FrameworkException::forInvalidFile('/admin/qlproduct/add.php')
 2 SYSTEMPATH\Common.php(1134): CodeIgniter\View\View->render('/admin/qlproduct/add', [], true)
 3 APPPATH\Controllers\QLProductAdmin.php(140): view('/admin/qlproduct/add', [...])
 4 SYSTEMPATH\CodeIgniter.php(927): App\Controllers\QLProductAdmin->edit()
 5 SYSTEMPATH\CodeIgniter.php(482): CodeIgniter\CodeIgniter->runController(Object(App\Controllers\QLProductAdmin))
 6 SYSTEMPATH\CodeIgniter.php(351): CodeIgniter\CodeIgniter->handleRequest(null, Object(Config\Cache), false)
 7 FCPATH\index.php(67): CodeIgniter\CodeIgniter->run()
 8 SYSTEMPATH\Commands\Server\rewrite.php(46): require_once('FCPATH\\index.php')
CRITICAL - 2023-02-08 19:31:45 --> Invalid file: /admin/qlproduct/add.php
in SYSTEMPATH\Exceptions\FrameworkException.php on line 33.
 1 SYSTEMPATH\View\View.php(201): CodeIgniter\Exceptions\FrameworkException::forInvalidFile('/admin/qlproduct/add.php')
 2 SYSTEMPATH\Common.php(1134): CodeIgniter\View\View->render('/admin/qlproduct/add', [], true)
 3 APPPATH\Controllers\QLProductAdmin.php(140): view('/admin/qlproduct/add', [...])
 4 SYSTEMPATH\CodeIgniter.php(927): App\Controllers\QLProductAdmin->edit()
 5 SYSTEMPATH\CodeIgniter.php(482): CodeIgniter\CodeIgniter->runController(Object(App\Controllers\QLProductAdmin))
 6 SYSTEMPATH\CodeIgniter.php(351): CodeIgniter\CodeIgniter->handleRequest(null, Object(Config\Cache), false)
 7 FCPATH\index.php(67): CodeIgniter\CodeIgniter->run()
 8 SYSTEMPATH\Commands\Server\rewrite.php(46): require_once('FCPATH\\index.php')
