CRITICAL - 2023-02-14 23:22:32 --> Invalid file: /admin/qlproduct/add.php
in SYSTEMPATH\Exceptions\FrameworkException.php on line 33.
 1 SYSTEMPATH\View\View.php(201): CodeIgniter\Exceptions\FrameworkException::forInvalidFile('/admin/qlproduct/add.php')
 2 SYSTEMPATH\Common.php(1134): CodeIgniter\View\View->render('/admin/qlproduct/add', [], true)
 3 APPPATH\Controllers\QLProductAdmin.php(140): view('/admin/qlproduct/add', [...])
 4 SYSTEMPATH\CodeIgniter.php(927): App\Controllers\QLProductAdmin->edit()
 5 SYSTEMPATH\CodeIgniter.php(482): CodeIgniter\CodeIgniter->runController(Object(App\Controllers\QLProductAdmin))
 6 SYSTEMPATH\CodeIgniter.php(351): CodeIgniter\CodeIgniter->handleRequest(null, Object(Config\Cache), false)
 7 FCPATH\index.php(67): CodeIgniter\CodeIgniter->run()
 8 SYSTEMPATH\Commands\Server\rewrite.php(46): require_once('FCPATH\\index.php')
CRITICAL - 2023-02-14 23:25:39 --> Undefined array key "cart"
in APPPATH\Controllers\Cart.php on line 169.
 1 APPPATH\Controllers\Cart.php(169): CodeIgniter\Debug\Exceptions->errorHandler(2, 'Undefined array key "cart"', 'APPPATH\\Controllers\\Cart.php', 169)
 2 APPPATH\Controllers\Cart.php(92): App\Controllers\Cart->formatArray([...])
 3 SYSTEMPATH\CodeIgniter.php(927): App\Controllers\Cart->form()
 4 SYSTEMPATH\CodeIgniter.php(482): CodeIgniter\CodeIgniter->runController(Object(App\Controllers\Cart))
 5 SYSTEMPATH\CodeIgniter.php(351): CodeIgniter\CodeIgniter->handleRequest(null, Object(Config\Cache), false)
 6 FCPATH\index.php(67): CodeIgniter\CodeIgniter->run()
 7 SYSTEMPATH\Commands\Server\rewrite.php(46): require_once('FCPATH\\index.php')
CRITICAL - 2023-02-14 23:25:42 --> foreach() argument must be of type array|object, null given
in APPPATH\Controllers\Cart.php on line 136.
 1 APPPATH\Controllers\Cart.php(136): CodeIgniter\Debug\Exceptions->errorHandler(2, 'foreach() argument must be of type array|object, null given', 'APPPATH\\Controllers\\Cart.php', 136)
 2 SYSTEMPATH\CodeIgniter.php(927): App\Controllers\Cart->form()
 3 SYSTEMPATH\CodeIgniter.php(482): CodeIgniter\CodeIgniter->runController(Object(App\Controllers\Cart))
 4 SYSTEMPATH\CodeIgniter.php(351): CodeIgniter\CodeIgniter->handleRequest(null, Object(Config\Cache), false)
 5 FCPATH\index.php(67): CodeIgniter\CodeIgniter->run()
 6 SYSTEMPATH\Commands\Server\rewrite.php(46): require_once('FCPATH\\index.php')
