ERROR - 2023-03-04 06:45:56 --> Error connecting to the database: mysqli_sql_exception: No connection could be made because the target machine actively refused it in C:\xampp\htdocs\productweb\system\Database\MySQLi\Connection.php:171
Stack trace:
#0 C:\xampp\htdocs\productweb\system\Database\MySQLi\Connection.php(171): mysqli->real_connect('localhost', 'root', '', 'psales', 3306, '', 0)
#1 C:\xampp\htdocs\productweb\system\Database\BaseConnection.php(382): CodeIgniter\Database\MySQLi\Connection->connect(false)
#2 C:\xampp\htdocs\productweb\system\Database\BaseConnection.php(561): CodeIgniter\Database\BaseConnection->initialize()
#3 C:\xampp\htdocs\productweb\system\Database\BaseBuilder.php(1585): CodeIgniter\Database\BaseConnection->query('SELECT *\nFROM `...', Array, false)
#4 C:\xampp\htdocs\productweb\system\Model.php(223): CodeIgniter\Database\BaseBuilder->get()
#5 C:\xampp\htdocs\productweb\system\BaseModel.php(585): CodeIgniter\Model->doFindAll(0, 0)
#6 C:\xampp\htdocs\productweb\app\Models\contactmodel.php(15): CodeIgniter\BaseModel->findAll()
#7 C:\xampp\htdocs\productweb\app\Controllers\contact.php(13): App\Models\contactmodel->getAll()
#8 C:\xampp\htdocs\productweb\system\CodeIgniter.php(927): App\Controllers\contact->index()
#9 C:\xampp\htdocs\productweb\system\CodeIgniter.php(482): CodeIgniter\CodeIgniter->runController(Object(App\Controllers\contact))
#10 C:\xampp\htdocs\productweb\system\CodeIgniter.php(351): CodeIgniter\CodeIgniter->handleRequest(NULL, Object(Config\Cache), false)
#11 C:\xampp\htdocs\productweb\public\index.php(67): CodeIgniter\CodeIgniter->run()
#12 C:\xampp\htdocs\productweb\system\Commands\Server\rewrite.php(46): require_once('C:\\xampp\\htdocs...')
#13 {main}

Next CodeIgniter\Database\Exceptions\DatabaseException: No connection could be made because the target machine actively refused it in C:\xampp\htdocs\productweb\system\Database\MySQLi\Connection.php:215
Stack trace:
#0 C:\xampp\htdocs\productweb\system\Database\BaseConnection.php(382): CodeIgniter\Database\MySQLi\Connection->connect(false)
#1 C:\xampp\htdocs\productweb\system\Database\BaseConnection.php(561): CodeIgniter\Database\BaseConnection->initialize()
#2 C:\xampp\htdocs\productweb\system\Database\BaseBuilder.php(1585): CodeIgniter\Database\BaseConnection->query('SELECT *\nFROM `...', Array, false)
#3 C:\xampp\htdocs\productweb\system\Model.php(223): CodeIgniter\Database\BaseBuilder->get()
#4 C:\xampp\htdocs\productweb\system\BaseModel.php(585): CodeIgniter\Model->doFindAll(0, 0)
#5 C:\xampp\htdocs\productweb\app\Models\contactmodel.php(15): CodeIgniter\BaseModel->findAll()
#6 C:\xampp\htdocs\productweb\app\Controllers\contact.php(13): App\Models\contactmodel->getAll()
#7 C:\xampp\htdocs\productweb\system\CodeIgniter.php(927): App\Controllers\contact->index()
#8 C:\xampp\htdocs\productweb\system\CodeIgniter.php(482): CodeIgniter\CodeIgniter->runController(Object(App\Controllers\contact))
#9 C:\xampp\htdocs\productweb\system\CodeIgniter.php(351): CodeIgniter\CodeIgniter->handleRequest(NULL, Object(Config\Cache), false)
#10 C:\xampp\htdocs\productweb\public\index.php(67): CodeIgniter\CodeIgniter->run()
#11 C:\xampp\htdocs\productweb\system\Commands\Server\rewrite.php(46): require_once('C:\\xampp\\htdocs...')
#12 {main}
CRITICAL - 2023-03-04 06:45:56 --> Unable to connect to the database.
Main connection [MySQLi]: No connection could be made because the target machine actively refused it
in SYSTEMPATH\Database\BaseConnection.php on line 418.
 1 SYSTEMPATH\Database\BaseConnection.php(561): CodeIgniter\Database\BaseConnection->initialize()
 2 SYSTEMPATH\Database\BaseBuilder.php(1585): CodeIgniter\Database\BaseConnection->query('SELECT *
FROM `contact`
ORDER BY `id` ASC', [], false)
 3 SYSTEMPATH\Model.php(223): CodeIgniter\Database\BaseBuilder->get()
 4 SYSTEMPATH\BaseModel.php(585): CodeIgniter\Model->doFindAll(0, 0)
 5 APPPATH\Models\contactmodel.php(15): CodeIgniter\BaseModel->findAll()
 6 APPPATH\Controllers\contact.php(13): App\Models\contactmodel->getAll()
 7 SYSTEMPATH\CodeIgniter.php(927): App\Controllers\contact->index()
 8 SYSTEMPATH\CodeIgniter.php(482): CodeIgniter\CodeIgniter->runController(Object(App\Controllers\contact))
 9 SYSTEMPATH\CodeIgniter.php(351): CodeIgniter\CodeIgniter->handleRequest(null, Object(Config\Cache), false)
10 FCPATH\index.php(67): CodeIgniter\CodeIgniter->run()
11 SYSTEMPATH\Commands\Server\rewrite.php(46): require_once('FCPATH\\index.php')
ERROR - 2023-03-04 06:46:01 --> Error connecting to the database: mysqli_sql_exception: No connection could be made because the target machine actively refused it in C:\xampp\htdocs\productweb\system\Database\MySQLi\Connection.php:171
Stack trace:
#0 C:\xampp\htdocs\productweb\system\Database\MySQLi\Connection.php(171): mysqli->real_connect('localhost', 'root', '', 'psales', 3306, '', 0)
#1 C:\xampp\htdocs\productweb\system\Database\BaseConnection.php(382): CodeIgniter\Database\MySQLi\Connection->connect(false)
#2 C:\xampp\htdocs\productweb\system\Database\BaseConnection.php(561): CodeIgniter\Database\BaseConnection->initialize()
#3 C:\xampp\htdocs\productweb\system\Database\BaseBuilder.php(1585): CodeIgniter\Database\BaseConnection->query('SELECT *\nFROM `...', Array, false)
#4 C:\xampp\htdocs\productweb\system\Model.php(223): CodeIgniter\Database\BaseBuilder->get()
#5 C:\xampp\htdocs\productweb\system\BaseModel.php(585): CodeIgniter\Model->doFindAll(5, 0)
#6 C:\xampp\htdocs\productweb\app\Models\ProductsModel.php(45): CodeIgniter\BaseModel->findAll(5, 0)
#7 C:\xampp\htdocs\productweb\app\Controllers\ProductFrontend.php(25): App\Models\ProductsModel->getAllDataLimit(0, 5)
#8 C:\xampp\htdocs\productweb\system\CodeIgniter.php(927): App\Controllers\ProductFrontend->index()
#9 C:\xampp\htdocs\productweb\system\CodeIgniter.php(482): CodeIgniter\CodeIgniter->runController(Object(App\Controllers\ProductFrontend))
#10 C:\xampp\htdocs\productweb\system\CodeIgniter.php(351): CodeIgniter\CodeIgniter->handleRequest(NULL, Object(Config\Cache), false)
#11 C:\xampp\htdocs\productweb\public\index.php(67): CodeIgniter\CodeIgniter->run()
#12 C:\xampp\htdocs\productweb\system\Commands\Server\rewrite.php(46): require_once('C:\\xampp\\htdocs...')
#13 {main}

Next CodeIgniter\Database\Exceptions\DatabaseException: No connection could be made because the target machine actively refused it in C:\xampp\htdocs\productweb\system\Database\MySQLi\Connection.php:215
Stack trace:
#0 C:\xampp\htdocs\productweb\system\Database\BaseConnection.php(382): CodeIgniter\Database\MySQLi\Connection->connect(false)
#1 C:\xampp\htdocs\productweb\system\Database\BaseConnection.php(561): CodeIgniter\Database\BaseConnection->initialize()
#2 C:\xampp\htdocs\productweb\system\Database\BaseBuilder.php(1585): CodeIgniter\Database\BaseConnection->query('SELECT *\nFROM `...', Array, false)
#3 C:\xampp\htdocs\productweb\system\Model.php(223): CodeIgniter\Database\BaseBuilder->get()
#4 C:\xampp\htdocs\productweb\system\BaseModel.php(585): CodeIgniter\Model->doFindAll(5, 0)
#5 C:\xampp\htdocs\productweb\app\Models\ProductsModel.php(45): CodeIgniter\BaseModel->findAll(5, 0)
#6 C:\xampp\htdocs\productweb\app\Controllers\ProductFrontend.php(25): App\Models\ProductsModel->getAllDataLimit(0, 5)
#7 C:\xampp\htdocs\productweb\system\CodeIgniter.php(927): App\Controllers\ProductFrontend->index()
#8 C:\xampp\htdocs\productweb\system\CodeIgniter.php(482): CodeIgniter\CodeIgniter->runController(Object(App\Controllers\ProductFrontend))
#9 C:\xampp\htdocs\productweb\system\CodeIgniter.php(351): CodeIgniter\CodeIgniter->handleRequest(NULL, Object(Config\Cache), false)
#10 C:\xampp\htdocs\productweb\public\index.php(67): CodeIgniter\CodeIgniter->run()
#11 C:\xampp\htdocs\productweb\system\Commands\Server\rewrite.php(46): require_once('C:\\xampp\\htdocs...')
#12 {main}
CRITICAL - 2023-03-04 06:46:01 --> Unable to connect to the database.
Main connection [MySQLi]: No connection could be made because the target machine actively refused it
in SYSTEMPATH\Database\BaseConnection.php on line 418.
 1 SYSTEMPATH\Database\BaseConnection.php(561): CodeIgniter\Database\BaseConnection->initialize()
 2 SYSTEMPATH\Database\BaseBuilder.php(1585): CodeIgniter\Database\BaseConnection->query('SELECT *
FROM `san_pham`
ORDER BY `id` ASC
 LIMIT 5', [], false)
 3 SYSTEMPATH\Model.php(223): CodeIgniter\Database\BaseBuilder->get()
 4 SYSTEMPATH\BaseModel.php(585): CodeIgniter\Model->doFindAll(5, 0)
 5 APPPATH\Models\ProductsModel.php(45): CodeIgniter\BaseModel->findAll(5, 0)
 6 APPPATH\Controllers\ProductFrontend.php(25): App\Models\ProductsModel->getAllDataLimit(0, 5)
 7 SYSTEMPATH\CodeIgniter.php(927): App\Controllers\ProductFrontend->index()
 8 SYSTEMPATH\CodeIgniter.php(482): CodeIgniter\CodeIgniter->runController(Object(App\Controllers\ProductFrontend))
 9 SYSTEMPATH\CodeIgniter.php(351): CodeIgniter\CodeIgniter->handleRequest(null, Object(Config\Cache), false)
10 FCPATH\index.php(67): CodeIgniter\CodeIgniter->run()
11 SYSTEMPATH\Commands\Server\rewrite.php(46): require_once('FCPATH\\index.php')
ERROR - 2023-03-04 06:46:05 --> Error connecting to the database: mysqli_sql_exception: No connection could be made because the target machine actively refused it in C:\xampp\htdocs\productweb\system\Database\MySQLi\Connection.php:171
Stack trace:
#0 C:\xampp\htdocs\productweb\system\Database\MySQLi\Connection.php(171): mysqli->real_connect('localhost', 'root', '', 'psales', 3306, '', 0)
#1 C:\xampp\htdocs\productweb\system\Database\BaseConnection.php(382): CodeIgniter\Database\MySQLi\Connection->connect(false)
#2 C:\xampp\htdocs\productweb\system\Database\BaseConnection.php(561): CodeIgniter\Database\BaseConnection->initialize()
#3 C:\xampp\htdocs\productweb\system\Database\BaseBuilder.php(1585): CodeIgniter\Database\BaseConnection->query('SELECT *\nFROM `...', Array, false)
#4 C:\xampp\htdocs\productweb\system\Model.php(223): CodeIgniter\Database\BaseBuilder->get()
#5 C:\xampp\htdocs\productweb\system\BaseModel.php(585): CodeIgniter\Model->doFindAll(0, 0)
#6 C:\xampp\htdocs\productweb\app\Models\contactmodel.php(15): CodeIgniter\BaseModel->findAll()
#7 C:\xampp\htdocs\productweb\app\Controllers\contact.php(13): App\Models\contactmodel->getAll()
#8 C:\xampp\htdocs\productweb\system\CodeIgniter.php(927): App\Controllers\contact->index()
#9 C:\xampp\htdocs\productweb\system\CodeIgniter.php(482): CodeIgniter\CodeIgniter->runController(Object(App\Controllers\contact))
#10 C:\xampp\htdocs\productweb\system\CodeIgniter.php(351): CodeIgniter\CodeIgniter->handleRequest(NULL, Object(Config\Cache), false)
#11 C:\xampp\htdocs\productweb\public\index.php(67): CodeIgniter\CodeIgniter->run()
#12 C:\xampp\htdocs\productweb\system\Commands\Server\rewrite.php(46): require_once('C:\\xampp\\htdocs...')
#13 {main}

Next CodeIgniter\Database\Exceptions\DatabaseException: No connection could be made because the target machine actively refused it in C:\xampp\htdocs\productweb\system\Database\MySQLi\Connection.php:215
Stack trace:
#0 C:\xampp\htdocs\productweb\system\Database\BaseConnection.php(382): CodeIgniter\Database\MySQLi\Connection->connect(false)
#1 C:\xampp\htdocs\productweb\system\Database\BaseConnection.php(561): CodeIgniter\Database\BaseConnection->initialize()
#2 C:\xampp\htdocs\productweb\system\Database\BaseBuilder.php(1585): CodeIgniter\Database\BaseConnection->query('SELECT *\nFROM `...', Array, false)
#3 C:\xampp\htdocs\productweb\system\Model.php(223): CodeIgniter\Database\BaseBuilder->get()
#4 C:\xampp\htdocs\productweb\system\BaseModel.php(585): CodeIgniter\Model->doFindAll(0, 0)
#5 C:\xampp\htdocs\productweb\app\Models\contactmodel.php(15): CodeIgniter\BaseModel->findAll()
#6 C:\xampp\htdocs\productweb\app\Controllers\contact.php(13): App\Models\contactmodel->getAll()
#7 C:\xampp\htdocs\productweb\system\CodeIgniter.php(927): App\Controllers\contact->index()
#8 C:\xampp\htdocs\productweb\system\CodeIgniter.php(482): CodeIgniter\CodeIgniter->runController(Object(App\Controllers\contact))
#9 C:\xampp\htdocs\productweb\system\CodeIgniter.php(351): CodeIgniter\CodeIgniter->handleRequest(NULL, Object(Config\Cache), false)
#10 C:\xampp\htdocs\productweb\public\index.php(67): CodeIgniter\CodeIgniter->run()
#11 C:\xampp\htdocs\productweb\system\Commands\Server\rewrite.php(46): require_once('C:\\xampp\\htdocs...')
#12 {main}
CRITICAL - 2023-03-04 06:46:05 --> Unable to connect to the database.
Main connection [MySQLi]: No connection could be made because the target machine actively refused it
in SYSTEMPATH\Database\BaseConnection.php on line 418.
 1 SYSTEMPATH\Database\BaseConnection.php(561): CodeIgniter\Database\BaseConnection->initialize()
 2 SYSTEMPATH\Database\BaseBuilder.php(1585): CodeIgniter\Database\BaseConnection->query('SELECT *
FROM `contact`
ORDER BY `id` ASC', [], false)
 3 SYSTEMPATH\Model.php(223): CodeIgniter\Database\BaseBuilder->get()
 4 SYSTEMPATH\BaseModel.php(585): CodeIgniter\Model->doFindAll(0, 0)
 5 APPPATH\Models\contactmodel.php(15): CodeIgniter\BaseModel->findAll()
 6 APPPATH\Controllers\contact.php(13): App\Models\contactmodel->getAll()
 7 SYSTEMPATH\CodeIgniter.php(927): App\Controllers\contact->index()
 8 SYSTEMPATH\CodeIgniter.php(482): CodeIgniter\CodeIgniter->runController(Object(App\Controllers\contact))
 9 SYSTEMPATH\CodeIgniter.php(351): CodeIgniter\CodeIgniter->handleRequest(null, Object(Config\Cache), false)
10 FCPATH\index.php(67): CodeIgniter\CodeIgniter->run()
11 SYSTEMPATH\Commands\Server\rewrite.php(46): require_once('FCPATH\\index.php')
ERROR - 2023-03-04 06:46:13 --> Error connecting to the database: mysqli_sql_exception: No connection could be made because the target machine actively refused it in C:\xampp\htdocs\productweb\system\Database\MySQLi\Connection.php:171
Stack trace:
#0 C:\xampp\htdocs\productweb\system\Database\MySQLi\Connection.php(171): mysqli->real_connect('localhost', 'root', '', 'psales', 3306, '', 0)
#1 C:\xampp\htdocs\productweb\system\Database\BaseConnection.php(382): CodeIgniter\Database\MySQLi\Connection->connect(false)
#2 C:\xampp\htdocs\productweb\system\Database\BaseConnection.php(561): CodeIgniter\Database\BaseConnection->initialize()
#3 C:\xampp\htdocs\productweb\system\Database\BaseBuilder.php(1585): CodeIgniter\Database\BaseConnection->query('SELECT *\nFROM `...', Array, false)
#4 C:\xampp\htdocs\productweb\system\Model.php(223): CodeIgniter\Database\BaseBuilder->get()
#5 C:\xampp\htdocs\productweb\system\BaseModel.php(585): CodeIgniter\Model->doFindAll(5, 0)
#6 C:\xampp\htdocs\productweb\app\Models\ProductsModel.php(45): CodeIgniter\BaseModel->findAll(5, 0)
#7 C:\xampp\htdocs\productweb\app\Controllers\ProductFrontend.php(25): App\Models\ProductsModel->getAllDataLimit(0, 5)
#8 C:\xampp\htdocs\productweb\system\CodeIgniter.php(927): App\Controllers\ProductFrontend->index()
#9 C:\xampp\htdocs\productweb\system\CodeIgniter.php(482): CodeIgniter\CodeIgniter->runController(Object(App\Controllers\ProductFrontend))
#10 C:\xampp\htdocs\productweb\system\CodeIgniter.php(351): CodeIgniter\CodeIgniter->handleRequest(NULL, Object(Config\Cache), false)
#11 C:\xampp\htdocs\productweb\public\index.php(67): CodeIgniter\CodeIgniter->run()
#12 C:\xampp\htdocs\productweb\system\Commands\Server\rewrite.php(46): require_once('C:\\xampp\\htdocs...')
#13 {main}

Next CodeIgniter\Database\Exceptions\DatabaseException: No connection could be made because the target machine actively refused it in C:\xampp\htdocs\productweb\system\Database\MySQLi\Connection.php:215
Stack trace:
#0 C:\xampp\htdocs\productweb\system\Database\BaseConnection.php(382): CodeIgniter\Database\MySQLi\Connection->connect(false)
#1 C:\xampp\htdocs\productweb\system\Database\BaseConnection.php(561): CodeIgniter\Database\BaseConnection->initialize()
#2 C:\xampp\htdocs\productweb\system\Database\BaseBuilder.php(1585): CodeIgniter\Database\BaseConnection->query('SELECT *\nFROM `...', Array, false)
#3 C:\xampp\htdocs\productweb\system\Model.php(223): CodeIgniter\Database\BaseBuilder->get()
#4 C:\xampp\htdocs\productweb\system\BaseModel.php(585): CodeIgniter\Model->doFindAll(5, 0)
#5 C:\xampp\htdocs\productweb\app\Models\ProductsModel.php(45): CodeIgniter\BaseModel->findAll(5, 0)
#6 C:\xampp\htdocs\productweb\app\Controllers\ProductFrontend.php(25): App\Models\ProductsModel->getAllDataLimit(0, 5)
#7 C:\xampp\htdocs\productweb\system\CodeIgniter.php(927): App\Controllers\ProductFrontend->index()
#8 C:\xampp\htdocs\productweb\system\CodeIgniter.php(482): CodeIgniter\CodeIgniter->runController(Object(App\Controllers\ProductFrontend))
#9 C:\xampp\htdocs\productweb\system\CodeIgniter.php(351): CodeIgniter\CodeIgniter->handleRequest(NULL, Object(Config\Cache), false)
#10 C:\xampp\htdocs\productweb\public\index.php(67): CodeIgniter\CodeIgniter->run()
#11 C:\xampp\htdocs\productweb\system\Commands\Server\rewrite.php(46): require_once('C:\\xampp\\htdocs...')
#12 {main}
CRITICAL - 2023-03-04 06:46:13 --> Unable to connect to the database.
Main connection [MySQLi]: No connection could be made because the target machine actively refused it
in SYSTEMPATH\Database\BaseConnection.php on line 418.
 1 SYSTEMPATH\Database\BaseConnection.php(561): CodeIgniter\Database\BaseConnection->initialize()
 2 SYSTEMPATH\Database\BaseBuilder.php(1585): CodeIgniter\Database\BaseConnection->query('SELECT *
FROM `san_pham`
ORDER BY `id` ASC
 LIMIT 5', [], false)
 3 SYSTEMPATH\Model.php(223): CodeIgniter\Database\BaseBuilder->get()
 4 SYSTEMPATH\BaseModel.php(585): CodeIgniter\Model->doFindAll(5, 0)
 5 APPPATH\Models\ProductsModel.php(45): CodeIgniter\BaseModel->findAll(5, 0)
 6 APPPATH\Controllers\ProductFrontend.php(25): App\Models\ProductsModel->getAllDataLimit(0, 5)
 7 SYSTEMPATH\CodeIgniter.php(927): App\Controllers\ProductFrontend->index()
 8 SYSTEMPATH\CodeIgniter.php(482): CodeIgniter\CodeIgniter->runController(Object(App\Controllers\ProductFrontend))
 9 SYSTEMPATH\CodeIgniter.php(351): CodeIgniter\CodeIgniter->handleRequest(null, Object(Config\Cache), false)
10 FCPATH\index.php(67): CodeIgniter\CodeIgniter->run()
11 SYSTEMPATH\Commands\Server\rewrite.php(46): require_once('FCPATH\\index.php')
ERROR - 2023-03-04 06:46:17 --> Error connecting to the database: mysqli_sql_exception: No connection could be made because the target machine actively refused it in C:\xampp\htdocs\productweb\system\Database\MySQLi\Connection.php:171
Stack trace:
#0 C:\xampp\htdocs\productweb\system\Database\MySQLi\Connection.php(171): mysqli->real_connect('localhost', 'root', '', 'psales', 3306, '', 0)
#1 C:\xampp\htdocs\productweb\system\Database\BaseConnection.php(382): CodeIgniter\Database\MySQLi\Connection->connect(false)
#2 C:\xampp\htdocs\productweb\system\Database\BaseConnection.php(561): CodeIgniter\Database\BaseConnection->initialize()
#3 C:\xampp\htdocs\productweb\system\Database\BaseBuilder.php(1585): CodeIgniter\Database\BaseConnection->query('SELECT *\nFROM `...', Array, false)
#4 C:\xampp\htdocs\productweb\system\Model.php(223): CodeIgniter\Database\BaseBuilder->get()
#5 C:\xampp\htdocs\productweb\system\BaseModel.php(585): CodeIgniter\Model->doFindAll(5, 0)
#6 C:\xampp\htdocs\productweb\app\Models\ProductsModel.php(45): CodeIgniter\BaseModel->findAll(5, 0)
#7 C:\xampp\htdocs\productweb\app\Controllers\ProductFrontend.php(25): App\Models\ProductsModel->getAllDataLimit(0, 5)
#8 C:\xampp\htdocs\productweb\system\CodeIgniter.php(927): App\Controllers\ProductFrontend->index()
#9 C:\xampp\htdocs\productweb\system\CodeIgniter.php(482): CodeIgniter\CodeIgniter->runController(Object(App\Controllers\ProductFrontend))
#10 C:\xampp\htdocs\productweb\system\CodeIgniter.php(351): CodeIgniter\CodeIgniter->handleRequest(NULL, Object(Config\Cache), false)
#11 C:\xampp\htdocs\productweb\public\index.php(67): CodeIgniter\CodeIgniter->run()
#12 C:\xampp\htdocs\productweb\system\Commands\Server\rewrite.php(46): require_once('C:\\xampp\\htdocs...')
#13 {main}

Next CodeIgniter\Database\Exceptions\DatabaseException: No connection could be made because the target machine actively refused it in C:\xampp\htdocs\productweb\system\Database\MySQLi\Connection.php:215
Stack trace:
#0 C:\xampp\htdocs\productweb\system\Database\BaseConnection.php(382): CodeIgniter\Database\MySQLi\Connection->connect(false)
#1 C:\xampp\htdocs\productweb\system\Database\BaseConnection.php(561): CodeIgniter\Database\BaseConnection->initialize()
#2 C:\xampp\htdocs\productweb\system\Database\BaseBuilder.php(1585): CodeIgniter\Database\BaseConnection->query('SELECT *\nFROM `...', Array, false)
#3 C:\xampp\htdocs\productweb\system\Model.php(223): CodeIgniter\Database\BaseBuilder->get()
#4 C:\xampp\htdocs\productweb\system\BaseModel.php(585): CodeIgniter\Model->doFindAll(5, 0)
#5 C:\xampp\htdocs\productweb\app\Models\ProductsModel.php(45): CodeIgniter\BaseModel->findAll(5, 0)
#6 C:\xampp\htdocs\productweb\app\Controllers\ProductFrontend.php(25): App\Models\ProductsModel->getAllDataLimit(0, 5)
#7 C:\xampp\htdocs\productweb\system\CodeIgniter.php(927): App\Controllers\ProductFrontend->index()
#8 C:\xampp\htdocs\productweb\system\CodeIgniter.php(482): CodeIgniter\CodeIgniter->runController(Object(App\Controllers\ProductFrontend))
#9 C:\xampp\htdocs\productweb\system\CodeIgniter.php(351): CodeIgniter\CodeIgniter->handleRequest(NULL, Object(Config\Cache), false)
#10 C:\xampp\htdocs\productweb\public\index.php(67): CodeIgniter\CodeIgniter->run()
#11 C:\xampp\htdocs\productweb\system\Commands\Server\rewrite.php(46): require_once('C:\\xampp\\htdocs...')
#12 {main}
CRITICAL - 2023-03-04 06:46:18 --> Unable to connect to the database.
Main connection [MySQLi]: No connection could be made because the target machine actively refused it
in SYSTEMPATH\Database\BaseConnection.php on line 418.
 1 SYSTEMPATH\Database\BaseConnection.php(561): CodeIgniter\Database\BaseConnection->initialize()
 2 SYSTEMPATH\Database\BaseBuilder.php(1585): CodeIgniter\Database\BaseConnection->query('SELECT *
FROM `san_pham`
ORDER BY `id` ASC
 LIMIT 5', [], false)
 3 SYSTEMPATH\Model.php(223): CodeIgniter\Database\BaseBuilder->get()
 4 SYSTEMPATH\BaseModel.php(585): CodeIgniter\Model->doFindAll(5, 0)
 5 APPPATH\Models\ProductsModel.php(45): CodeIgniter\BaseModel->findAll(5, 0)
 6 APPPATH\Controllers\ProductFrontend.php(25): App\Models\ProductsModel->getAllDataLimit(0, 5)
 7 SYSTEMPATH\CodeIgniter.php(927): App\Controllers\ProductFrontend->index()
 8 SYSTEMPATH\CodeIgniter.php(482): CodeIgniter\CodeIgniter->runController(Object(App\Controllers\ProductFrontend))
 9 SYSTEMPATH\CodeIgniter.php(351): CodeIgniter\CodeIgniter->handleRequest(null, Object(Config\Cache), false)
10 FCPATH\index.php(67): CodeIgniter\CodeIgniter->run()
11 SYSTEMPATH\Commands\Server\rewrite.php(46): require_once('FCPATH\\index.php')
