CRITICAL - 2023-02-12 01:53:16 --> Invalid file: /admin/qlproduct/add.php
in SYSTEMPATH\Exceptions\FrameworkException.php on line 33.
 1 SYSTEMPATH\View\View.php(201): CodeIgniter\Exceptions\FrameworkException::forInvalidFile('/admin/qlproduct/add.php')
 2 SYSTEMPATH\Common.php(1134): CodeIgniter\View\View->render('/admin/qlproduct/add', [], true)
 3 APPPATH\Controllers\QLProductAdmin.php(61): view('/admin/qlproduct/add', [...])
 4 SYSTEMPATH\CodeIgniter.php(927): App\Controllers\QLProductAdmin->insert()
 5 SYSTEMPATH\CodeIgniter.php(482): CodeIgniter\CodeIgniter->runController(Object(App\Controllers\QLProductAdmin))
 6 SYSTEMPATH\CodeIgniter.php(351): CodeIgniter\CodeIgniter->handleRequest(null, Object(Config\Cache), false)
 7 FCPATH\index.php(67): CodeIgniter\CodeIgniter->run()
 8 SYSTEMPATH\Commands\Server\rewrite.php(46): require_once('FCPATH\\index.php')
CRITICAL - 2023-02-12 01:53:20 --> Invalid file: /admin/qlproduct/add.php
in SYSTEMPATH\Exceptions\FrameworkException.php on line 33.
 1 SYSTEMPATH\View\View.php(201): CodeIgniter\Exceptions\FrameworkException::forInvalidFile('/admin/qlproduct/add.php')
 2 SYSTEMPATH\Common.php(1134): CodeIgniter\View\View->render('/admin/qlproduct/add', [], true)
 3 APPPATH\Controllers\QLProductAdmin.php(61): view('/admin/qlproduct/add', [...])
 4 SYSTEMPATH\CodeIgniter.php(927): App\Controllers\QLProductAdmin->insert()
 5 SYSTEMPATH\CodeIgniter.php(482): CodeIgniter\CodeIgniter->runController(Object(App\Controllers\QLProductAdmin))
 6 SYSTEMPATH\CodeIgniter.php(351): CodeIgniter\CodeIgniter->handleRequest(null, Object(Config\Cache), false)
 7 FCPATH\index.php(67): CodeIgniter\CodeIgniter->run()
 8 SYSTEMPATH\Commands\Server\rewrite.php(46): require_once('FCPATH\\index.php')
CRITICAL - 2023-02-12 02:27:39 --> Invalid file: /admin/qlproduct/add.php
in SYSTEMPATH\Exceptions\FrameworkException.php on line 33.
 1 SYSTEMPATH\View\View.php(201): CodeIgniter\Exceptions\FrameworkException::forInvalidFile('/admin/qlproduct/add.php')
 2 SYSTEMPATH\Common.php(1134): CodeIgniter\View\View->render('/admin/qlproduct/add', [], true)
 3 APPPATH\Controllers\QLProductAdmin.php(61): view('/admin/qlproduct/add', [...])
 4 SYSTEMPATH\CodeIgniter.php(927): App\Controllers\QLProductAdmin->insert()
 5 SYSTEMPATH\CodeIgniter.php(482): CodeIgniter\CodeIgniter->runController(Object(App\Controllers\QLProductAdmin))
 6 SYSTEMPATH\CodeIgniter.php(351): CodeIgniter\CodeIgniter->handleRequest(null, Object(Config\Cache), false)
 7 FCPATH\index.php(67): CodeIgniter\CodeIgniter->run()
 8 SYSTEMPATH\Commands\Server\rewrite.php(46): require_once('FCPATH\\index.php')
CRITICAL - 2023-02-12 02:27:46 --> Invalid file: /admin/qlproduct/add.php
in SYSTEMPATH\Exceptions\FrameworkException.php on line 33.
 1 SYSTEMPATH\View\View.php(201): CodeIgniter\Exceptions\FrameworkException::forInvalidFile('/admin/qlproduct/add.php')
 2 SYSTEMPATH\Common.php(1134): CodeIgniter\View\View->render('/admin/qlproduct/add', [], true)
 3 APPPATH\Controllers\QLProductAdmin.php(61): view('/admin/qlproduct/add', [...])
 4 SYSTEMPATH\CodeIgniter.php(927): App\Controllers\QLProductAdmin->insert()
 5 SYSTEMPATH\CodeIgniter.php(482): CodeIgniter\CodeIgniter->runController(Object(App\Controllers\QLProductAdmin))
 6 SYSTEMPATH\CodeIgniter.php(351): CodeIgniter\CodeIgniter->handleRequest(null, Object(Config\Cache), false)
 7 FCPATH\index.php(67): CodeIgniter\CodeIgniter->run()
 8 SYSTEMPATH\Commands\Server\rewrite.php(46): require_once('FCPATH\\index.php')
CRITICAL - 2023-02-12 02:35:50 --> Invalid file: /admin/qlproduct/add.php
in SYSTEMPATH\Exceptions\FrameworkException.php on line 33.
 1 SYSTEMPATH\View\View.php(201): CodeIgniter\Exceptions\FrameworkException::forInvalidFile('/admin/qlproduct/add.php')
 2 SYSTEMPATH\Common.php(1134): CodeIgniter\View\View->render('/admin/qlproduct/add', [], true)
 3 APPPATH\Controllers\QLProductAdmin.php(61): view('/admin/qlproduct/add', [...])
 4 SYSTEMPATH\CodeIgniter.php(927): App\Controllers\QLProductAdmin->insert()
 5 SYSTEMPATH\CodeIgniter.php(482): CodeIgniter\CodeIgniter->runController(Object(App\Controllers\QLProductAdmin))
 6 SYSTEMPATH\CodeIgniter.php(351): CodeIgniter\CodeIgniter->handleRequest(null, Object(Config\Cache), false)
 7 FCPATH\index.php(67): CodeIgniter\CodeIgniter->run()
 8 SYSTEMPATH\Commands\Server\rewrite.php(46): require_once('FCPATH\\index.php')
CRITICAL - 2023-02-12 02:37:50 --> Invalid file: /admin/qlproduct/add.php
in SYSTEMPATH\Exceptions\FrameworkException.php on line 33.
 1 SYSTEMPATH\View\View.php(201): CodeIgniter\Exceptions\FrameworkException::forInvalidFile('/admin/qlproduct/add.php')
 2 SYSTEMPATH\Common.php(1134): CodeIgniter\View\View->render('/admin/qlproduct/add', [], true)
 3 APPPATH\Controllers\QLProductAdmin.php(61): view('/admin/qlproduct/add', [...])
 4 SYSTEMPATH\CodeIgniter.php(927): App\Controllers\QLProductAdmin->insert()
 5 SYSTEMPATH\CodeIgniter.php(482): CodeIgniter\CodeIgniter->runController(Object(App\Controllers\QLProductAdmin))
 6 SYSTEMPATH\CodeIgniter.php(351): CodeIgniter\CodeIgniter->handleRequest(null, Object(Config\Cache), false)
 7 FCPATH\index.php(67): CodeIgniter\CodeIgniter->run()
 8 SYSTEMPATH\Commands\Server\rewrite.php(46): require_once('FCPATH\\index.php')
CRITICAL - 2023-02-12 05:53:55 --> Undefined array key "created-date"
in APPPATH\Views\admin\qlproduct.php on line 63.
 1 APPPATH\Views\admin\qlproduct.php(63): CodeIgniter\Debug\Exceptions->errorHandler(2, 'Undefined array key "created-date"', 'APPPATH\\Views\\admin\\qlproduct.php', 63)
 2 SYSTEMPATH\View\View.php(213): include('APPPATH\\Views\\admin\\qlproduct.php')
 3 SYSTEMPATH\View\View.php(216): CodeIgniter\View\View->CodeIgniter\View\{closure}()
 4 SYSTEMPATH\Common.php(1134): CodeIgniter\View\View->render('admin/qlproduct', [], true)
 5 APPPATH\Controllers\QLProductAdmin.php(21): view('admin/qlproduct', [...])
 6 SYSTEMPATH\CodeIgniter.php(927): App\Controllers\QLProductAdmin->index()
 7 SYSTEMPATH\CodeIgniter.php(482): CodeIgniter\CodeIgniter->runController(Object(App\Controllers\QLProductAdmin))
 8 SYSTEMPATH\CodeIgniter.php(351): CodeIgniter\CodeIgniter->handleRequest(null, Object(Config\Cache), false)
 9 FCPATH\index.php(67): CodeIgniter\CodeIgniter->run()
10 SYSTEMPATH\Commands\Server\rewrite.php(46): require_once('FCPATH\\index.php')
CRITICAL - 2023-02-12 05:57:35 --> Undefined constant "VNÄ"
in APPPATH\Views\frontend\products.php on line 104.
 1 SYSTEMPATH\View\View.php(213): include()
 2 SYSTEMPATH\View\View.php(216): CodeIgniter\View\View->CodeIgniter\View\{closure}()
 3 SYSTEMPATH\Common.php(1134): CodeIgniter\View\View->render('frontend/products', [], true)
 4 APPPATH\Controllers\ProductFrontend.php(64): view('frontend/products', [...])
 5 SYSTEMPATH\CodeIgniter.php(927): App\Controllers\ProductFrontend->index()
 6 SYSTEMPATH\CodeIgniter.php(482): CodeIgniter\CodeIgniter->runController(Object(App\Controllers\ProductFrontend))
 7 SYSTEMPATH\CodeIgniter.php(351): CodeIgniter\CodeIgniter->handleRequest(null, Object(Config\Cache), false)
 8 FCPATH\index.php(67): CodeIgniter\CodeIgniter->run()
 9 SYSTEMPATH\Commands\Server\rewrite.php(46): require_once('FCPATH\\index.php')
CRITICAL - 2023-02-12 07:00:24 --> Class "App\Models\DieuKhoanModel" not found
in APPPATH\Controllers\DieuKhoanController.php on line 12.
 1 SYSTEMPATH\CodeIgniter.php(927): App\Controllers\DieuKhoanController->index()
 2 SYSTEMPATH\CodeIgniter.php(482): CodeIgniter\CodeIgniter->runController(Object(App\Controllers\DieuKhoanController))
 3 SYSTEMPATH\CodeIgniter.php(351): CodeIgniter\CodeIgniter->handleRequest(null, Object(Config\Cache), false)
 4 FCPATH\index.php(67): CodeIgniter\CodeIgniter->run()
 5 SYSTEMPATH\Commands\Server\rewrite.php(46): require_once('FCPATH\\index.php')
CRITICAL - 2023-02-12 07:03:10 --> Class "App\Models\DieuKhoanModel" not found
in APPPATH\Controllers\DieuKhoanController.php on line 12.
 1 SYSTEMPATH\CodeIgniter.php(927): App\Controllers\DieuKhoanController->index()
 2 SYSTEMPATH\CodeIgniter.php(482): CodeIgniter\CodeIgniter->runController(Object(App\Controllers\DieuKhoanController))
 3 SYSTEMPATH\CodeIgniter.php(351): CodeIgniter\CodeIgniter->handleRequest(null, Object(Config\Cache), false)
 4 FCPATH\index.php(67): CodeIgniter\CodeIgniter->run()
 5 SYSTEMPATH\Commands\Server\rewrite.php(46): require_once('FCPATH\\index.php')
CRITICAL - 2023-02-12 07:03:12 --> Class "App\Models\DieuKhoanModel" not found
in APPPATH\Controllers\DieuKhoanController.php on line 12.
 1 SYSTEMPATH\CodeIgniter.php(927): App\Controllers\DieuKhoanController->index()
 2 SYSTEMPATH\CodeIgniter.php(482): CodeIgniter\CodeIgniter->runController(Object(App\Controllers\DieuKhoanController))
 3 SYSTEMPATH\CodeIgniter.php(351): CodeIgniter\CodeIgniter->handleRequest(null, Object(Config\Cache), false)
 4 FCPATH\index.php(67): CodeIgniter\CodeIgniter->run()
 5 SYSTEMPATH\Commands\Server\rewrite.php(46): require_once('FCPATH\\index.php')
ERROR - 2023-02-12 07:11:52 --> mysqli_sql_exception: Table 'psales.dieukhaon' doesn't exist in C:\xamp\XAMP\htdocs\productweb_07_02_2023\productweb\system\Database\MySQLi\Connection.php:292
Stack trace:
#0 C:\xamp\XAMP\htdocs\productweb_07_02_2023\productweb\system\Database\MySQLi\Connection.php(292): mysqli->query('SELECT *\nFROM `...', 0)
#1 C:\xamp\XAMP\htdocs\productweb_07_02_2023\productweb\system\Database\BaseConnection.php(666): CodeIgniter\Database\MySQLi\Connection->execute('SELECT *\nFROM `...')
#2 C:\xamp\XAMP\htdocs\productweb_07_02_2023\productweb\system\Database\BaseConnection.php(593): CodeIgniter\Database\BaseConnection->simpleQuery('SELECT *\nFROM `...')
#3 C:\xamp\XAMP\htdocs\productweb_07_02_2023\productweb\system\Database\BaseBuilder.php(1585): CodeIgniter\Database\BaseConnection->query('SELECT *\nFROM `...', Array, false)
#4 C:\xamp\XAMP\htdocs\productweb_07_02_2023\productweb\system\Model.php(223): CodeIgniter\Database\BaseBuilder->get()
#5 C:\xamp\XAMP\htdocs\productweb_07_02_2023\productweb\system\BaseModel.php(585): CodeIgniter\Model->doFindAll(0, 0)
#6 C:\xamp\XAMP\htdocs\productweb_07_02_2023\productweb\app\Models\DieuKhoanModel.php(14): CodeIgniter\BaseModel->findAll()
#7 C:\xamp\XAMP\htdocs\productweb_07_02_2023\productweb\app\Controllers\DieuKhoanController.php(13): App\Models\DieuKhoanModel->getAll()
#8 C:\xamp\XAMP\htdocs\productweb_07_02_2023\productweb\system\CodeIgniter.php(927): App\Controllers\DieuKhoanController->index()
#9 C:\xamp\XAMP\htdocs\productweb_07_02_2023\productweb\system\CodeIgniter.php(482): CodeIgniter\CodeIgniter->runController(Object(App\Controllers\DieuKhoanController))
#10 C:\xamp\XAMP\htdocs\productweb_07_02_2023\productweb\system\CodeIgniter.php(351): CodeIgniter\CodeIgniter->handleRequest(NULL, Object(Config\Cache), false)
#11 C:\xamp\XAMP\htdocs\productweb_07_02_2023\productweb\public\index.php(67): CodeIgniter\CodeIgniter->run()
#12 C:\xamp\XAMP\htdocs\productweb_07_02_2023\productweb\system\Commands\Server\rewrite.php(46): require_once('C:\\xamp\\XAMP\\ht...')
#13 {main}
CRITICAL - 2023-02-12 07:11:52 --> Call to a member function getResult() on bool
in SYSTEMPATH\Model.php on line 224.
 1 SYSTEMPATH\BaseModel.php(585): CodeIgniter\Model->doFindAll(0, 0)
 2 APPPATH\Models\DieuKhoanModel.php(14): CodeIgniter\BaseModel->findAll()
 3 APPPATH\Controllers\DieuKhoanController.php(13): App\Models\DieuKhoanModel->getAll()
 4 SYSTEMPATH\CodeIgniter.php(927): App\Controllers\DieuKhoanController->index()
 5 SYSTEMPATH\CodeIgniter.php(482): CodeIgniter\CodeIgniter->runController(Object(App\Controllers\DieuKhoanController))
 6 SYSTEMPATH\CodeIgniter.php(351): CodeIgniter\CodeIgniter->handleRequest(null, Object(Config\Cache), false)
 7 FCPATH\index.php(67): CodeIgniter\CodeIgniter->run()
 8 SYSTEMPATH\Commands\Server\rewrite.php(46): require_once('FCPATH\\index.php')
ERROR - 2023-02-12 07:15:38 --> mysqli_sql_exception: Table 'psales.dieukhaon' doesn't exist in C:\xamp\XAMP\htdocs\productweb_07_02_2023\productweb\system\Database\MySQLi\Connection.php:292
Stack trace:
#0 C:\xamp\XAMP\htdocs\productweb_07_02_2023\productweb\system\Database\MySQLi\Connection.php(292): mysqli->query('SELECT *\nFROM `...', 0)
#1 C:\xamp\XAMP\htdocs\productweb_07_02_2023\productweb\system\Database\BaseConnection.php(666): CodeIgniter\Database\MySQLi\Connection->execute('SELECT *\nFROM `...')
#2 C:\xamp\XAMP\htdocs\productweb_07_02_2023\productweb\system\Database\BaseConnection.php(593): CodeIgniter\Database\BaseConnection->simpleQuery('SELECT *\nFROM `...')
#3 C:\xamp\XAMP\htdocs\productweb_07_02_2023\productweb\system\Database\BaseBuilder.php(1585): CodeIgniter\Database\BaseConnection->query('SELECT *\nFROM `...', Array, false)
#4 C:\xamp\XAMP\htdocs\productweb_07_02_2023\productweb\system\Model.php(223): CodeIgniter\Database\BaseBuilder->get()
#5 C:\xamp\XAMP\htdocs\productweb_07_02_2023\productweb\system\BaseModel.php(585): CodeIgniter\Model->doFindAll(0, 0)
#6 C:\xamp\XAMP\htdocs\productweb_07_02_2023\productweb\app\Models\DieuKhoanModel.php(14): CodeIgniter\BaseModel->findAll()
#7 C:\xamp\XAMP\htdocs\productweb_07_02_2023\productweb\app\Controllers\DieuKhoanController.php(13): App\Models\DieuKhoanModel->getAll()
#8 C:\xamp\XAMP\htdocs\productweb_07_02_2023\productweb\system\CodeIgniter.php(927): App\Controllers\DieuKhoanController->index()
#9 C:\xamp\XAMP\htdocs\productweb_07_02_2023\productweb\system\CodeIgniter.php(482): CodeIgniter\CodeIgniter->runController(Object(App\Controllers\DieuKhoanController))
#10 C:\xamp\XAMP\htdocs\productweb_07_02_2023\productweb\system\CodeIgniter.php(351): CodeIgniter\CodeIgniter->handleRequest(NULL, Object(Config\Cache), false)
#11 C:\xamp\XAMP\htdocs\productweb_07_02_2023\productweb\public\index.php(67): CodeIgniter\CodeIgniter->run()
#12 C:\xamp\XAMP\htdocs\productweb_07_02_2023\productweb\system\Commands\Server\rewrite.php(46): require_once('C:\\xamp\\XAMP\\ht...')
#13 {main}
CRITICAL - 2023-02-12 07:15:38 --> Call to a member function getResult() on bool
in SYSTEMPATH\Model.php on line 224.
 1 SYSTEMPATH\BaseModel.php(585): CodeIgniter\Model->doFindAll(0, 0)
 2 APPPATH\Models\DieuKhoanModel.php(14): CodeIgniter\BaseModel->findAll()
 3 APPPATH\Controllers\DieuKhoanController.php(13): App\Models\DieuKhoanModel->getAll()
 4 SYSTEMPATH\CodeIgniter.php(927): App\Controllers\DieuKhoanController->index()
 5 SYSTEMPATH\CodeIgniter.php(482): CodeIgniter\CodeIgniter->runController(Object(App\Controllers\DieuKhoanController))
 6 SYSTEMPATH\CodeIgniter.php(351): CodeIgniter\CodeIgniter->handleRequest(null, Object(Config\Cache), false)
 7 FCPATH\index.php(67): CodeIgniter\CodeIgniter->run()
 8 SYSTEMPATH\Commands\Server\rewrite.php(46): require_once('FCPATH\\index.php')
ERROR - 2023-02-12 07:15:39 --> mysqli_sql_exception: Table 'psales.dieukhaon' doesn't exist in C:\xamp\XAMP\htdocs\productweb_07_02_2023\productweb\system\Database\MySQLi\Connection.php:292
Stack trace:
#0 C:\xamp\XAMP\htdocs\productweb_07_02_2023\productweb\system\Database\MySQLi\Connection.php(292): mysqli->query('SELECT *\nFROM `...', 0)
#1 C:\xamp\XAMP\htdocs\productweb_07_02_2023\productweb\system\Database\BaseConnection.php(666): CodeIgniter\Database\MySQLi\Connection->execute('SELECT *\nFROM `...')
#2 C:\xamp\XAMP\htdocs\productweb_07_02_2023\productweb\system\Database\BaseConnection.php(593): CodeIgniter\Database\BaseConnection->simpleQuery('SELECT *\nFROM `...')
#3 C:\xamp\XAMP\htdocs\productweb_07_02_2023\productweb\system\Database\BaseBuilder.php(1585): CodeIgniter\Database\BaseConnection->query('SELECT *\nFROM `...', Array, false)
#4 C:\xamp\XAMP\htdocs\productweb_07_02_2023\productweb\system\Model.php(223): CodeIgniter\Database\BaseBuilder->get()
#5 C:\xamp\XAMP\htdocs\productweb_07_02_2023\productweb\system\BaseModel.php(585): CodeIgniter\Model->doFindAll(0, 0)
#6 C:\xamp\XAMP\htdocs\productweb_07_02_2023\productweb\app\Models\DieuKhoanModel.php(14): CodeIgniter\BaseModel->findAll()
#7 C:\xamp\XAMP\htdocs\productweb_07_02_2023\productweb\app\Controllers\DieuKhoanController.php(13): App\Models\DieuKhoanModel->getAll()
#8 C:\xamp\XAMP\htdocs\productweb_07_02_2023\productweb\system\CodeIgniter.php(927): App\Controllers\DieuKhoanController->index()
#9 C:\xamp\XAMP\htdocs\productweb_07_02_2023\productweb\system\CodeIgniter.php(482): CodeIgniter\CodeIgniter->runController(Object(App\Controllers\DieuKhoanController))
#10 C:\xamp\XAMP\htdocs\productweb_07_02_2023\productweb\system\CodeIgniter.php(351): CodeIgniter\CodeIgniter->handleRequest(NULL, Object(Config\Cache), false)
#11 C:\xamp\XAMP\htdocs\productweb_07_02_2023\productweb\public\index.php(67): CodeIgniter\CodeIgniter->run()
#12 C:\xamp\XAMP\htdocs\productweb_07_02_2023\productweb\system\Commands\Server\rewrite.php(46): require_once('C:\\xamp\\XAMP\\ht...')
#13 {main}
CRITICAL - 2023-02-12 07:15:39 --> Call to a member function getResult() on bool
in SYSTEMPATH\Model.php on line 224.
 1 SYSTEMPATH\BaseModel.php(585): CodeIgniter\Model->doFindAll(0, 0)
 2 APPPATH\Models\DieuKhoanModel.php(14): CodeIgniter\BaseModel->findAll()
 3 APPPATH\Controllers\DieuKhoanController.php(13): App\Models\DieuKhoanModel->getAll()
 4 SYSTEMPATH\CodeIgniter.php(927): App\Controllers\DieuKhoanController->index()
 5 SYSTEMPATH\CodeIgniter.php(482): CodeIgniter\CodeIgniter->runController(Object(App\Controllers\DieuKhoanController))
 6 SYSTEMPATH\CodeIgniter.php(351): CodeIgniter\CodeIgniter->handleRequest(null, Object(Config\Cache), false)
 7 FCPATH\index.php(67): CodeIgniter\CodeIgniter->run()
 8 SYSTEMPATH\Commands\Server\rewrite.php(46): require_once('FCPATH\\index.php')
ERROR - 2023-02-12 07:15:40 --> mysqli_sql_exception: Table 'psales.dieukhaon' doesn't exist in C:\xamp\XAMP\htdocs\productweb_07_02_2023\productweb\system\Database\MySQLi\Connection.php:292
Stack trace:
#0 C:\xamp\XAMP\htdocs\productweb_07_02_2023\productweb\system\Database\MySQLi\Connection.php(292): mysqli->query('SELECT *\nFROM `...', 0)
#1 C:\xamp\XAMP\htdocs\productweb_07_02_2023\productweb\system\Database\BaseConnection.php(666): CodeIgniter\Database\MySQLi\Connection->execute('SELECT *\nFROM `...')
#2 C:\xamp\XAMP\htdocs\productweb_07_02_2023\productweb\system\Database\BaseConnection.php(593): CodeIgniter\Database\BaseConnection->simpleQuery('SELECT *\nFROM `...')
#3 C:\xamp\XAMP\htdocs\productweb_07_02_2023\productweb\system\Database\BaseBuilder.php(1585): CodeIgniter\Database\BaseConnection->query('SELECT *\nFROM `...', Array, false)
#4 C:\xamp\XAMP\htdocs\productweb_07_02_2023\productweb\system\Model.php(223): CodeIgniter\Database\BaseBuilder->get()
#5 C:\xamp\XAMP\htdocs\productweb_07_02_2023\productweb\system\BaseModel.php(585): CodeIgniter\Model->doFindAll(0, 0)
#6 C:\xamp\XAMP\htdocs\productweb_07_02_2023\productweb\app\Models\DieuKhoanModel.php(14): CodeIgniter\BaseModel->findAll()
#7 C:\xamp\XAMP\htdocs\productweb_07_02_2023\productweb\app\Controllers\DieuKhoanController.php(13): App\Models\DieuKhoanModel->getAll()
#8 C:\xamp\XAMP\htdocs\productweb_07_02_2023\productweb\system\CodeIgniter.php(927): App\Controllers\DieuKhoanController->index()
#9 C:\xamp\XAMP\htdocs\productweb_07_02_2023\productweb\system\CodeIgniter.php(482): CodeIgniter\CodeIgniter->runController(Object(App\Controllers\DieuKhoanController))
#10 C:\xamp\XAMP\htdocs\productweb_07_02_2023\productweb\system\CodeIgniter.php(351): CodeIgniter\CodeIgniter->handleRequest(NULL, Object(Config\Cache), false)
#11 C:\xamp\XAMP\htdocs\productweb_07_02_2023\productweb\public\index.php(67): CodeIgniter\CodeIgniter->run()
#12 C:\xamp\XAMP\htdocs\productweb_07_02_2023\productweb\system\Commands\Server\rewrite.php(46): require_once('C:\\xamp\\XAMP\\ht...')
#13 {main}
CRITICAL - 2023-02-12 07:15:40 --> Call to a member function getResult() on bool
in SYSTEMPATH\Model.php on line 224.
 1 SYSTEMPATH\BaseModel.php(585): CodeIgniter\Model->doFindAll(0, 0)
 2 APPPATH\Models\DieuKhoanModel.php(14): CodeIgniter\BaseModel->findAll()
 3 APPPATH\Controllers\DieuKhoanController.php(13): App\Models\DieuKhoanModel->getAll()
 4 SYSTEMPATH\CodeIgniter.php(927): App\Controllers\DieuKhoanController->index()
 5 SYSTEMPATH\CodeIgniter.php(482): CodeIgniter\CodeIgniter->runController(Object(App\Controllers\DieuKhoanController))
 6 SYSTEMPATH\CodeIgniter.php(351): CodeIgniter\CodeIgniter->handleRequest(null, Object(Config\Cache), false)
 7 FCPATH\index.php(67): CodeIgniter\CodeIgniter->run()
 8 SYSTEMPATH\Commands\Server\rewrite.php(46): require_once('FCPATH\\index.php')
ERROR - 2023-02-12 07:16:23 --> mysqli_sql_exception: Table 'psales.dieukhaon' doesn't exist in C:\xamp\XAMP\htdocs\productweb_07_02_2023\productweb\system\Database\MySQLi\Connection.php:292
Stack trace:
#0 C:\xamp\XAMP\htdocs\productweb_07_02_2023\productweb\system\Database\MySQLi\Connection.php(292): mysqli->query('SELECT *\nFROM `...', 0)
#1 C:\xamp\XAMP\htdocs\productweb_07_02_2023\productweb\system\Database\BaseConnection.php(666): CodeIgniter\Database\MySQLi\Connection->execute('SELECT *\nFROM `...')
#2 C:\xamp\XAMP\htdocs\productweb_07_02_2023\productweb\system\Database\BaseConnection.php(593): CodeIgniter\Database\BaseConnection->simpleQuery('SELECT *\nFROM `...')
#3 C:\xamp\XAMP\htdocs\productweb_07_02_2023\productweb\system\Database\BaseBuilder.php(1585): CodeIgniter\Database\BaseConnection->query('SELECT *\nFROM `...', Array, false)
#4 C:\xamp\XAMP\htdocs\productweb_07_02_2023\productweb\system\Model.php(223): CodeIgniter\Database\BaseBuilder->get()
#5 C:\xamp\XAMP\htdocs\productweb_07_02_2023\productweb\system\BaseModel.php(585): CodeIgniter\Model->doFindAll(0, 0)
#6 C:\xamp\XAMP\htdocs\productweb_07_02_2023\productweb\app\Models\DieuKhoanModel.php(14): CodeIgniter\BaseModel->findAll()
#7 C:\xamp\XAMP\htdocs\productweb_07_02_2023\productweb\app\Controllers\DieuKhoanController.php(13): App\Models\DieuKhoanModel->getAll()
#8 C:\xamp\XAMP\htdocs\productweb_07_02_2023\productweb\system\CodeIgniter.php(927): App\Controllers\DieuKhoanController->index()
#9 C:\xamp\XAMP\htdocs\productweb_07_02_2023\productweb\system\CodeIgniter.php(482): CodeIgniter\CodeIgniter->runController(Object(App\Controllers\DieuKhoanController))
#10 C:\xamp\XAMP\htdocs\productweb_07_02_2023\productweb\system\CodeIgniter.php(351): CodeIgniter\CodeIgniter->handleRequest(NULL, Object(Config\Cache), false)
#11 C:\xamp\XAMP\htdocs\productweb_07_02_2023\productweb\public\index.php(67): CodeIgniter\CodeIgniter->run()
#12 C:\xamp\XAMP\htdocs\productweb_07_02_2023\productweb\system\Commands\Server\rewrite.php(46): require_once('C:\\xamp\\XAMP\\ht...')
#13 {main}
CRITICAL - 2023-02-12 07:16:23 --> Call to a member function getResult() on bool
in SYSTEMPATH\Model.php on line 224.
 1 SYSTEMPATH\BaseModel.php(585): CodeIgniter\Model->doFindAll(0, 0)
 2 APPPATH\Models\DieuKhoanModel.php(14): CodeIgniter\BaseModel->findAll()
 3 APPPATH\Controllers\DieuKhoanController.php(13): App\Models\DieuKhoanModel->getAll()
 4 SYSTEMPATH\CodeIgniter.php(927): App\Controllers\DieuKhoanController->index()
 5 SYSTEMPATH\CodeIgniter.php(482): CodeIgniter\CodeIgniter->runController(Object(App\Controllers\DieuKhoanController))
 6 SYSTEMPATH\CodeIgniter.php(351): CodeIgniter\CodeIgniter->handleRequest(null, Object(Config\Cache), false)
 7 FCPATH\index.php(67): CodeIgniter\CodeIgniter->run()
 8 SYSTEMPATH\Commands\Server\rewrite.php(46): require_once('FCPATH\\index.php')
ERROR - 2023-02-12 07:16:25 --> mysqli_sql_exception: Table 'psales.dieukhaon' doesn't exist in C:\xamp\XAMP\htdocs\productweb_07_02_2023\productweb\system\Database\MySQLi\Connection.php:292
Stack trace:
#0 C:\xamp\XAMP\htdocs\productweb_07_02_2023\productweb\system\Database\MySQLi\Connection.php(292): mysqli->query('SELECT *\nFROM `...', 0)
#1 C:\xamp\XAMP\htdocs\productweb_07_02_2023\productweb\system\Database\BaseConnection.php(666): CodeIgniter\Database\MySQLi\Connection->execute('SELECT *\nFROM `...')
#2 C:\xamp\XAMP\htdocs\productweb_07_02_2023\productweb\system\Database\BaseConnection.php(593): CodeIgniter\Database\BaseConnection->simpleQuery('SELECT *\nFROM `...')
#3 C:\xamp\XAMP\htdocs\productweb_07_02_2023\productweb\system\Database\BaseBuilder.php(1585): CodeIgniter\Database\BaseConnection->query('SELECT *\nFROM `...', Array, false)
#4 C:\xamp\XAMP\htdocs\productweb_07_02_2023\productweb\system\Model.php(223): CodeIgniter\Database\BaseBuilder->get()
#5 C:\xamp\XAMP\htdocs\productweb_07_02_2023\productweb\system\BaseModel.php(585): CodeIgniter\Model->doFindAll(0, 0)
#6 C:\xamp\XAMP\htdocs\productweb_07_02_2023\productweb\app\Models\DieuKhoanModel.php(14): CodeIgniter\BaseModel->findAll()
#7 C:\xamp\XAMP\htdocs\productweb_07_02_2023\productweb\app\Controllers\DieuKhoanController.php(13): App\Models\DieuKhoanModel->getAll()
#8 C:\xamp\XAMP\htdocs\productweb_07_02_2023\productweb\system\CodeIgniter.php(927): App\Controllers\DieuKhoanController->index()
#9 C:\xamp\XAMP\htdocs\productweb_07_02_2023\productweb\system\CodeIgniter.php(482): CodeIgniter\CodeIgniter->runController(Object(App\Controllers\DieuKhoanController))
#10 C:\xamp\XAMP\htdocs\productweb_07_02_2023\productweb\system\CodeIgniter.php(351): CodeIgniter\CodeIgniter->handleRequest(NULL, Object(Config\Cache), false)
#11 C:\xamp\XAMP\htdocs\productweb_07_02_2023\productweb\public\index.php(67): CodeIgniter\CodeIgniter->run()
#12 C:\xamp\XAMP\htdocs\productweb_07_02_2023\productweb\system\Commands\Server\rewrite.php(46): require_once('C:\\xamp\\XAMP\\ht...')
#13 {main}
CRITICAL - 2023-02-12 07:16:25 --> Call to a member function getResult() on bool
in SYSTEMPATH\Model.php on line 224.
 1 SYSTEMPATH\BaseModel.php(585): CodeIgniter\Model->doFindAll(0, 0)
 2 APPPATH\Models\DieuKhoanModel.php(14): CodeIgniter\BaseModel->findAll()
 3 APPPATH\Controllers\DieuKhoanController.php(13): App\Models\DieuKhoanModel->getAll()
 4 SYSTEMPATH\CodeIgniter.php(927): App\Controllers\DieuKhoanController->index()
 5 SYSTEMPATH\CodeIgniter.php(482): CodeIgniter\CodeIgniter->runController(Object(App\Controllers\DieuKhoanController))
 6 SYSTEMPATH\CodeIgniter.php(351): CodeIgniter\CodeIgniter->handleRequest(null, Object(Config\Cache), false)
 7 FCPATH\index.php(67): CodeIgniter\CodeIgniter->run()
 8 SYSTEMPATH\Commands\Server\rewrite.php(46): require_once('FCPATH\\index.php')
CRITICAL - 2023-02-12 07:18:09 --> Undefined variable $dieukhaon
in APPPATH\Views\frontend\dieukhoan.php on line 13.
 1 APPPATH\Views\frontend\dieukhoan.php(13): CodeIgniter\Debug\Exceptions->errorHandler(2, 'Undefined variable $dieukhaon', 'APPPATH\\Views\\frontend\\dieukhoan.php', 13)
 2 SYSTEMPATH\View\View.php(213): include('APPPATH\\Views\\frontend\\dieukhoan.php')
 3 SYSTEMPATH\View\View.php(216): CodeIgniter\View\View->CodeIgniter\View\{closure}()
 4 SYSTEMPATH\Common.php(1134): CodeIgniter\View\View->render('frontend/dieukhoan', [], true)
 5 APPPATH\Controllers\DieuKhoanController.php(14): view('frontend/dieukhoan', [...])
 6 SYSTEMPATH\CodeIgniter.php(927): App\Controllers\DieuKhoanController->index()
 7 SYSTEMPATH\CodeIgniter.php(482): CodeIgniter\CodeIgniter->runController(Object(App\Controllers\DieuKhoanController))
 8 SYSTEMPATH\CodeIgniter.php(351): CodeIgniter\CodeIgniter->handleRequest(null, Object(Config\Cache), false)
 9 FCPATH\index.php(67): CodeIgniter\CodeIgniter->run()
10 SYSTEMPATH\Commands\Server\rewrite.php(46): require_once('FCPATH\\index.php')
CRITICAL - 2023-02-12 07:18:35 --> Undefined variable $dieukhaon
in APPPATH\Views\frontend\dieukhoan.php on line 13.
 1 APPPATH\Views\frontend\dieukhoan.php(13): CodeIgniter\Debug\Exceptions->errorHandler(2, 'Undefined variable $dieukhaon', 'APPPATH\\Views\\frontend\\dieukhoan.php', 13)
 2 SYSTEMPATH\View\View.php(213): include('APPPATH\\Views\\frontend\\dieukhoan.php')
 3 SYSTEMPATH\View\View.php(216): CodeIgniter\View\View->CodeIgniter\View\{closure}()
 4 SYSTEMPATH\Common.php(1134): CodeIgniter\View\View->render('frontend/dieukhoan', [], true)
 5 APPPATH\Controllers\DieuKhoanController.php(14): view('frontend/dieukhoan', [...])
 6 SYSTEMPATH\CodeIgniter.php(927): App\Controllers\DieuKhoanController->index()
 7 SYSTEMPATH\CodeIgniter.php(482): CodeIgniter\CodeIgniter->runController(Object(App\Controllers\DieuKhoanController))
 8 SYSTEMPATH\CodeIgniter.php(351): CodeIgniter\CodeIgniter->handleRequest(null, Object(Config\Cache), false)
 9 FCPATH\index.php(67): CodeIgniter\CodeIgniter->run()
10 SYSTEMPATH\Commands\Server\rewrite.php(46): require_once('FCPATH\\index.php')
ERROR - 2023-02-12 10:18:23 --> mysqli_sql_exception: Unknown column 'san_pham.id' in 'order clause' in C:\xamp\XAMP\htdocs\productweb_07_02_2023\productweb\system\Database\MySQLi\Connection.php:292
Stack trace:
#0 C:\xamp\XAMP\htdocs\productweb_07_02_2023\productweb\system\Database\MySQLi\Connection.php(292): mysqli->query('SELECT `khach_h...', 0)
#1 C:\xamp\XAMP\htdocs\productweb_07_02_2023\productweb\system\Database\BaseConnection.php(666): CodeIgniter\Database\MySQLi\Connection->execute('SELECT `khach_h...')
#2 C:\xamp\XAMP\htdocs\productweb_07_02_2023\productweb\system\Database\BaseConnection.php(593): CodeIgniter\Database\BaseConnection->simpleQuery('SELECT `khach_h...')
#3 C:\xamp\XAMP\htdocs\productweb_07_02_2023\productweb\system\Database\BaseBuilder.php(1585): CodeIgniter\Database\BaseConnection->query('SELECT `khach_h...', Array, false)
#4 C:\xamp\XAMP\htdocs\productweb_07_02_2023\productweb\system\Model.php(223): CodeIgniter\Database\BaseBuilder->get()
#5 C:\xamp\XAMP\htdocs\productweb_07_02_2023\productweb\system\BaseModel.php(585): CodeIgniter\Model->doFindAll(0, 0)
#6 C:\xamp\XAMP\htdocs\productweb_07_02_2023\productweb\app\Models\CustomerModel.php(32): CodeIgniter\BaseModel->findAll()
#7 C:\xamp\XAMP\htdocs\productweb_07_02_2023\productweb\app\Controllers\CustomerAdmin.php(14): App\Models\CustomerModel->getAllForAdmin()
#8 C:\xamp\XAMP\htdocs\productweb_07_02_2023\productweb\system\CodeIgniter.php(927): App\Controllers\CustomerAdmin->index()
#9 C:\xamp\XAMP\htdocs\productweb_07_02_2023\productweb\system\CodeIgniter.php(482): CodeIgniter\CodeIgniter->runController(Object(App\Controllers\CustomerAdmin))
#10 C:\xamp\XAMP\htdocs\productweb_07_02_2023\productweb\system\CodeIgniter.php(351): CodeIgniter\CodeIgniter->handleRequest(NULL, Object(Config\Cache), false)
#11 C:\xamp\XAMP\htdocs\productweb_07_02_2023\productweb\public\index.php(67): CodeIgniter\CodeIgniter->run()
#12 C:\xamp\XAMP\htdocs\productweb_07_02_2023\productweb\system\Commands\Server\rewrite.php(46): require_once('C:\\xamp\\XAMP\\ht...')
#13 {main}
CRITICAL - 2023-02-12 10:18:23 --> Call to a member function getResult() on bool
in SYSTEMPATH\Model.php on line 224.
 1 SYSTEMPATH\BaseModel.php(585): CodeIgniter\Model->doFindAll(0, 0)
 2 APPPATH\Models\CustomerModel.php(32): CodeIgniter\BaseModel->findAll()
 3 APPPATH\Controllers\CustomerAdmin.php(14): App\Models\CustomerModel->getAllForAdmin()
 4 SYSTEMPATH\CodeIgniter.php(927): App\Controllers\CustomerAdmin->index()
 5 SYSTEMPATH\CodeIgniter.php(482): CodeIgniter\CodeIgniter->runController(Object(App\Controllers\CustomerAdmin))
 6 SYSTEMPATH\CodeIgniter.php(351): CodeIgniter\CodeIgniter->handleRequest(null, Object(Config\Cache), false)
 7 FCPATH\index.php(67): CodeIgniter\CodeIgniter->run()
 8 SYSTEMPATH\Commands\Server\rewrite.php(46): require_once('FCPATH\\index.php')
CRITICAL - 2023-02-12 10:19:24 --> number_format(): Argument #1 ($num) must be of type float, string given
in APPPATH\Views\admin\qlkhach.php on line 60.
 1 APPPATH\Views\admin\qlkhach.php(60): number_format('ttuantrung1@gmail.com')
 2 SYSTEMPATH\View\View.php(213): include('APPPATH\\Views\\admin\\qlkhach.php')
 3 SYSTEMPATH\View\View.php(216): CodeIgniter\View\View->CodeIgniter\View\{closure}()
 4 SYSTEMPATH\Common.php(1134): CodeIgniter\View\View->render('admin/qlkhach', [], true)
 5 APPPATH\Controllers\CustomerAdmin.php(17): view('admin/qlkhach', [...])
 6 SYSTEMPATH\CodeIgniter.php(927): App\Controllers\CustomerAdmin->index()
 7 SYSTEMPATH\CodeIgniter.php(482): CodeIgniter\CodeIgniter->runController(Object(App\Controllers\CustomerAdmin))
 8 SYSTEMPATH\CodeIgniter.php(351): CodeIgniter\CodeIgniter->handleRequest(null, Object(Config\Cache), false)
 9 FCPATH\index.php(67): CodeIgniter\CodeIgniter->run()
10 SYSTEMPATH\Commands\Server\rewrite.php(46): require_once('FCPATH\\index.php')
CRITICAL - 2023-02-12 10:44:57 --> syntax error, unexpected token "else", expecting "function" or "const"
in APPPATH\Controllers\CustomerAdmin.php on line 108.
 1 SYSTEMPATH\Autoloader\Autoloader.php(259): CodeIgniter\Autoloader\Autoloader->includeFile('APPPATH\\Controllers\\CustomerAdmin.php')
 2 SYSTEMPATH\Autoloader\Autoloader.php(237): CodeIgniter\Autoloader\Autoloader->loadInNamespace('App\\Controllers\\CustomerAdmin')
 3 [internal function]: CodeIgniter\Autoloader\Autoloader->loadClass('App\\Controllers\\CustomerAdmin')
 4 SYSTEMPATH\CodeIgniter.php(877): class_exists('\\App\\Controllers\\CustomerAdmin', true)
 5 SYSTEMPATH\CodeIgniter.php(469): CodeIgniter\CodeIgniter->startController()
 6 SYSTEMPATH\CodeIgniter.php(351): CodeIgniter\CodeIgniter->handleRequest(null, Object(Config\Cache), false)
 7 FCPATH\index.php(67): CodeIgniter\CodeIgniter->run()
 8 SYSTEMPATH\Commands\Server\rewrite.php(46): require_once('FCPATH\\index.php')
CRITICAL - 2023-02-12 10:45:16 --> syntax error, unexpected token "else", expecting "function" or "const"
in APPPATH\Controllers\CustomerAdmin.php on line 108.
 1 SYSTEMPATH\Autoloader\Autoloader.php(259): CodeIgniter\Autoloader\Autoloader->includeFile('APPPATH\\Controllers\\CustomerAdmin.php')
 2 SYSTEMPATH\Autoloader\Autoloader.php(237): CodeIgniter\Autoloader\Autoloader->loadInNamespace('App\\Controllers\\CustomerAdmin')
 3 [internal function]: CodeIgniter\Autoloader\Autoloader->loadClass('App\\Controllers\\CustomerAdmin')
 4 SYSTEMPATH\CodeIgniter.php(877): class_exists('\\App\\Controllers\\CustomerAdmin', true)
 5 SYSTEMPATH\CodeIgniter.php(469): CodeIgniter\CodeIgniter->startController()
 6 SYSTEMPATH\CodeIgniter.php(351): CodeIgniter\CodeIgniter->handleRequest(null, Object(Config\Cache), false)
 7 FCPATH\index.php(67): CodeIgniter\CodeIgniter->run()
 8 SYSTEMPATH\Commands\Server\rewrite.php(46): require_once('FCPATH\\index.php')
CRITICAL - 2023-02-12 10:47:23 --> Undefined variable $products
in APPPATH\Views\admin\qlkhach_add.php on line 109.
 1 APPPATH\Views\admin\qlkhach_add.php(109): CodeIgniter\Debug\Exceptions->errorHandler(2, 'Undefined variable $products', 'APPPATH\\Views\\admin\\qlkhach_add.php', 109)
 2 SYSTEMPATH\View\View.php(213): include('APPPATH\\Views\\admin\\qlkhach_add.php')
 3 SYSTEMPATH\View\View.php(216): CodeIgniter\View\View->CodeIgniter\View\{closure}()
 4 SYSTEMPATH\Common.php(1134): CodeIgniter\View\View->render('admin/qlkhach_add', [], true)
 5 APPPATH\Controllers\CustomerAdmin.php(42): view('admin/qlkhach_add', [...])
 6 SYSTEMPATH\CodeIgniter.php(927): App\Controllers\CustomerAdmin->add()
 7 SYSTEMPATH\CodeIgniter.php(482): CodeIgniter\CodeIgniter->runController(Object(App\Controllers\CustomerAdmin))
 8 SYSTEMPATH\CodeIgniter.php(351): CodeIgniter\CodeIgniter->handleRequest(null, Object(Config\Cache), false)
 9 FCPATH\index.php(67): CodeIgniter\CodeIgniter->run()
10 SYSTEMPATH\Commands\Server\rewrite.php(46): require_once('FCPATH\\index.php')
CRITICAL - 2023-02-12 10:48:21 --> There is no data to insert.
in SYSTEMPATH\BaseModel.php on line 729.
 1 SYSTEMPATH\BaseModel.php(729): CodeIgniter\Database\Exceptions\DataException::forEmptyDataset('insert')
 2 SYSTEMPATH\Model.php(667): CodeIgniter\BaseModel->insert([], true)
 3 APPPATH\Controllers\CustomerAdmin.php(105): CodeIgniter\Model->insert([...])
 4 SYSTEMPATH\CodeIgniter.php(927): App\Controllers\CustomerAdmin->insert()
 5 SYSTEMPATH\CodeIgniter.php(482): CodeIgniter\CodeIgniter->runController(Object(App\Controllers\CustomerAdmin))
 6 SYSTEMPATH\CodeIgniter.php(351): CodeIgniter\CodeIgniter->handleRequest(null, Object(Config\Cache), false)
 7 FCPATH\index.php(67): CodeIgniter\CodeIgniter->run()
 8 SYSTEMPATH\Commands\Server\rewrite.php(46): require_once('FCPATH\\index.php')
CRITICAL - 2023-02-12 10:48:59 --> There is no data to insert.
in SYSTEMPATH\BaseModel.php on line 729.
 1 SYSTEMPATH\BaseModel.php(729): CodeIgniter\Database\Exceptions\DataException::forEmptyDataset('insert')
 2 SYSTEMPATH\Model.php(667): CodeIgniter\BaseModel->insert([], true)
 3 APPPATH\Controllers\CustomerAdmin.php(105): CodeIgniter\Model->insert([...])
 4 SYSTEMPATH\CodeIgniter.php(927): App\Controllers\CustomerAdmin->insert()
 5 SYSTEMPATH\CodeIgniter.php(482): CodeIgniter\CodeIgniter->runController(Object(App\Controllers\CustomerAdmin))
 6 SYSTEMPATH\CodeIgniter.php(351): CodeIgniter\CodeIgniter->handleRequest(null, Object(Config\Cache), false)
 7 FCPATH\index.php(67): CodeIgniter\CodeIgniter->run()
 8 SYSTEMPATH\Commands\Server\rewrite.php(46): require_once('FCPATH\\index.php')
CRITICAL - 2023-02-12 10:51:12 --> There is no data to insert.
in SYSTEMPATH\BaseModel.php on line 729.
 1 SYSTEMPATH\BaseModel.php(729): CodeIgniter\Database\Exceptions\DataException::forEmptyDataset('insert')
 2 SYSTEMPATH\Model.php(667): CodeIgniter\BaseModel->insert([], true)
 3 APPPATH\Controllers\CustomerAdmin.php(63): CodeIgniter\Model->insert([...])
 4 SYSTEMPATH\CodeIgniter.php(927): App\Controllers\CustomerAdmin->insert()
 5 SYSTEMPATH\CodeIgniter.php(482): CodeIgniter\CodeIgniter->runController(Object(App\Controllers\CustomerAdmin))
 6 SYSTEMPATH\CodeIgniter.php(351): CodeIgniter\CodeIgniter->handleRequest(null, Object(Config\Cache), false)
 7 FCPATH\index.php(67): CodeIgniter\CodeIgniter->run()
 8 SYSTEMPATH\Commands\Server\rewrite.php(46): require_once('FCPATH\\index.php')
CRITICAL - 2023-02-12 10:51:14 --> There is no data to insert.
in SYSTEMPATH\BaseModel.php on line 729.
 1 SYSTEMPATH\BaseModel.php(729): CodeIgniter\Database\Exceptions\DataException::forEmptyDataset('insert')
 2 SYSTEMPATH\Model.php(667): CodeIgniter\BaseModel->insert([], true)
 3 APPPATH\Controllers\CustomerAdmin.php(63): CodeIgniter\Model->insert([...])
 4 SYSTEMPATH\CodeIgniter.php(927): App\Controllers\CustomerAdmin->insert()
 5 SYSTEMPATH\CodeIgniter.php(482): CodeIgniter\CodeIgniter->runController(Object(App\Controllers\CustomerAdmin))
 6 SYSTEMPATH\CodeIgniter.php(351): CodeIgniter\CodeIgniter->handleRequest(null, Object(Config\Cache), false)
 7 FCPATH\index.php(67): CodeIgniter\CodeIgniter->run()
 8 SYSTEMPATH\Commands\Server\rewrite.php(46): require_once('FCPATH\\index.php')
CRITICAL - 2023-02-12 10:54:07 --> There is no data to insert.
in SYSTEMPATH\BaseModel.php on line 729.
 1 SYSTEMPATH\BaseModel.php(729): CodeIgniter\Database\Exceptions\DataException::forEmptyDataset('insert')
 2 SYSTEMPATH\Model.php(667): CodeIgniter\BaseModel->insert([], true)
 3 APPPATH\Controllers\CustomerAdmin.php(63): CodeIgniter\Model->insert([...])
 4 SYSTEMPATH\CodeIgniter.php(927): App\Controllers\CustomerAdmin->insert()
 5 SYSTEMPATH\CodeIgniter.php(482): CodeIgniter\CodeIgniter->runController(Object(App\Controllers\CustomerAdmin))
 6 SYSTEMPATH\CodeIgniter.php(351): CodeIgniter\CodeIgniter->handleRequest(null, Object(Config\Cache), false)
 7 FCPATH\index.php(67): CodeIgniter\CodeIgniter->run()
 8 SYSTEMPATH\Commands\Server\rewrite.php(46): require_once('FCPATH\\index.php')
CRITICAL - 2023-02-12 10:56:21 --> There is no data to insert.
in SYSTEMPATH\BaseModel.php on line 729.
 1 SYSTEMPATH\BaseModel.php(729): CodeIgniter\Database\Exceptions\DataException::forEmptyDataset('insert')
 2 SYSTEMPATH\Model.php(667): CodeIgniter\BaseModel->insert([], true)
 3 APPPATH\Controllers\CustomerAdmin.php(65): CodeIgniter\Model->insert([...])
 4 SYSTEMPATH\CodeIgniter.php(927): App\Controllers\CustomerAdmin->insert()
 5 SYSTEMPATH\CodeIgniter.php(482): CodeIgniter\CodeIgniter->runController(Object(App\Controllers\CustomerAdmin))
 6 SYSTEMPATH\CodeIgniter.php(351): CodeIgniter\CodeIgniter->handleRequest(null, Object(Config\Cache), false)
 7 FCPATH\index.php(67): CodeIgniter\CodeIgniter->run()
 8 SYSTEMPATH\Commands\Server\rewrite.php(46): require_once('FCPATH\\index.php')
CRITICAL - 2023-02-12 10:57:40 --> There is no data to insert.
in SYSTEMPATH\BaseModel.php on line 729.
 1 SYSTEMPATH\BaseModel.php(729): CodeIgniter\Database\Exceptions\DataException::forEmptyDataset('insert')
 2 SYSTEMPATH\Model.php(667): CodeIgniter\BaseModel->insert([], true)
 3 APPPATH\Controllers\CustomerAdmin.php(65): CodeIgniter\Model->insert([...])
 4 SYSTEMPATH\CodeIgniter.php(927): App\Controllers\CustomerAdmin->insert()
 5 SYSTEMPATH\CodeIgniter.php(482): CodeIgniter\CodeIgniter->runController(Object(App\Controllers\CustomerAdmin))
 6 SYSTEMPATH\CodeIgniter.php(351): CodeIgniter\CodeIgniter->handleRequest(null, Object(Config\Cache), false)
 7 FCPATH\index.php(67): CodeIgniter\CodeIgniter->run()
 8 SYSTEMPATH\Commands\Server\rewrite.php(46): require_once('FCPATH\\index.php')
CRITICAL - 2023-02-12 10:57:43 --> There is no data to insert.
in SYSTEMPATH\BaseModel.php on line 729.
 1 SYSTEMPATH\BaseModel.php(729): CodeIgniter\Database\Exceptions\DataException::forEmptyDataset('insert')
 2 SYSTEMPATH\Model.php(667): CodeIgniter\BaseModel->insert([], true)
 3 APPPATH\Controllers\CustomerAdmin.php(65): CodeIgniter\Model->insert([...])
 4 SYSTEMPATH\CodeIgniter.php(927): App\Controllers\CustomerAdmin->insert()
 5 SYSTEMPATH\CodeIgniter.php(482): CodeIgniter\CodeIgniter->runController(Object(App\Controllers\CustomerAdmin))
 6 SYSTEMPATH\CodeIgniter.php(351): CodeIgniter\CodeIgniter->handleRequest(null, Object(Config\Cache), false)
 7 FCPATH\index.php(67): CodeIgniter\CodeIgniter->run()
 8 SYSTEMPATH\Commands\Server\rewrite.php(46): require_once('FCPATH\\index.php')
CRITICAL - 2023-02-12 10:58:11 --> Invalid file: /admin/qlproduct/add.php
in SYSTEMPATH\Exceptions\FrameworkException.php on line 33.
 1 SYSTEMPATH\View\View.php(201): CodeIgniter\Exceptions\FrameworkException::forInvalidFile('/admin/qlproduct/add.php')
 2 SYSTEMPATH\Common.php(1134): CodeIgniter\View\View->render('/admin/qlproduct/add', [], true)
 3 APPPATH\Controllers\QLProductAdmin.php(61): view('/admin/qlproduct/add', [...])
 4 SYSTEMPATH\CodeIgniter.php(927): App\Controllers\QLProductAdmin->insert()
 5 SYSTEMPATH\CodeIgniter.php(482): CodeIgniter\CodeIgniter->runController(Object(App\Controllers\QLProductAdmin))
 6 SYSTEMPATH\CodeIgniter.php(351): CodeIgniter\CodeIgniter->handleRequest(null, Object(Config\Cache), false)
 7 FCPATH\index.php(67): CodeIgniter\CodeIgniter->run()
 8 SYSTEMPATH\Commands\Server\rewrite.php(46): require_once('FCPATH\\index.php')
CRITICAL - 2023-02-12 11:17:35 --> There is no data to insert.
in SYSTEMPATH\BaseModel.php on line 729.
 1 SYSTEMPATH\BaseModel.php(729): CodeIgniter\Database\Exceptions\DataException::forEmptyDataset('insert')
 2 SYSTEMPATH\Model.php(667): CodeIgniter\BaseModel->insert([], true)
 3 APPPATH\Controllers\CustomerAdmin.php(63): CodeIgniter\Model->insert([...])
 4 SYSTEMPATH\CodeIgniter.php(927): App\Controllers\CustomerAdmin->insert()
 5 SYSTEMPATH\CodeIgniter.php(482): CodeIgniter\CodeIgniter->runController(Object(App\Controllers\CustomerAdmin))
 6 SYSTEMPATH\CodeIgniter.php(351): CodeIgniter\CodeIgniter->handleRequest(null, Object(Config\Cache), false)
 7 FCPATH\index.php(67): CodeIgniter\CodeIgniter->run()
 8 SYSTEMPATH\Commands\Server\rewrite.php(46): require_once('FCPATH\\index.php')
CRITICAL - 2023-02-12 11:24:48 --> There is no data to insert.
in SYSTEMPATH\BaseModel.php on line 729.
 1 SYSTEMPATH\BaseModel.php(729): CodeIgniter\Database\Exceptions\DataException::forEmptyDataset('insert')
 2 SYSTEMPATH\Model.php(667): CodeIgniter\BaseModel->insert([], true)
 3 APPPATH\Controllers\CustomerAdmin.php(65): CodeIgniter\Model->insert([...])
 4 SYSTEMPATH\CodeIgniter.php(927): App\Controllers\CustomerAdmin->insert()
 5 SYSTEMPATH\CodeIgniter.php(482): CodeIgniter\CodeIgniter->runController(Object(App\Controllers\CustomerAdmin))
 6 SYSTEMPATH\CodeIgniter.php(351): CodeIgniter\CodeIgniter->handleRequest(null, Object(Config\Cache), false)
 7 FCPATH\index.php(67): CodeIgniter\CodeIgniter->run()
 8 SYSTEMPATH\Commands\Server\rewrite.php(46): require_once('FCPATH\\index.php')
CRITICAL - 2023-02-12 11:24:50 --> There is no data to insert.
in SYSTEMPATH\BaseModel.php on line 729.
 1 SYSTEMPATH\BaseModel.php(729): CodeIgniter\Database\Exceptions\DataException::forEmptyDataset('insert')
 2 SYSTEMPATH\Model.php(667): CodeIgniter\BaseModel->insert([], true)
 3 APPPATH\Controllers\CustomerAdmin.php(65): CodeIgniter\Model->insert([...])
 4 SYSTEMPATH\CodeIgniter.php(927): App\Controllers\CustomerAdmin->insert()
 5 SYSTEMPATH\CodeIgniter.php(482): CodeIgniter\CodeIgniter->runController(Object(App\Controllers\CustomerAdmin))
 6 SYSTEMPATH\CodeIgniter.php(351): CodeIgniter\CodeIgniter->handleRequest(null, Object(Config\Cache), false)
 7 FCPATH\index.php(67): CodeIgniter\CodeIgniter->run()
 8 SYSTEMPATH\Commands\Server\rewrite.php(46): require_once('FCPATH\\index.php')
CRITICAL - 2023-02-12 11:24:53 --> There is no data to insert.
in SYSTEMPATH\BaseModel.php on line 729.
 1 SYSTEMPATH\BaseModel.php(729): CodeIgniter\Database\Exceptions\DataException::forEmptyDataset('insert')
 2 SYSTEMPATH\Model.php(667): CodeIgniter\BaseModel->insert([], true)
 3 APPPATH\Controllers\CustomerAdmin.php(65): CodeIgniter\Model->insert([...])
 4 SYSTEMPATH\CodeIgniter.php(927): App\Controllers\CustomerAdmin->insert()
 5 SYSTEMPATH\CodeIgniter.php(482): CodeIgniter\CodeIgniter->runController(Object(App\Controllers\CustomerAdmin))
 6 SYSTEMPATH\CodeIgniter.php(351): CodeIgniter\CodeIgniter->handleRequest(null, Object(Config\Cache), false)
 7 FCPATH\index.php(67): CodeIgniter\CodeIgniter->run()
 8 SYSTEMPATH\Commands\Server\rewrite.php(46): require_once('FCPATH\\index.php')
CRITICAL - 2023-02-12 11:26:01 --> There is no data to insert.
in SYSTEMPATH\BaseModel.php on line 729.
 1 SYSTEMPATH\BaseModel.php(729): CodeIgniter\Database\Exceptions\DataException::forEmptyDataset('insert')
 2 SYSTEMPATH\Model.php(667): CodeIgniter\BaseModel->insert([], true)
 3 APPPATH\Controllers\CustomerAdmin.php(65): CodeIgniter\Model->insert([...])
 4 SYSTEMPATH\CodeIgniter.php(927): App\Controllers\CustomerAdmin->insert()
 5 SYSTEMPATH\CodeIgniter.php(482): CodeIgniter\CodeIgniter->runController(Object(App\Controllers\CustomerAdmin))
 6 SYSTEMPATH\CodeIgniter.php(351): CodeIgniter\CodeIgniter->handleRequest(null, Object(Config\Cache), false)
 7 FCPATH\index.php(67): CodeIgniter\CodeIgniter->run()
 8 SYSTEMPATH\Commands\Server\rewrite.php(46): require_once('FCPATH\\index.php')
CRITICAL - 2023-02-12 11:28:05 --> There is no data to insert.
in SYSTEMPATH\BaseModel.php on line 729.
 1 SYSTEMPATH\BaseModel.php(729): CodeIgniter\Database\Exceptions\DataException::forEmptyDataset('insert')
 2 SYSTEMPATH\Model.php(667): CodeIgniter\BaseModel->insert([], true)
 3 APPPATH\Controllers\CustomerAdmin.php(65): CodeIgniter\Model->insert([...])
 4 SYSTEMPATH\CodeIgniter.php(927): App\Controllers\CustomerAdmin->insert()
 5 SYSTEMPATH\CodeIgniter.php(482): CodeIgniter\CodeIgniter->runController(Object(App\Controllers\CustomerAdmin))
 6 SYSTEMPATH\CodeIgniter.php(351): CodeIgniter\CodeIgniter->handleRequest(null, Object(Config\Cache), false)
 7 FCPATH\index.php(67): CodeIgniter\CodeIgniter->run()
 8 SYSTEMPATH\Commands\Server\rewrite.php(46): require_once('FCPATH\\index.php')
CRITICAL - 2023-02-12 11:28:16 --> There is no data to insert.
in SYSTEMPATH\BaseModel.php on line 729.
 1 SYSTEMPATH\BaseModel.php(729): CodeIgniter\Database\Exceptions\DataException::forEmptyDataset('insert')
 2 SYSTEMPATH\Model.php(667): CodeIgniter\BaseModel->insert([], true)
 3 APPPATH\Controllers\CustomerAdmin.php(65): CodeIgniter\Model->insert([...])
 4 SYSTEMPATH\CodeIgniter.php(927): App\Controllers\CustomerAdmin->insert()
 5 SYSTEMPATH\CodeIgniter.php(482): CodeIgniter\CodeIgniter->runController(Object(App\Controllers\CustomerAdmin))
 6 SYSTEMPATH\CodeIgniter.php(351): CodeIgniter\CodeIgniter->handleRequest(null, Object(Config\Cache), false)
 7 FCPATH\index.php(67): CodeIgniter\CodeIgniter->run()
 8 SYSTEMPATH\Commands\Server\rewrite.php(46): require_once('FCPATH\\index.php')
CRITICAL - 2023-02-12 11:28:21 --> There is no data to insert.
in SYSTEMPATH\BaseModel.php on line 729.
 1 SYSTEMPATH\BaseModel.php(729): CodeIgniter\Database\Exceptions\DataException::forEmptyDataset('insert')
 2 SYSTEMPATH\Model.php(667): CodeIgniter\BaseModel->insert([], true)
 3 APPPATH\Controllers\CustomerAdmin.php(65): CodeIgniter\Model->insert([...])
 4 SYSTEMPATH\CodeIgniter.php(927): App\Controllers\CustomerAdmin->insert()
 5 SYSTEMPATH\CodeIgniter.php(482): CodeIgniter\CodeIgniter->runController(Object(App\Controllers\CustomerAdmin))
 6 SYSTEMPATH\CodeIgniter.php(351): CodeIgniter\CodeIgniter->handleRequest(null, Object(Config\Cache), false)
 7 FCPATH\index.php(67): CodeIgniter\CodeIgniter->run()
 8 SYSTEMPATH\Commands\Server\rewrite.php(46): require_once('FCPATH\\index.php')
CRITICAL - 2023-02-12 11:31:22 --> There is no data to insert.
in SYSTEMPATH\BaseModel.php on line 729.
 1 SYSTEMPATH\BaseModel.php(729): CodeIgniter\Database\Exceptions\DataException::forEmptyDataset('insert')
 2 SYSTEMPATH\Model.php(667): CodeIgniter\BaseModel->insert([], true)
 3 APPPATH\Controllers\CustomerAdmin.php(65): CodeIgniter\Model->insert([...])
 4 SYSTEMPATH\CodeIgniter.php(927): App\Controllers\CustomerAdmin->insert()
 5 SYSTEMPATH\CodeIgniter.php(482): CodeIgniter\CodeIgniter->runController(Object(App\Controllers\CustomerAdmin))
 6 SYSTEMPATH\CodeIgniter.php(351): CodeIgniter\CodeIgniter->handleRequest(null, Object(Config\Cache), false)
 7 FCPATH\index.php(67): CodeIgniter\CodeIgniter->run()
 8 SYSTEMPATH\Commands\Server\rewrite.php(46): require_once('FCPATH\\index.php')
CRITICAL - 2023-02-12 11:31:41 --> There is no data to insert.
in SYSTEMPATH\BaseModel.php on line 729.
 1 SYSTEMPATH\BaseModel.php(729): CodeIgniter\Database\Exceptions\DataException::forEmptyDataset('insert')
 2 SYSTEMPATH\Model.php(667): CodeIgniter\BaseModel->insert([], true)
 3 APPPATH\Controllers\CustomerAdmin.php(65): CodeIgniter\Model->insert([...])
 4 SYSTEMPATH\CodeIgniter.php(927): App\Controllers\CustomerAdmin->insert()
 5 SYSTEMPATH\CodeIgniter.php(482): CodeIgniter\CodeIgniter->runController(Object(App\Controllers\CustomerAdmin))
 6 SYSTEMPATH\CodeIgniter.php(351): CodeIgniter\CodeIgniter->handleRequest(null, Object(Config\Cache), false)
 7 FCPATH\index.php(67): CodeIgniter\CodeIgniter->run()
 8 SYSTEMPATH\Commands\Server\rewrite.php(46): require_once('FCPATH\\index.php')
CRITICAL - 2023-02-12 19:51:50 --> Undefined array key "id"
in APPPATH\Views\admin\qlkhach.php on line 65.
 1 APPPATH\Views\admin\qlkhach.php(65): CodeIgniter\Debug\Exceptions->errorHandler(2, 'Undefined array key "id"', 'APPPATH\\Views\\admin\\qlkhach.php', 65)
 2 SYSTEMPATH\View\View.php(213): include('APPPATH\\Views\\admin\\qlkhach.php')
 3 SYSTEMPATH\View\View.php(216): CodeIgniter\View\View->CodeIgniter\View\{closure}()
 4 SYSTEMPATH\Common.php(1134): CodeIgniter\View\View->render('admin/qlkhach', [], true)
 5 APPPATH\Controllers\CustomerAdmin.php(18): view('admin/qlkhach', [...])
 6 SYSTEMPATH\CodeIgniter.php(927): App\Controllers\CustomerAdmin->index()
 7 SYSTEMPATH\CodeIgniter.php(482): CodeIgniter\CodeIgniter->runController(Object(App\Controllers\CustomerAdmin))
 8 SYSTEMPATH\CodeIgniter.php(351): CodeIgniter\CodeIgniter->handleRequest(null, Object(Config\Cache), false)
 9 FCPATH\index.php(67): CodeIgniter\CodeIgniter->run()
10 SYSTEMPATH\Commands\Server\rewrite.php(46): require_once('FCPATH\\index.php')
CRITICAL - 2023-02-12 19:54:13 --> There is no data to insert.
in SYSTEMPATH\BaseModel.php on line 729.
 1 SYSTEMPATH\BaseModel.php(729): CodeIgniter\Database\Exceptions\DataException::forEmptyDataset('insert')
 2 SYSTEMPATH\Model.php(667): CodeIgniter\BaseModel->insert([], true)
 3 APPPATH\Controllers\CustomerAdmin.php(65): CodeIgniter\Model->insert([...])
 4 SYSTEMPATH\CodeIgniter.php(927): App\Controllers\CustomerAdmin->insert()
 5 SYSTEMPATH\CodeIgniter.php(482): CodeIgniter\CodeIgniter->runController(Object(App\Controllers\CustomerAdmin))
 6 SYSTEMPATH\CodeIgniter.php(351): CodeIgniter\CodeIgniter->handleRequest(null, Object(Config\Cache), false)
 7 FCPATH\index.php(67): CodeIgniter\CodeIgniter->run()
 8 SYSTEMPATH\Commands\Server\rewrite.php(46): require_once('FCPATH\\index.php')
CRITICAL - 2023-02-12 19:59:02 --> There is no data to insert.
in SYSTEMPATH\BaseModel.php on line 729.
 1 SYSTEMPATH\BaseModel.php(729): CodeIgniter\Database\Exceptions\DataException::forEmptyDataset('insert')
 2 SYSTEMPATH\Model.php(667): CodeIgniter\BaseModel->insert([], true)
 3 APPPATH\Controllers\CustomerAdmin.php(72): CodeIgniter\Model->insert([...])
 4 SYSTEMPATH\CodeIgniter.php(927): App\Controllers\CustomerAdmin->insert()
 5 SYSTEMPATH\CodeIgniter.php(482): CodeIgniter\CodeIgniter->runController(Object(App\Controllers\CustomerAdmin))
 6 SYSTEMPATH\CodeIgniter.php(351): CodeIgniter\CodeIgniter->handleRequest(null, Object(Config\Cache), false)
 7 FCPATH\index.php(67): CodeIgniter\CodeIgniter->run()
 8 SYSTEMPATH\Commands\Server\rewrite.php(46): require_once('FCPATH\\index.php')
CRITICAL - 2023-02-12 19:59:05 --> There is no data to insert.
in SYSTEMPATH\BaseModel.php on line 729.
 1 SYSTEMPATH\BaseModel.php(729): CodeIgniter\Database\Exceptions\DataException::forEmptyDataset('insert')
 2 SYSTEMPATH\Model.php(667): CodeIgniter\BaseModel->insert([], true)
 3 APPPATH\Controllers\CustomerAdmin.php(72): CodeIgniter\Model->insert([...])
 4 SYSTEMPATH\CodeIgniter.php(927): App\Controllers\CustomerAdmin->insert()
 5 SYSTEMPATH\CodeIgniter.php(482): CodeIgniter\CodeIgniter->runController(Object(App\Controllers\CustomerAdmin))
 6 SYSTEMPATH\CodeIgniter.php(351): CodeIgniter\CodeIgniter->handleRequest(null, Object(Config\Cache), false)
 7 FCPATH\index.php(67): CodeIgniter\CodeIgniter->run()
 8 SYSTEMPATH\Commands\Server\rewrite.php(46): require_once('FCPATH\\index.php')
CRITICAL - 2023-02-12 20:14:46 --> Cannot access offset of type string on string
in APPPATH\Views\admin\qlkhach_edit.php on line 113.
 1 SYSTEMPATH\View\View.php(213): include()
 2 SYSTEMPATH\View\View.php(216): CodeIgniter\View\View->CodeIgniter\View\{closure}()
 3 SYSTEMPATH\Common.php(1134): CodeIgniter\View\View->render('admin/qlkhach_edit', [], true)
 4 APPPATH\Controllers\CustomerAdmin.php(79): view('admin/qlkhach_edit', [...])
 5 SYSTEMPATH\CodeIgniter.php(927): App\Controllers\CustomerAdmin->update('20')
 6 SYSTEMPATH\CodeIgniter.php(482): CodeIgniter\CodeIgniter->runController(Object(App\Controllers\CustomerAdmin))
 7 SYSTEMPATH\CodeIgniter.php(351): CodeIgniter\CodeIgniter->handleRequest(null, Object(Config\Cache), false)
 8 FCPATH\index.php(67): CodeIgniter\CodeIgniter->run()
 9 SYSTEMPATH\Commands\Server\rewrite.php(46): require_once('FCPATH\\index.php')
CRITICAL - 2023-02-12 20:16:04 --> Trying to access array offset on value of type null
in APPPATH\Views\admin\qlkhach_edit.php on line 41.
 1 APPPATH\Views\admin\qlkhach_edit.php(41): CodeIgniter\Debug\Exceptions->errorHandler(2, 'Trying to access array offset on value of type null', 'APPPATH\\Views\\admin\\qlkhach_edit.php', 41)
 2 SYSTEMPATH\View\View.php(213): include('APPPATH\\Views\\admin\\qlkhach_edit.php')
 3 SYSTEMPATH\View\View.php(216): CodeIgniter\View\View->CodeIgniter\View\{closure}()
 4 SYSTEMPATH\Common.php(1134): CodeIgniter\View\View->render('admin/qlkhach_edit', [], true)
 5 APPPATH\Controllers\CustomerAdmin.php(79): view('admin/qlkhach_edit', [...])
 6 SYSTEMPATH\CodeIgniter.php(927): App\Controllers\CustomerAdmin->update('20')
 7 SYSTEMPATH\CodeIgniter.php(482): CodeIgniter\CodeIgniter->runController(Object(App\Controllers\CustomerAdmin))
 8 SYSTEMPATH\CodeIgniter.php(351): CodeIgniter\CodeIgniter->handleRequest(null, Object(Config\Cache), false)
 9 FCPATH\index.php(67): CodeIgniter\CodeIgniter->run()
10 SYSTEMPATH\Commands\Server\rewrite.php(46): require_once('FCPATH\\index.php')
CRITICAL - 2023-02-12 20:16:07 --> Cannot access offset of type string on string
in APPPATH\Views\admin\qlkhach_edit.php on line 113.
 1 SYSTEMPATH\View\View.php(213): include()
 2 SYSTEMPATH\View\View.php(216): CodeIgniter\View\View->CodeIgniter\View\{closure}()
 3 SYSTEMPATH\Common.php(1134): CodeIgniter\View\View->render('admin/qlkhach_edit', [], true)
 4 APPPATH\Controllers\CustomerAdmin.php(79): view('admin/qlkhach_edit', [...])
 5 SYSTEMPATH\CodeIgniter.php(927): App\Controllers\CustomerAdmin->update('4')
 6 SYSTEMPATH\CodeIgniter.php(482): CodeIgniter\CodeIgniter->runController(Object(App\Controllers\CustomerAdmin))
 7 SYSTEMPATH\CodeIgniter.php(351): CodeIgniter\CodeIgniter->handleRequest(null, Object(Config\Cache), false)
 8 FCPATH\index.php(67): CodeIgniter\CodeIgniter->run()
 9 SYSTEMPATH\Commands\Server\rewrite.php(46): require_once('FCPATH\\index.php')
CRITICAL - 2023-02-12 20:17:02 --> Cannot access offset of type string on string
in APPPATH\Views\admin\qlkhach_edit.php on line 113.
 1 SYSTEMPATH\View\View.php(213): include()
 2 SYSTEMPATH\View\View.php(216): CodeIgniter\View\View->CodeIgniter\View\{closure}()
 3 SYSTEMPATH\Common.php(1134): CodeIgniter\View\View->render('admin/qlkhach_edit', [], true)
 4 APPPATH\Controllers\CustomerAdmin.php(79): view('admin/qlkhach_edit', [...])
 5 SYSTEMPATH\CodeIgniter.php(927): App\Controllers\CustomerAdmin->update('4')
 6 SYSTEMPATH\CodeIgniter.php(482): CodeIgniter\CodeIgniter->runController(Object(App\Controllers\CustomerAdmin))
 7 SYSTEMPATH\CodeIgniter.php(351): CodeIgniter\CodeIgniter->handleRequest(null, Object(Config\Cache), false)
 8 FCPATH\index.php(67): CodeIgniter\CodeIgniter->run()
 9 SYSTEMPATH\Commands\Server\rewrite.php(46): require_once('FCPATH\\index.php')
CRITICAL - 2023-02-12 20:17:04 --> Cannot access offset of type string on string
in APPPATH\Views\admin\qlkhach_edit.php on line 113.
 1 SYSTEMPATH\View\View.php(213): include()
 2 SYSTEMPATH\View\View.php(216): CodeIgniter\View\View->CodeIgniter\View\{closure}()
 3 SYSTEMPATH\Common.php(1134): CodeIgniter\View\View->render('admin/qlkhach_edit', [], true)
 4 APPPATH\Controllers\CustomerAdmin.php(79): view('admin/qlkhach_edit', [...])
 5 SYSTEMPATH\CodeIgniter.php(927): App\Controllers\CustomerAdmin->update('4')
 6 SYSTEMPATH\CodeIgniter.php(482): CodeIgniter\CodeIgniter->runController(Object(App\Controllers\CustomerAdmin))
 7 SYSTEMPATH\CodeIgniter.php(351): CodeIgniter\CodeIgniter->handleRequest(null, Object(Config\Cache), false)
 8 FCPATH\index.php(67): CodeIgniter\CodeIgniter->run()
 9 SYSTEMPATH\Commands\Server\rewrite.php(46): require_once('FCPATH\\index.php')
CRITICAL - 2023-02-12 20:17:08 --> Cannot access offset of type string on string
in APPPATH\Views\admin\qlkhach_edit.php on line 113.
 1 SYSTEMPATH\View\View.php(213): include()
 2 SYSTEMPATH\View\View.php(216): CodeIgniter\View\View->CodeIgniter\View\{closure}()
 3 SYSTEMPATH\Common.php(1134): CodeIgniter\View\View->render('admin/qlkhach_edit', [], true)
 4 APPPATH\Controllers\CustomerAdmin.php(79): view('admin/qlkhach_edit', [...])
 5 SYSTEMPATH\CodeIgniter.php(927): App\Controllers\CustomerAdmin->update('4')
 6 SYSTEMPATH\CodeIgniter.php(482): CodeIgniter\CodeIgniter->runController(Object(App\Controllers\CustomerAdmin))
 7 SYSTEMPATH\CodeIgniter.php(351): CodeIgniter\CodeIgniter->handleRequest(null, Object(Config\Cache), false)
 8 FCPATH\index.php(67): CodeIgniter\CodeIgniter->run()
 9 SYSTEMPATH\Commands\Server\rewrite.php(46): require_once('FCPATH\\index.php')
CRITICAL - 2023-02-12 20:17:10 --> Cannot access offset of type string on string
in APPPATH\Views\admin\qlkhach_edit.php on line 113.
 1 SYSTEMPATH\View\View.php(213): include()
 2 SYSTEMPATH\View\View.php(216): CodeIgniter\View\View->CodeIgniter\View\{closure}()
 3 SYSTEMPATH\Common.php(1134): CodeIgniter\View\View->render('admin/qlkhach_edit', [], true)
 4 APPPATH\Controllers\CustomerAdmin.php(79): view('admin/qlkhach_edit', [...])
 5 SYSTEMPATH\CodeIgniter.php(927): App\Controllers\CustomerAdmin->update('4')
 6 SYSTEMPATH\CodeIgniter.php(482): CodeIgniter\CodeIgniter->runController(Object(App\Controllers\CustomerAdmin))
 7 SYSTEMPATH\CodeIgniter.php(351): CodeIgniter\CodeIgniter->handleRequest(null, Object(Config\Cache), false)
 8 FCPATH\index.php(67): CodeIgniter\CodeIgniter->run()
 9 SYSTEMPATH\Commands\Server\rewrite.php(46): require_once('FCPATH\\index.php')
CRITICAL - 2023-02-12 20:17:48 --> There is no data to update.
in SYSTEMPATH\BaseModel.php on line 867.
 1 SYSTEMPATH\BaseModel.php(867): CodeIgniter\Database\Exceptions\DataException::forEmptyDataset('update')
 2 SYSTEMPATH\Model.php(693): CodeIgniter\BaseModel->update([...], [])
 3 APPPATH\Controllers\CustomerAdmin.php(96): CodeIgniter\Model->update('4', [...])
 4 SYSTEMPATH\CodeIgniter.php(927): App\Controllers\CustomerAdmin->edit()
 5 SYSTEMPATH\CodeIgniter.php(482): CodeIgniter\CodeIgniter->runController(Object(App\Controllers\CustomerAdmin))
 6 SYSTEMPATH\CodeIgniter.php(351): CodeIgniter\CodeIgniter->handleRequest(null, Object(Config\Cache), false)
 7 FCPATH\index.php(67): CodeIgniter\CodeIgniter->run()
 8 SYSTEMPATH\Commands\Server\rewrite.php(46): require_once('FCPATH\\index.php')
CRITICAL - 2023-02-12 21:25:31 --> There is no data to update.
in SYSTEMPATH\BaseModel.php on line 867.
 1 SYSTEMPATH\BaseModel.php(867): CodeIgniter\Database\Exceptions\DataException::forEmptyDataset('update')
 2 SYSTEMPATH\Model.php(693): CodeIgniter\BaseModel->update([...], [])
 3 APPPATH\Controllers\CustomerAdmin.php(96): CodeIgniter\Model->update('1', [...])
 4 SYSTEMPATH\CodeIgniter.php(927): App\Controllers\CustomerAdmin->edit()
 5 SYSTEMPATH\CodeIgniter.php(482): CodeIgniter\CodeIgniter->runController(Object(App\Controllers\CustomerAdmin))
 6 SYSTEMPATH\CodeIgniter.php(351): CodeIgniter\CodeIgniter->handleRequest(null, Object(Config\Cache), false)
 7 FCPATH\index.php(67): CodeIgniter\CodeIgniter->run()
 8 SYSTEMPATH\Commands\Server\rewrite.php(46): require_once('FCPATH\\index.php')
CRITICAL - 2023-02-12 21:31:46 --> There is no data to insert.
in SYSTEMPATH\BaseModel.php on line 729.
 1 SYSTEMPATH\BaseModel.php(729): CodeIgniter\Database\Exceptions\DataException::forEmptyDataset('insert')
 2 SYSTEMPATH\Model.php(667): CodeIgniter\BaseModel->insert([], true)
 3 APPPATH\Controllers\CustomerAdmin.php(64): CodeIgniter\Model->insert([...])
 4 SYSTEMPATH\CodeIgniter.php(927): App\Controllers\CustomerAdmin->insert()
 5 SYSTEMPATH\CodeIgniter.php(482): CodeIgniter\CodeIgniter->runController(Object(App\Controllers\CustomerAdmin))
 6 SYSTEMPATH\CodeIgniter.php(351): CodeIgniter\CodeIgniter->handleRequest(null, Object(Config\Cache), false)
 7 FCPATH\index.php(67): CodeIgniter\CodeIgniter->run()
 8 SYSTEMPATH\Commands\Server\rewrite.php(46): require_once('FCPATH\\index.php')
CRITICAL - 2023-02-12 21:33:34 --> There is no data to insert.
in SYSTEMPATH\BaseModel.php on line 729.
 1 SYSTEMPATH\BaseModel.php(729): CodeIgniter\Database\Exceptions\DataException::forEmptyDataset('insert')
 2 SYSTEMPATH\Model.php(667): CodeIgniter\BaseModel->insert([], true)
 3 APPPATH\Controllers\CustomerAdmin.php(64): CodeIgniter\Model->insert([...])
 4 SYSTEMPATH\CodeIgniter.php(927): App\Controllers\CustomerAdmin->insert()
 5 SYSTEMPATH\CodeIgniter.php(482): CodeIgniter\CodeIgniter->runController(Object(App\Controllers\CustomerAdmin))
 6 SYSTEMPATH\CodeIgniter.php(351): CodeIgniter\CodeIgniter->handleRequest(null, Object(Config\Cache), false)
 7 FCPATH\index.php(67): CodeIgniter\CodeIgniter->run()
 8 SYSTEMPATH\Commands\Server\rewrite.php(46): require_once('FCPATH\\index.php')
CRITICAL - 2023-02-12 23:05:23 --> Undefined array key "dm_name"
in APPPATH\Views\frontend\product_detail.php on line 74.
 1 APPPATH\Views\frontend\product_detail.php(74): CodeIgniter\Debug\Exceptions->errorHandler(2, 'Undefined array key "dm_name"', 'APPPATH\\Views\\frontend\\product_detail.php', 74)
 2 SYSTEMPATH\View\View.php(213): include('APPPATH\\Views\\frontend\\product_detail.php')
 3 SYSTEMPATH\View\View.php(216): CodeIgniter\View\View->CodeIgniter\View\{closure}()
 4 SYSTEMPATH\Common.php(1134): CodeIgniter\View\View->render('frontend/product_detail', [], true)
 5 APPPATH\Controllers\ProductFrontend.php(71): view('frontend/product_detail', [...])
 6 SYSTEMPATH\CodeIgniter.php(927): App\Controllers\ProductFrontend->detail('6')
 7 SYSTEMPATH\CodeIgniter.php(482): CodeIgniter\CodeIgniter->runController(Object(App\Controllers\ProductFrontend))
 8 SYSTEMPATH\CodeIgniter.php(351): CodeIgniter\CodeIgniter->handleRequest(null, Object(Config\Cache), false)
 9 FCPATH\index.php(67): CodeIgniter\CodeIgniter->run()
10 SYSTEMPATH\Commands\Server\rewrite.php(46): require_once('FCPATH\\index.php')
CRITICAL - 2023-02-12 23:09:37 --> Undefined array key "dm_name"
in APPPATH\Views\frontend\product_detail.php on line 74.
 1 APPPATH\Views\frontend\product_detail.php(74): CodeIgniter\Debug\Exceptions->errorHandler(2, 'Undefined array key "dm_name"', 'APPPATH\\Views\\frontend\\product_detail.php', 74)
 2 SYSTEMPATH\View\View.php(213): include('APPPATH\\Views\\frontend\\product_detail.php')
 3 SYSTEMPATH\View\View.php(216): CodeIgniter\View\View->CodeIgniter\View\{closure}()
 4 SYSTEMPATH\Common.php(1134): CodeIgniter\View\View->render('frontend/product_detail', [], true)
 5 APPPATH\Controllers\ProductFrontend.php(71): view('frontend/product_detail', [...])
 6 SYSTEMPATH\CodeIgniter.php(927): App\Controllers\ProductFrontend->detail('6')
 7 SYSTEMPATH\CodeIgniter.php(482): CodeIgniter\CodeIgniter->runController(Object(App\Controllers\ProductFrontend))
 8 SYSTEMPATH\CodeIgniter.php(351): CodeIgniter\CodeIgniter->handleRequest(null, Object(Config\Cache), false)
 9 FCPATH\index.php(67): CodeIgniter\CodeIgniter->run()
10 SYSTEMPATH\Commands\Server\rewrite.php(46): require_once('FCPATH\\index.php')
CRITICAL - 2023-02-12 23:09:39 --> Undefined array key "dm_name"
in APPPATH\Views\frontend\product_detail.php on line 74.
 1 APPPATH\Views\frontend\product_detail.php(74): CodeIgniter\Debug\Exceptions->errorHandler(2, 'Undefined array key "dm_name"', 'APPPATH\\Views\\frontend\\product_detail.php', 74)
 2 SYSTEMPATH\View\View.php(213): include('APPPATH\\Views\\frontend\\product_detail.php')
 3 SYSTEMPATH\View\View.php(216): CodeIgniter\View\View->CodeIgniter\View\{closure}()
 4 SYSTEMPATH\Common.php(1134): CodeIgniter\View\View->render('frontend/product_detail', [], true)
 5 APPPATH\Controllers\ProductFrontend.php(71): view('frontend/product_detail', [...])
 6 SYSTEMPATH\CodeIgniter.php(927): App\Controllers\ProductFrontend->detail('4')
 7 SYSTEMPATH\CodeIgniter.php(482): CodeIgniter\CodeIgniter->runController(Object(App\Controllers\ProductFrontend))
 8 SYSTEMPATH\CodeIgniter.php(351): CodeIgniter\CodeIgniter->handleRequest(null, Object(Config\Cache), false)
 9 FCPATH\index.php(67): CodeIgniter\CodeIgniter->run()
10 SYSTEMPATH\Commands\Server\rewrite.php(46): require_once('FCPATH\\index.php')
