CRITICAL - 2023-02-13 10:09:18 --> Undefined array key "cart"
in APPPATH\Controllers\Cart.php on line 169.
 1 APPPATH\Controllers\Cart.php(169): CodeIgniter\Debug\Exceptions->errorHandler(2, 'Undefined array key "cart"', 'APPPATH\\Controllers\\Cart.php', 169)
 2 APPPATH\Controllers\Cart.php(92): App\Controllers\Cart->formatArray([...])
 3 SYSTEMPATH\CodeIgniter.php(927): App\Controllers\Cart->form()
 4 SYSTEMPATH\CodeIgniter.php(482): CodeIgniter\CodeIgniter->runController(Object(App\Controllers\Cart))
 5 SYSTEMPATH\CodeIgniter.php(351): CodeIgniter\CodeIgniter->handleRequest(null, Object(Config\Cache), false)
 6 FCPATH\index.php(67): CodeIgniter\CodeIgniter->run()
 7 SYSTEMPATH\Commands\Server\rewrite.php(46): require_once('FCPATH\\index.php')
CRITICAL - 2023-02-13 21:03:03 --> Undefined array key "cart"
in APPPATH\Controllers\Cart.php on line 169.
 1 APPPATH\Controllers\Cart.php(169): CodeIgniter\Debug\Exceptions->errorHandler(2, 'Undefined array key "cart"', 'APPPATH\\Controllers\\Cart.php', 169)
 2 APPPATH\Controllers\Cart.php(92): App\Controllers\Cart->formatArray([...])
 3 SYSTEMPATH\CodeIgniter.php(927): App\Controllers\Cart->form()
 4 SYSTEMPATH\CodeIgniter.php(482): CodeIgniter\CodeIgniter->runController(Object(App\Controllers\Cart))
 5 SYSTEMPATH\CodeIgniter.php(351): CodeIgniter\CodeIgniter->handleRequest(null, Object(Config\Cache), false)
 6 FCPATH\index.php(67): CodeIgniter\CodeIgniter->run()
 7 SYSTEMPATH\Commands\Server\rewrite.php(46): require_once('FCPATH\\index.php')
CRITICAL - 2023-02-13 21:03:08 --> foreach() argument must be of type array|object, null given
in APPPATH\Controllers\Cart.php on line 136.
 1 APPPATH\Controllers\Cart.php(136): CodeIgniter\Debug\Exceptions->errorHandler(2, 'foreach() argument must be of type array|object, null given', 'APPPATH\\Controllers\\Cart.php', 136)
 2 SYSTEMPATH\CodeIgniter.php(927): App\Controllers\Cart->form()
 3 SYSTEMPATH\CodeIgniter.php(482): CodeIgniter\CodeIgniter->runController(Object(App\Controllers\Cart))
 4 SYSTEMPATH\CodeIgniter.php(351): CodeIgniter\CodeIgniter->handleRequest(null, Object(Config\Cache), false)
 5 FCPATH\index.php(67): CodeIgniter\CodeIgniter->run()
 6 SYSTEMPATH\Commands\Server\rewrite.php(46): require_once('FCPATH\\index.php')
