CRITICAL - 2023-02-20 00:16:00 --> Invalid file: frontend/dieukhoan.php
in SYSTEMPATH\Exceptions\FrameworkException.php on line 33.
 1 SYSTEMPATH\View\View.php(201): CodeIgniter\Exceptions\FrameworkException::forInvalidFile('frontend/dieukhoan.php')
 2 SYSTEMPATH\Common.php(1134): CodeIgniter\View\View->render('frontend/dieukhoan', [], true)
 3 APPPATH\Controllers\dieukhoang.php(13): view('frontend/dieukhoan', [...])
 4 SYSTEMPATH\CodeIgniter.php(927): App\Controllers\dieukhoang->index()
 5 SYSTEMPATH\CodeIgniter.php(482): CodeIgniter\CodeIgniter->runController(Object(App\Controllers\dieukhoang))
 6 SYSTEMPATH\CodeIgniter.php(351): CodeIgniter\CodeIgniter->handleRequest(null, Object(Config\Cache), false)
 7 FCPATH\index.php(67): CodeIgniter\CodeIgniter->run()
 8 SYSTEMPATH\Commands\Server\rewrite.php(46): require_once('FCPATH\\index.php')
CRITICAL - 2023-02-20 00:35:33 --> Invalid file: frontend/dieukhoan.php
in SYSTEMPATH\Exceptions\FrameworkException.php on line 33.
 1 SYSTEMPATH\View\View.php(201): CodeIgniter\Exceptions\FrameworkException::forInvalidFile('frontend/dieukhoan.php')
 2 SYSTEMPATH\Common.php(1134): CodeIgniter\View\View->render('frontend/dieukhoan', [], true)
 3 APPPATH\Controllers\dieukhoang.php(13): view('frontend/dieukhoan', [...])
 4 SYSTEMPATH\CodeIgniter.php(927): App\Controllers\dieukhoang->index()
 5 SYSTEMPATH\CodeIgniter.php(482): CodeIgniter\CodeIgniter->runController(Object(App\Controllers\dieukhoang))
 6 SYSTEMPATH\CodeIgniter.php(351): CodeIgniter\CodeIgniter->handleRequest(null, Object(Config\Cache), false)
 7 FCPATH\index.php(67): CodeIgniter\CodeIgniter->run()
 8 SYSTEMPATH\Commands\Server\rewrite.php(46): require_once('FCPATH\\index.php')
CRITICAL - 2023-02-20 00:35:49 --> Invalid file: frontend/dieukhoan.php
in SYSTEMPATH\Exceptions\FrameworkException.php on line 33.
 1 SYSTEMPATH\View\View.php(201): CodeIgniter\Exceptions\FrameworkException::forInvalidFile('frontend/dieukhoan.php')
 2 SYSTEMPATH\Common.php(1134): CodeIgniter\View\View->render('frontend/dieukhoan', [], true)
 3 APPPATH\Controllers\dieukhoang.php(13): view('frontend/dieukhoan', [...])
 4 SYSTEMPATH\CodeIgniter.php(927): App\Controllers\dieukhoang->index()
 5 SYSTEMPATH\CodeIgniter.php(482): CodeIgniter\CodeIgniter->runController(Object(App\Controllers\dieukhoang))
 6 SYSTEMPATH\CodeIgniter.php(351): CodeIgniter\CodeIgniter->handleRequest(null, Object(Config\Cache), false)
 7 FCPATH\index.php(67): CodeIgniter\CodeIgniter->run()
 8 SYSTEMPATH\Commands\Server\rewrite.php(46): require_once('FCPATH\\index.php')
CRITICAL - 2023-02-20 08:59:25 --> Invalid file: frontend/dieukhoan.php
in SYSTEMPATH\Exceptions\FrameworkException.php on line 33.
 1 SYSTEMPATH\View\View.php(201): CodeIgniter\Exceptions\FrameworkException::forInvalidFile('frontend/dieukhoan.php')
 2 SYSTEMPATH\Common.php(1134): CodeIgniter\View\View->render('frontend/dieukhoan', [], true)
 3 APPPATH\Controllers\dieukhoang.php(13): view('frontend/dieukhoan', [...])
 4 SYSTEMPATH\CodeIgniter.php(927): App\Controllers\dieukhoang->index()
 5 SYSTEMPATH\CodeIgniter.php(482): CodeIgniter\CodeIgniter->runController(Object(App\Controllers\dieukhoang))
 6 SYSTEMPATH\CodeIgniter.php(351): CodeIgniter\CodeIgniter->handleRequest(null, Object(Config\Cache), false)
 7 FCPATH\index.php(67): CodeIgniter\CodeIgniter->run()
 8 SYSTEMPATH\Commands\Server\rewrite.php(46): require_once('FCPATH\\index.php')
