CRITICAL - 2023-02-16 02:23:28 --> Undefined variable $contact
in APPPATH\Views\frontend\contactadmin.php on line 14.
 1 APPPATH\Views\frontend\contactadmin.php(14): CodeIgniter\Debug\Exceptions->errorHandler(2, 'Undefined variable $contact', 'APPPATH\\Views\\frontend\\contactadmin.php', 14)
 2 SYSTEMPATH\View\View.php(213): include('APPPATH\\Views\\frontend\\contactadmin.php')
 3 SYSTEMPATH\View\View.php(216): CodeIgniter\View\View->CodeIgniter\View\{closure}()
 4 SYSTEMPATH\Common.php(1134): CodeIgniter\View\View->render('frontend/contactadmin', [], true)
 5 APPPATH\Controllers\contacts.php(14): view('frontend/contactadmin', [...])
 6 SYSTEMPATH\CodeIgniter.php(927): App\Controllers\contacts->index()
 7 SYSTEMPATH\CodeIgniter.php(482): CodeIgniter\CodeIgniter->runController(Object(App\Controllers\contacts))
 8 SYSTEMPATH\CodeIgniter.php(351): CodeIgniter\CodeIgniter->handleRequest(null, Object(Config\Cache), false)
 9 FCPATH\index.php(67): CodeIgniter\CodeIgniter->run()
10 SYSTEMPATH\Commands\Server\rewrite.php(46): require_once('FCPATH\\index.php')
CRITICAL - 2023-02-16 02:23:29 --> Undefined variable $contact
in APPPATH\Views\frontend\contactadmin.php on line 14.
 1 APPPATH\Views\frontend\contactadmin.php(14): CodeIgniter\Debug\Exceptions->errorHandler(2, 'Undefined variable $contact', 'APPPATH\\Views\\frontend\\contactadmin.php', 14)
 2 SYSTEMPATH\View\View.php(213): include('APPPATH\\Views\\frontend\\contactadmin.php')
 3 SYSTEMPATH\View\View.php(216): CodeIgniter\View\View->CodeIgniter\View\{closure}()
 4 SYSTEMPATH\Common.php(1134): CodeIgniter\View\View->render('frontend/contactadmin', [], true)
 5 APPPATH\Controllers\contacts.php(14): view('frontend/contactadmin', [...])
 6 SYSTEMPATH\CodeIgniter.php(927): App\Controllers\contacts->index()
 7 SYSTEMPATH\CodeIgniter.php(482): CodeIgniter\CodeIgniter->runController(Object(App\Controllers\contacts))
 8 SYSTEMPATH\CodeIgniter.php(351): CodeIgniter\CodeIgniter->handleRequest(null, Object(Config\Cache), false)
 9 FCPATH\index.php(67): CodeIgniter\CodeIgniter->run()
10 SYSTEMPATH\Commands\Server\rewrite.php(46): require_once('FCPATH\\index.php')
CRITICAL - 2023-02-16 02:23:30 --> Undefined variable $contact
in APPPATH\Views\frontend\contactadmin.php on line 14.
 1 APPPATH\Views\frontend\contactadmin.php(14): CodeIgniter\Debug\Exceptions->errorHandler(2, 'Undefined variable $contact', 'APPPATH\\Views\\frontend\\contactadmin.php', 14)
 2 SYSTEMPATH\View\View.php(213): include('APPPATH\\Views\\frontend\\contactadmin.php')
 3 SYSTEMPATH\View\View.php(216): CodeIgniter\View\View->CodeIgniter\View\{closure}()
 4 SYSTEMPATH\Common.php(1134): CodeIgniter\View\View->render('frontend/contactadmin', [], true)
 5 APPPATH\Controllers\contacts.php(14): view('frontend/contactadmin', [...])
 6 SYSTEMPATH\CodeIgniter.php(927): App\Controllers\contacts->index()
 7 SYSTEMPATH\CodeIgniter.php(482): CodeIgniter\CodeIgniter->runController(Object(App\Controllers\contacts))
 8 SYSTEMPATH\CodeIgniter.php(351): CodeIgniter\CodeIgniter->handleRequest(null, Object(Config\Cache), false)
 9 FCPATH\index.php(67): CodeIgniter\CodeIgniter->run()
10 SYSTEMPATH\Commands\Server\rewrite.php(46): require_once('FCPATH\\index.php')
CRITICAL - 2023-02-16 02:23:31 --> Undefined variable $contact
in APPPATH\Views\frontend\contactadmin.php on line 14.
 1 APPPATH\Views\frontend\contactadmin.php(14): CodeIgniter\Debug\Exceptions->errorHandler(2, 'Undefined variable $contact', 'APPPATH\\Views\\frontend\\contactadmin.php', 14)
 2 SYSTEMPATH\View\View.php(213): include('APPPATH\\Views\\frontend\\contactadmin.php')
 3 SYSTEMPATH\View\View.php(216): CodeIgniter\View\View->CodeIgniter\View\{closure}()
 4 SYSTEMPATH\Common.php(1134): CodeIgniter\View\View->render('frontend/contactadmin', [], true)
 5 APPPATH\Controllers\contacts.php(14): view('frontend/contactadmin', [...])
 6 SYSTEMPATH\CodeIgniter.php(927): App\Controllers\contacts->index()
 7 SYSTEMPATH\CodeIgniter.php(482): CodeIgniter\CodeIgniter->runController(Object(App\Controllers\contacts))
 8 SYSTEMPATH\CodeIgniter.php(351): CodeIgniter\CodeIgniter->handleRequest(null, Object(Config\Cache), false)
 9 FCPATH\index.php(67): CodeIgniter\CodeIgniter->run()
10 SYSTEMPATH\Commands\Server\rewrite.php(46): require_once('FCPATH\\index.php')
CRITICAL - 2023-02-16 02:23:49 --> Invalid file: frontend/contactsadmin.php
in SYSTEMPATH\Exceptions\FrameworkException.php on line 33.
 1 SYSTEMPATH\View\View.php(201): CodeIgniter\Exceptions\FrameworkException::forInvalidFile('frontend/contactsadmin.php')
 2 SYSTEMPATH\Common.php(1134): CodeIgniter\View\View->render('frontend/contactsadmin', [], true)
 3 APPPATH\Controllers\contacts.php(14): view('frontend/contactsadmin', [...])
 4 SYSTEMPATH\CodeIgniter.php(927): App\Controllers\contacts->index()
 5 SYSTEMPATH\CodeIgniter.php(482): CodeIgniter\CodeIgniter->runController(Object(App\Controllers\contacts))
 6 SYSTEMPATH\CodeIgniter.php(351): CodeIgniter\CodeIgniter->handleRequest(null, Object(Config\Cache), false)
 7 FCPATH\index.php(67): CodeIgniter\CodeIgniter->run()
 8 SYSTEMPATH\Commands\Server\rewrite.php(46): require_once('FCPATH\\index.php')
CRITICAL - 2023-02-16 02:24:50 --> Invalid file: frontend/contactsadmin.php
in SYSTEMPATH\Exceptions\FrameworkException.php on line 33.
 1 SYSTEMPATH\View\View.php(201): CodeIgniter\Exceptions\FrameworkException::forInvalidFile('frontend/contactsadmin.php')
 2 SYSTEMPATH\Common.php(1134): CodeIgniter\View\View->render('frontend/contactsadmin', [], true)
 3 APPPATH\Controllers\contacts.php(14): view('frontend/contactsadmin', [...])
 4 SYSTEMPATH\CodeIgniter.php(927): App\Controllers\contacts->index()
 5 SYSTEMPATH\CodeIgniter.php(482): CodeIgniter\CodeIgniter->runController(Object(App\Controllers\contacts))
 6 SYSTEMPATH\CodeIgniter.php(351): CodeIgniter\CodeIgniter->handleRequest(null, Object(Config\Cache), false)
 7 FCPATH\index.php(67): CodeIgniter\CodeIgniter->run()
 8 SYSTEMPATH\Commands\Server\rewrite.php(46): require_once('FCPATH\\index.php')
CRITICAL - 2023-02-16 02:26:41 --> Invalid file: frontend/contactsadmin.php
in SYSTEMPATH\Exceptions\FrameworkException.php on line 33.
 1 SYSTEMPATH\View\View.php(201): CodeIgniter\Exceptions\FrameworkException::forInvalidFile('frontend/contactsadmin.php')
 2 SYSTEMPATH\Common.php(1134): CodeIgniter\View\View->render('frontend/contactsadmin', [], true)
 3 APPPATH\Controllers\contacts.php(14): view('frontend/contactsadmin', [...])
 4 SYSTEMPATH\CodeIgniter.php(927): App\Controllers\contacts->index()
 5 SYSTEMPATH\CodeIgniter.php(482): CodeIgniter\CodeIgniter->runController(Object(App\Controllers\contacts))
 6 SYSTEMPATH\CodeIgniter.php(351): CodeIgniter\CodeIgniter->handleRequest(null, Object(Config\Cache), false)
 7 FCPATH\index.php(67): CodeIgniter\CodeIgniter->run()
 8 SYSTEMPATH\Commands\Server\rewrite.php(46): require_once('FCPATH\\index.php')
CRITICAL - 2023-02-16 02:28:43 --> Invalid file: frontend/contactsmodel.php
in SYSTEMPATH\Exceptions\FrameworkException.php on line 33.
 1 SYSTEMPATH\View\View.php(201): CodeIgniter\Exceptions\FrameworkException::forInvalidFile('frontend/contactsmodel.php')
 2 SYSTEMPATH\Common.php(1134): CodeIgniter\View\View->render('frontend/contactsmodel', [], true)
 3 APPPATH\Controllers\contacts.php(14): view('frontend/contactsmodel', [...])
 4 SYSTEMPATH\CodeIgniter.php(927): App\Controllers\contacts->index()
 5 SYSTEMPATH\CodeIgniter.php(482): CodeIgniter\CodeIgniter->runController(Object(App\Controllers\contacts))
 6 SYSTEMPATH\CodeIgniter.php(351): CodeIgniter\CodeIgniter->handleRequest(null, Object(Config\Cache), false)
 7 FCPATH\index.php(67): CodeIgniter\CodeIgniter->run()
 8 SYSTEMPATH\Commands\Server\rewrite.php(46): require_once('FCPATH\\index.php')
CRITICAL - 2023-02-16 02:28:43 --> Invalid file: frontend/contactsmodel.php
in SYSTEMPATH\Exceptions\FrameworkException.php on line 33.
 1 SYSTEMPATH\View\View.php(201): CodeIgniter\Exceptions\FrameworkException::forInvalidFile('frontend/contactsmodel.php')
 2 SYSTEMPATH\Common.php(1134): CodeIgniter\View\View->render('frontend/contactsmodel', [], true)
 3 APPPATH\Controllers\contacts.php(14): view('frontend/contactsmodel', [...])
 4 SYSTEMPATH\CodeIgniter.php(927): App\Controllers\contacts->index()
 5 SYSTEMPATH\CodeIgniter.php(482): CodeIgniter\CodeIgniter->runController(Object(App\Controllers\contacts))
 6 SYSTEMPATH\CodeIgniter.php(351): CodeIgniter\CodeIgniter->handleRequest(null, Object(Config\Cache), false)
 7 FCPATH\index.php(67): CodeIgniter\CodeIgniter->run()
 8 SYSTEMPATH\Commands\Server\rewrite.php(46): require_once('FCPATH\\index.php')
CRITICAL - 2023-02-16 02:28:45 --> Invalid file: frontend/contactsmodel.php
in SYSTEMPATH\Exceptions\FrameworkException.php on line 33.
 1 SYSTEMPATH\View\View.php(201): CodeIgniter\Exceptions\FrameworkException::forInvalidFile('frontend/contactsmodel.php')
 2 SYSTEMPATH\Common.php(1134): CodeIgniter\View\View->render('frontend/contactsmodel', [], true)
 3 APPPATH\Controllers\contacts.php(14): view('frontend/contactsmodel', [...])
 4 SYSTEMPATH\CodeIgniter.php(927): App\Controllers\contacts->index()
 5 SYSTEMPATH\CodeIgniter.php(482): CodeIgniter\CodeIgniter->runController(Object(App\Controllers\contacts))
 6 SYSTEMPATH\CodeIgniter.php(351): CodeIgniter\CodeIgniter->handleRequest(null, Object(Config\Cache), false)
 7 FCPATH\index.php(67): CodeIgniter\CodeIgniter->run()
 8 SYSTEMPATH\Commands\Server\rewrite.php(46): require_once('FCPATH\\index.php')
CRITICAL - 2023-02-16 02:30:06 --> Invalid file: frontend/contactsmodel.php
in SYSTEMPATH\Exceptions\FrameworkException.php on line 33.
 1 SYSTEMPATH\View\View.php(201): CodeIgniter\Exceptions\FrameworkException::forInvalidFile('frontend/contactsmodel.php')
 2 SYSTEMPATH\Common.php(1134): CodeIgniter\View\View->render('frontend/contactsmodel', [], true)
 3 APPPATH\Controllers\contacts.php(14): view('frontend/contactsmodel', [...])
 4 SYSTEMPATH\CodeIgniter.php(927): App\Controllers\contacts->index()
 5 SYSTEMPATH\CodeIgniter.php(482): CodeIgniter\CodeIgniter->runController(Object(App\Controllers\contacts))
 6 SYSTEMPATH\CodeIgniter.php(351): CodeIgniter\CodeIgniter->handleRequest(null, Object(Config\Cache), false)
 7 FCPATH\index.php(67): CodeIgniter\CodeIgniter->run()
 8 SYSTEMPATH\Commands\Server\rewrite.php(46): require_once('FCPATH\\index.php')
CRITICAL - 2023-02-16 02:30:09 --> Invalid file: frontend/contactsmodel.php
in SYSTEMPATH\Exceptions\FrameworkException.php on line 33.
 1 SYSTEMPATH\View\View.php(201): CodeIgniter\Exceptions\FrameworkException::forInvalidFile('frontend/contactsmodel.php')
 2 SYSTEMPATH\Common.php(1134): CodeIgniter\View\View->render('frontend/contactsmodel', [], true)
 3 APPPATH\Controllers\contacts.php(14): view('frontend/contactsmodel', [...])
 4 SYSTEMPATH\CodeIgniter.php(927): App\Controllers\contacts->index()
 5 SYSTEMPATH\CodeIgniter.php(482): CodeIgniter\CodeIgniter->runController(Object(App\Controllers\contacts))
 6 SYSTEMPATH\CodeIgniter.php(351): CodeIgniter\CodeIgniter->handleRequest(null, Object(Config\Cache), false)
 7 FCPATH\index.php(67): CodeIgniter\CodeIgniter->run()
 8 SYSTEMPATH\Commands\Server\rewrite.php(46): require_once('FCPATH\\index.php')
CRITICAL - 2023-02-16 02:31:11 --> Invalid file: frontend/contactsmodel.php
in SYSTEMPATH\Exceptions\FrameworkException.php on line 33.
 1 SYSTEMPATH\View\View.php(201): CodeIgniter\Exceptions\FrameworkException::forInvalidFile('frontend/contactsmodel.php')
 2 SYSTEMPATH\Common.php(1134): CodeIgniter\View\View->render('frontend/contactsmodel', [], true)
 3 APPPATH\Controllers\contacts.php(14): view('frontend/contactsmodel', [...])
 4 SYSTEMPATH\CodeIgniter.php(927): App\Controllers\contacts->index()
 5 SYSTEMPATH\CodeIgniter.php(482): CodeIgniter\CodeIgniter->runController(Object(App\Controllers\contacts))
 6 SYSTEMPATH\CodeIgniter.php(351): CodeIgniter\CodeIgniter->handleRequest(null, Object(Config\Cache), false)
 7 FCPATH\index.php(67): CodeIgniter\CodeIgniter->run()
 8 SYSTEMPATH\Commands\Server\rewrite.php(46): require_once('FCPATH\\index.php')
CRITICAL - 2023-02-16 02:31:12 --> Invalid file: frontend/contactsmodel.php
in SYSTEMPATH\Exceptions\FrameworkException.php on line 33.
 1 SYSTEMPATH\View\View.php(201): CodeIgniter\Exceptions\FrameworkException::forInvalidFile('frontend/contactsmodel.php')
 2 SYSTEMPATH\Common.php(1134): CodeIgniter\View\View->render('frontend/contactsmodel', [], true)
 3 APPPATH\Controllers\contacts.php(14): view('frontend/contactsmodel', [...])
 4 SYSTEMPATH\CodeIgniter.php(927): App\Controllers\contacts->index()
 5 SYSTEMPATH\CodeIgniter.php(482): CodeIgniter\CodeIgniter->runController(Object(App\Controllers\contacts))
 6 SYSTEMPATH\CodeIgniter.php(351): CodeIgniter\CodeIgniter->handleRequest(null, Object(Config\Cache), false)
 7 FCPATH\index.php(67): CodeIgniter\CodeIgniter->run()
 8 SYSTEMPATH\Commands\Server\rewrite.php(46): require_once('FCPATH\\index.php')
CRITICAL - 2023-02-16 02:32:18 --> Invalid file: frontend/contactsmodel.php
in SYSTEMPATH\Exceptions\FrameworkException.php on line 33.
 1 SYSTEMPATH\View\View.php(201): CodeIgniter\Exceptions\FrameworkException::forInvalidFile('frontend/contactsmodel.php')
 2 SYSTEMPATH\Common.php(1134): CodeIgniter\View\View->render('frontend/contactsmodel', [], true)
 3 APPPATH\Controllers\contacts.php(14): view('frontend/contactsmodel', [...])
 4 SYSTEMPATH\CodeIgniter.php(927): App\Controllers\contacts->index()
 5 SYSTEMPATH\CodeIgniter.php(482): CodeIgniter\CodeIgniter->runController(Object(App\Controllers\contacts))
 6 SYSTEMPATH\CodeIgniter.php(351): CodeIgniter\CodeIgniter->handleRequest(null, Object(Config\Cache), false)
 7 FCPATH\index.php(67): CodeIgniter\CodeIgniter->run()
 8 SYSTEMPATH\Commands\Server\rewrite.php(46): require_once('FCPATH\\index.php')
CRITICAL - 2023-02-16 02:33:28 --> Invalid file: frontend/contactsmodel.php
in SYSTEMPATH\Exceptions\FrameworkException.php on line 33.
 1 SYSTEMPATH\View\View.php(201): CodeIgniter\Exceptions\FrameworkException::forInvalidFile('frontend/contactsmodel.php')
 2 SYSTEMPATH\Common.php(1134): CodeIgniter\View\View->render('frontend/contactsmodel', [], true)
 3 APPPATH\Controllers\contacts.php(14): view('frontend/contactsmodel', [...])
 4 SYSTEMPATH\CodeIgniter.php(927): App\Controllers\contacts->index()
 5 SYSTEMPATH\CodeIgniter.php(482): CodeIgniter\CodeIgniter->runController(Object(App\Controllers\contacts))
 6 SYSTEMPATH\CodeIgniter.php(351): CodeIgniter\CodeIgniter->handleRequest(null, Object(Config\Cache), false)
 7 FCPATH\index.php(67): CodeIgniter\CodeIgniter->run()
 8 SYSTEMPATH\Commands\Server\rewrite.php(46): require_once('FCPATH\\index.php')
CRITICAL - 2023-02-16 02:33:29 --> Invalid file: frontend/contactsmodel.php
in SYSTEMPATH\Exceptions\FrameworkException.php on line 33.
 1 SYSTEMPATH\View\View.php(201): CodeIgniter\Exceptions\FrameworkException::forInvalidFile('frontend/contactsmodel.php')
 2 SYSTEMPATH\Common.php(1134): CodeIgniter\View\View->render('frontend/contactsmodel', [], true)
 3 APPPATH\Controllers\contacts.php(14): view('frontend/contactsmodel', [...])
 4 SYSTEMPATH\CodeIgniter.php(927): App\Controllers\contacts->index()
 5 SYSTEMPATH\CodeIgniter.php(482): CodeIgniter\CodeIgniter->runController(Object(App\Controllers\contacts))
 6 SYSTEMPATH\CodeIgniter.php(351): CodeIgniter\CodeIgniter->handleRequest(null, Object(Config\Cache), false)
 7 FCPATH\index.php(67): CodeIgniter\CodeIgniter->run()
 8 SYSTEMPATH\Commands\Server\rewrite.php(46): require_once('FCPATH\\index.php')
CRITICAL - 2023-02-16 02:33:29 --> Invalid file: frontend/contactsmodel.php
in SYSTEMPATH\Exceptions\FrameworkException.php on line 33.
 1 SYSTEMPATH\View\View.php(201): CodeIgniter\Exceptions\FrameworkException::forInvalidFile('frontend/contactsmodel.php')
 2 SYSTEMPATH\Common.php(1134): CodeIgniter\View\View->render('frontend/contactsmodel', [], true)
 3 APPPATH\Controllers\contacts.php(14): view('frontend/contactsmodel', [...])
 4 SYSTEMPATH\CodeIgniter.php(927): App\Controllers\contacts->index()
 5 SYSTEMPATH\CodeIgniter.php(482): CodeIgniter\CodeIgniter->runController(Object(App\Controllers\contacts))
 6 SYSTEMPATH\CodeIgniter.php(351): CodeIgniter\CodeIgniter->handleRequest(null, Object(Config\Cache), false)
 7 FCPATH\index.php(67): CodeIgniter\CodeIgniter->run()
 8 SYSTEMPATH\Commands\Server\rewrite.php(46): require_once('FCPATH\\index.php')
CRITICAL - 2023-02-16 02:33:29 --> Invalid file: frontend/contactsmodel.php
in SYSTEMPATH\Exceptions\FrameworkException.php on line 33.
 1 SYSTEMPATH\View\View.php(201): CodeIgniter\Exceptions\FrameworkException::forInvalidFile('frontend/contactsmodel.php')
 2 SYSTEMPATH\Common.php(1134): CodeIgniter\View\View->render('frontend/contactsmodel', [], true)
 3 APPPATH\Controllers\contacts.php(14): view('frontend/contactsmodel', [...])
 4 SYSTEMPATH\CodeIgniter.php(927): App\Controllers\contacts->index()
 5 SYSTEMPATH\CodeIgniter.php(482): CodeIgniter\CodeIgniter->runController(Object(App\Controllers\contacts))
 6 SYSTEMPATH\CodeIgniter.php(351): CodeIgniter\CodeIgniter->handleRequest(null, Object(Config\Cache), false)
 7 FCPATH\index.php(67): CodeIgniter\CodeIgniter->run()
 8 SYSTEMPATH\Commands\Server\rewrite.php(46): require_once('FCPATH\\index.php')
CRITICAL - 2023-02-16 02:34:39 --> Invalid file: frontend/contactsmodel.php
in SYSTEMPATH\Exceptions\FrameworkException.php on line 33.
 1 SYSTEMPATH\View\View.php(201): CodeIgniter\Exceptions\FrameworkException::forInvalidFile('frontend/contactsmodel.php')
 2 SYSTEMPATH\Common.php(1134): CodeIgniter\View\View->render('frontend/contactsmodel', [], true)
 3 APPPATH\Controllers\contacts.php(14): view('frontend/contactsmodel', [...])
 4 SYSTEMPATH\CodeIgniter.php(927): App\Controllers\contacts->index()
 5 SYSTEMPATH\CodeIgniter.php(482): CodeIgniter\CodeIgniter->runController(Object(App\Controllers\contacts))
 6 SYSTEMPATH\CodeIgniter.php(351): CodeIgniter\CodeIgniter->handleRequest(null, Object(Config\Cache), false)
 7 FCPATH\index.php(67): CodeIgniter\CodeIgniter->run()
 8 SYSTEMPATH\Commands\Server\rewrite.php(46): require_once('FCPATH\\index.php')
CRITICAL - 2023-02-16 02:34:41 --> Invalid file: frontend/contactsmodel.php
in SYSTEMPATH\Exceptions\FrameworkException.php on line 33.
 1 SYSTEMPATH\View\View.php(201): CodeIgniter\Exceptions\FrameworkException::forInvalidFile('frontend/contactsmodel.php')
 2 SYSTEMPATH\Common.php(1134): CodeIgniter\View\View->render('frontend/contactsmodel', [], true)
 3 APPPATH\Controllers\contacts.php(14): view('frontend/contactsmodel', [...])
 4 SYSTEMPATH\CodeIgniter.php(927): App\Controllers\contacts->index()
 5 SYSTEMPATH\CodeIgniter.php(482): CodeIgniter\CodeIgniter->runController(Object(App\Controllers\contacts))
 6 SYSTEMPATH\CodeIgniter.php(351): CodeIgniter\CodeIgniter->handleRequest(null, Object(Config\Cache), false)
 7 FCPATH\index.php(67): CodeIgniter\CodeIgniter->run()
 8 SYSTEMPATH\Commands\Server\rewrite.php(46): require_once('FCPATH\\index.php')
CRITICAL - 2023-02-16 02:35:14 --> Invalid file: frontend/contactsmodel.php
in SYSTEMPATH\Exceptions\FrameworkException.php on line 33.
 1 SYSTEMPATH\View\View.php(201): CodeIgniter\Exceptions\FrameworkException::forInvalidFile('frontend/contactsmodel.php')
 2 SYSTEMPATH\Common.php(1134): CodeIgniter\View\View->render('frontend/contactsmodel', [], true)
 3 APPPATH\Controllers\contacts.php(14): view('frontend/contactsmodel', [...])
 4 SYSTEMPATH\CodeIgniter.php(927): App\Controllers\contacts->index()
 5 SYSTEMPATH\CodeIgniter.php(482): CodeIgniter\CodeIgniter->runController(Object(App\Controllers\contacts))
 6 SYSTEMPATH\CodeIgniter.php(351): CodeIgniter\CodeIgniter->handleRequest(null, Object(Config\Cache), false)
 7 FCPATH\index.php(67): CodeIgniter\CodeIgniter->run()
 8 SYSTEMPATH\Commands\Server\rewrite.php(46): require_once('FCPATH\\index.php')
CRITICAL - 2023-02-16 02:44:18 --> Class "App\Controllers\ContactesModel" not found
in APPPATH\Controllers\Contactes.php on line 12.
 1 SYSTEMPATH\CodeIgniter.php(927): App\Controllers\Contactes->index()
 2 SYSTEMPATH\CodeIgniter.php(482): CodeIgniter\CodeIgniter->runController(Object(App\Controllers\Contactes))
 3 SYSTEMPATH\CodeIgniter.php(351): CodeIgniter\CodeIgniter->handleRequest(null, Object(Config\Cache), false)
 4 FCPATH\index.php(67): CodeIgniter\CodeIgniter->run()
 5 SYSTEMPATH\Commands\Server\rewrite.php(46): require_once('FCPATH\\index.php')
CRITICAL - 2023-02-16 02:45:01 --> Class "App\Controllers\ContactesModel" not found
in APPPATH\Controllers\Contactes.php on line 12.
 1 SYSTEMPATH\CodeIgniter.php(927): App\Controllers\Contactes->index()
 2 SYSTEMPATH\CodeIgniter.php(482): CodeIgniter\CodeIgniter->runController(Object(App\Controllers\Contactes))
 3 SYSTEMPATH\CodeIgniter.php(351): CodeIgniter\CodeIgniter->handleRequest(null, Object(Config\Cache), false)
 4 FCPATH\index.php(67): CodeIgniter\CodeIgniter->run()
 5 SYSTEMPATH\Commands\Server\rewrite.php(46): require_once('FCPATH\\index.php')
CRITICAL - 2023-02-16 02:45:02 --> Class "App\Controllers\ContactesModel" not found
in APPPATH\Controllers\Contactes.php on line 12.
 1 SYSTEMPATH\CodeIgniter.php(927): App\Controllers\Contactes->index()
 2 SYSTEMPATH\CodeIgniter.php(482): CodeIgniter\CodeIgniter->runController(Object(App\Controllers\Contactes))
 3 SYSTEMPATH\CodeIgniter.php(351): CodeIgniter\CodeIgniter->handleRequest(null, Object(Config\Cache), false)
 4 FCPATH\index.php(67): CodeIgniter\CodeIgniter->run()
 5 SYSTEMPATH\Commands\Server\rewrite.php(46): require_once('FCPATH\\index.php')
CRITICAL - 2023-02-16 02:45:02 --> Class "App\Controllers\ContactesModel" not found
in APPPATH\Controllers\Contactes.php on line 12.
 1 SYSTEMPATH\CodeIgniter.php(927): App\Controllers\Contactes->index()
 2 SYSTEMPATH\CodeIgniter.php(482): CodeIgniter\CodeIgniter->runController(Object(App\Controllers\Contactes))
 3 SYSTEMPATH\CodeIgniter.php(351): CodeIgniter\CodeIgniter->handleRequest(null, Object(Config\Cache), false)
 4 FCPATH\index.php(67): CodeIgniter\CodeIgniter->run()
 5 SYSTEMPATH\Commands\Server\rewrite.php(46): require_once('FCPATH\\index.php')
CRITICAL - 2023-02-16 02:45:02 --> Class "App\Controllers\ContactesModel" not found
in APPPATH\Controllers\Contactes.php on line 12.
 1 SYSTEMPATH\CodeIgniter.php(927): App\Controllers\Contactes->index()
 2 SYSTEMPATH\CodeIgniter.php(482): CodeIgniter\CodeIgniter->runController(Object(App\Controllers\Contactes))
 3 SYSTEMPATH\CodeIgniter.php(351): CodeIgniter\CodeIgniter->handleRequest(null, Object(Config\Cache), false)
 4 FCPATH\index.php(67): CodeIgniter\CodeIgniter->run()
 5 SYSTEMPATH\Commands\Server\rewrite.php(46): require_once('FCPATH\\index.php')
CRITICAL - 2023-02-16 02:45:02 --> Class "App\Controllers\ContactesModel" not found
in APPPATH\Controllers\Contactes.php on line 12.
 1 SYSTEMPATH\CodeIgniter.php(927): App\Controllers\Contactes->index()
 2 SYSTEMPATH\CodeIgniter.php(482): CodeIgniter\CodeIgniter->runController(Object(App\Controllers\Contactes))
 3 SYSTEMPATH\CodeIgniter.php(351): CodeIgniter\CodeIgniter->handleRequest(null, Object(Config\Cache), false)
 4 FCPATH\index.php(67): CodeIgniter\CodeIgniter->run()
 5 SYSTEMPATH\Commands\Server\rewrite.php(46): require_once('FCPATH\\index.php')
CRITICAL - 2023-02-16 02:45:02 --> Class "App\Controllers\ContactesModel" not found
in APPPATH\Controllers\Contactes.php on line 12.
 1 SYSTEMPATH\CodeIgniter.php(927): App\Controllers\Contactes->index()
 2 SYSTEMPATH\CodeIgniter.php(482): CodeIgniter\CodeIgniter->runController(Object(App\Controllers\Contactes))
 3 SYSTEMPATH\CodeIgniter.php(351): CodeIgniter\CodeIgniter->handleRequest(null, Object(Config\Cache), false)
 4 FCPATH\index.php(67): CodeIgniter\CodeIgniter->run()
 5 SYSTEMPATH\Commands\Server\rewrite.php(46): require_once('FCPATH\\index.php')
CRITICAL - 2023-02-16 02:45:03 --> Class "App\Controllers\ContactesModel" not found
in APPPATH\Controllers\Contactes.php on line 12.
 1 SYSTEMPATH\CodeIgniter.php(927): App\Controllers\Contactes->index()
 2 SYSTEMPATH\CodeIgniter.php(482): CodeIgniter\CodeIgniter->runController(Object(App\Controllers\Contactes))
 3 SYSTEMPATH\CodeIgniter.php(351): CodeIgniter\CodeIgniter->handleRequest(null, Object(Config\Cache), false)
 4 FCPATH\index.php(67): CodeIgniter\CodeIgniter->run()
 5 SYSTEMPATH\Commands\Server\rewrite.php(46): require_once('FCPATH\\index.php')
CRITICAL - 2023-02-16 02:45:32 --> Undefined variable $Contactes
in APPPATH\Views\frontend\ContactesAdmin.php on line 14.
 1 APPPATH\Views\frontend\ContactesAdmin.php(14): CodeIgniter\Debug\Exceptions->errorHandler(2, 'Undefined variable $Contactes', 'APPPATH\\Views\\frontend\\ContactesAdmin.php', 14)
 2 SYSTEMPATH\View\View.php(213): include('APPPATH\\Views\\frontend\\ContactesAdmin.php')
 3 SYSTEMPATH\View\View.php(216): CodeIgniter\View\View->CodeIgniter\View\{closure}()
 4 SYSTEMPATH\Common.php(1134): CodeIgniter\View\View->render('frontend/ContactesAdmin', [], true)
 5 APPPATH\Controllers\Contactes.php(14): view('frontend/ContactesAdmin', [...])
 6 SYSTEMPATH\CodeIgniter.php(927): App\Controllers\Contactes->index()
 7 SYSTEMPATH\CodeIgniter.php(482): CodeIgniter\CodeIgniter->runController(Object(App\Controllers\Contactes))
 8 SYSTEMPATH\CodeIgniter.php(351): CodeIgniter\CodeIgniter->handleRequest(null, Object(Config\Cache), false)
 9 FCPATH\index.php(67): CodeIgniter\CodeIgniter->run()
10 SYSTEMPATH\Commands\Server\rewrite.php(46): require_once('FCPATH\\index.php')
CRITICAL - 2023-02-16 02:45:33 --> Undefined variable $Contactes
in APPPATH\Views\frontend\ContactesAdmin.php on line 14.
 1 APPPATH\Views\frontend\ContactesAdmin.php(14): CodeIgniter\Debug\Exceptions->errorHandler(2, 'Undefined variable $Contactes', 'APPPATH\\Views\\frontend\\ContactesAdmin.php', 14)
 2 SYSTEMPATH\View\View.php(213): include('APPPATH\\Views\\frontend\\ContactesAdmin.php')
 3 SYSTEMPATH\View\View.php(216): CodeIgniter\View\View->CodeIgniter\View\{closure}()
 4 SYSTEMPATH\Common.php(1134): CodeIgniter\View\View->render('frontend/ContactesAdmin', [], true)
 5 APPPATH\Controllers\Contactes.php(14): view('frontend/ContactesAdmin', [...])
 6 SYSTEMPATH\CodeIgniter.php(927): App\Controllers\Contactes->index()
 7 SYSTEMPATH\CodeIgniter.php(482): CodeIgniter\CodeIgniter->runController(Object(App\Controllers\Contactes))
 8 SYSTEMPATH\CodeIgniter.php(351): CodeIgniter\CodeIgniter->handleRequest(null, Object(Config\Cache), false)
 9 FCPATH\index.php(67): CodeIgniter\CodeIgniter->run()
10 SYSTEMPATH\Commands\Server\rewrite.php(46): require_once('FCPATH\\index.php')
CRITICAL - 2023-02-16 02:45:34 --> Undefined variable $Contactes
in APPPATH\Views\frontend\ContactesAdmin.php on line 14.
 1 APPPATH\Views\frontend\ContactesAdmin.php(14): CodeIgniter\Debug\Exceptions->errorHandler(2, 'Undefined variable $Contactes', 'APPPATH\\Views\\frontend\\ContactesAdmin.php', 14)
 2 SYSTEMPATH\View\View.php(213): include('APPPATH\\Views\\frontend\\ContactesAdmin.php')
 3 SYSTEMPATH\View\View.php(216): CodeIgniter\View\View->CodeIgniter\View\{closure}()
 4 SYSTEMPATH\Common.php(1134): CodeIgniter\View\View->render('frontend/ContactesAdmin', [], true)
 5 APPPATH\Controllers\Contactes.php(14): view('frontend/ContactesAdmin', [...])
 6 SYSTEMPATH\CodeIgniter.php(927): App\Controllers\Contactes->index()
 7 SYSTEMPATH\CodeIgniter.php(482): CodeIgniter\CodeIgniter->runController(Object(App\Controllers\Contactes))
 8 SYSTEMPATH\CodeIgniter.php(351): CodeIgniter\CodeIgniter->handleRequest(null, Object(Config\Cache), false)
 9 FCPATH\index.php(67): CodeIgniter\CodeIgniter->run()
10 SYSTEMPATH\Commands\Server\rewrite.php(46): require_once('FCPATH\\index.php')
CRITICAL - 2023-02-16 02:45:34 --> Undefined variable $Contactes
in APPPATH\Views\frontend\ContactesAdmin.php on line 14.
 1 APPPATH\Views\frontend\ContactesAdmin.php(14): CodeIgniter\Debug\Exceptions->errorHandler(2, 'Undefined variable $Contactes', 'APPPATH\\Views\\frontend\\ContactesAdmin.php', 14)
 2 SYSTEMPATH\View\View.php(213): include('APPPATH\\Views\\frontend\\ContactesAdmin.php')
 3 SYSTEMPATH\View\View.php(216): CodeIgniter\View\View->CodeIgniter\View\{closure}()
 4 SYSTEMPATH\Common.php(1134): CodeIgniter\View\View->render('frontend/ContactesAdmin', [], true)
 5 APPPATH\Controllers\Contactes.php(14): view('frontend/ContactesAdmin', [...])
 6 SYSTEMPATH\CodeIgniter.php(927): App\Controllers\Contactes->index()
 7 SYSTEMPATH\CodeIgniter.php(482): CodeIgniter\CodeIgniter->runController(Object(App\Controllers\Contactes))
 8 SYSTEMPATH\CodeIgniter.php(351): CodeIgniter\CodeIgniter->handleRequest(null, Object(Config\Cache), false)
 9 FCPATH\index.php(67): CodeIgniter\CodeIgniter->run()
10 SYSTEMPATH\Commands\Server\rewrite.php(46): require_once('FCPATH\\index.php')
CRITICAL - 2023-02-16 02:46:23 --> Undefined variable $Contactes
in APPPATH\Views\frontend\ContactesAdmin.php on line 14.
 1 APPPATH\Views\frontend\ContactesAdmin.php(14): CodeIgniter\Debug\Exceptions->errorHandler(2, 'Undefined variable $Contactes', 'APPPATH\\Views\\frontend\\ContactesAdmin.php', 14)
 2 SYSTEMPATH\View\View.php(213): include('APPPATH\\Views\\frontend\\ContactesAdmin.php')
 3 SYSTEMPATH\View\View.php(216): CodeIgniter\View\View->CodeIgniter\View\{closure}()
 4 SYSTEMPATH\Common.php(1134): CodeIgniter\View\View->render('frontend/ContactesAdmin', [], true)
 5 APPPATH\Controllers\Contactes.php(14): view('frontend/ContactesAdmin', [...])
 6 SYSTEMPATH\CodeIgniter.php(927): App\Controllers\Contactes->index()
 7 SYSTEMPATH\CodeIgniter.php(482): CodeIgniter\CodeIgniter->runController(Object(App\Controllers\Contactes))
 8 SYSTEMPATH\CodeIgniter.php(351): CodeIgniter\CodeIgniter->handleRequest(null, Object(Config\Cache), false)
 9 FCPATH\index.php(67): CodeIgniter\CodeIgniter->run()
10 SYSTEMPATH\Commands\Server\rewrite.php(46): require_once('FCPATH\\index.php')
CRITICAL - 2023-02-16 02:46:24 --> Undefined variable $Contactes
in APPPATH\Views\frontend\ContactesAdmin.php on line 14.
 1 APPPATH\Views\frontend\ContactesAdmin.php(14): CodeIgniter\Debug\Exceptions->errorHandler(2, 'Undefined variable $Contactes', 'APPPATH\\Views\\frontend\\ContactesAdmin.php', 14)
 2 SYSTEMPATH\View\View.php(213): include('APPPATH\\Views\\frontend\\ContactesAdmin.php')
 3 SYSTEMPATH\View\View.php(216): CodeIgniter\View\View->CodeIgniter\View\{closure}()
 4 SYSTEMPATH\Common.php(1134): CodeIgniter\View\View->render('frontend/ContactesAdmin', [], true)
 5 APPPATH\Controllers\Contactes.php(14): view('frontend/ContactesAdmin', [...])
 6 SYSTEMPATH\CodeIgniter.php(927): App\Controllers\Contactes->index()
 7 SYSTEMPATH\CodeIgniter.php(482): CodeIgniter\CodeIgniter->runController(Object(App\Controllers\Contactes))
 8 SYSTEMPATH\CodeIgniter.php(351): CodeIgniter\CodeIgniter->handleRequest(null, Object(Config\Cache), false)
 9 FCPATH\index.php(67): CodeIgniter\CodeIgniter->run()
10 SYSTEMPATH\Commands\Server\rewrite.php(46): require_once('FCPATH\\index.php')
CRITICAL - 2023-02-16 02:46:25 --> Undefined variable $Contactes
in APPPATH\Views\frontend\ContactesAdmin.php on line 14.
 1 APPPATH\Views\frontend\ContactesAdmin.php(14): CodeIgniter\Debug\Exceptions->errorHandler(2, 'Undefined variable $Contactes', 'APPPATH\\Views\\frontend\\ContactesAdmin.php', 14)
 2 SYSTEMPATH\View\View.php(213): include('APPPATH\\Views\\frontend\\ContactesAdmin.php')
 3 SYSTEMPATH\View\View.php(216): CodeIgniter\View\View->CodeIgniter\View\{closure}()
 4 SYSTEMPATH\Common.php(1134): CodeIgniter\View\View->render('frontend/ContactesAdmin', [], true)
 5 APPPATH\Controllers\Contactes.php(14): view('frontend/ContactesAdmin', [...])
 6 SYSTEMPATH\CodeIgniter.php(927): App\Controllers\Contactes->index()
 7 SYSTEMPATH\CodeIgniter.php(482): CodeIgniter\CodeIgniter->runController(Object(App\Controllers\Contactes))
 8 SYSTEMPATH\CodeIgniter.php(351): CodeIgniter\CodeIgniter->handleRequest(null, Object(Config\Cache), false)
 9 FCPATH\index.php(67): CodeIgniter\CodeIgniter->run()
10 SYSTEMPATH\Commands\Server\rewrite.php(46): require_once('FCPATH\\index.php')
CRITICAL - 2023-02-16 02:46:25 --> Undefined variable $Contactes
in APPPATH\Views\frontend\ContactesAdmin.php on line 14.
 1 APPPATH\Views\frontend\ContactesAdmin.php(14): CodeIgniter\Debug\Exceptions->errorHandler(2, 'Undefined variable $Contactes', 'APPPATH\\Views\\frontend\\ContactesAdmin.php', 14)
 2 SYSTEMPATH\View\View.php(213): include('APPPATH\\Views\\frontend\\ContactesAdmin.php')
 3 SYSTEMPATH\View\View.php(216): CodeIgniter\View\View->CodeIgniter\View\{closure}()
 4 SYSTEMPATH\Common.php(1134): CodeIgniter\View\View->render('frontend/ContactesAdmin', [], true)
 5 APPPATH\Controllers\Contactes.php(14): view('frontend/ContactesAdmin', [...])
 6 SYSTEMPATH\CodeIgniter.php(927): App\Controllers\Contactes->index()
 7 SYSTEMPATH\CodeIgniter.php(482): CodeIgniter\CodeIgniter->runController(Object(App\Controllers\Contactes))
 8 SYSTEMPATH\CodeIgniter.php(351): CodeIgniter\CodeIgniter->handleRequest(null, Object(Config\Cache), false)
 9 FCPATH\index.php(67): CodeIgniter\CodeIgniter->run()
10 SYSTEMPATH\Commands\Server\rewrite.php(46): require_once('FCPATH\\index.php')
CRITICAL - 2023-02-16 02:47:35 --> Undefined variable $Contactes
in APPPATH\Views\frontend\ContactesAdmin.php on line 14.
 1 APPPATH\Views\frontend\ContactesAdmin.php(14): CodeIgniter\Debug\Exceptions->errorHandler(2, 'Undefined variable $Contactes', 'APPPATH\\Views\\frontend\\ContactesAdmin.php', 14)
 2 SYSTEMPATH\View\View.php(213): include('APPPATH\\Views\\frontend\\ContactesAdmin.php')
 3 SYSTEMPATH\View\View.php(216): CodeIgniter\View\View->CodeIgniter\View\{closure}()
 4 SYSTEMPATH\Common.php(1134): CodeIgniter\View\View->render('frontend/ContactesAdmin', [], true)
 5 APPPATH\Controllers\Contactes.php(14): view('frontend/ContactesAdmin', [...])
 6 SYSTEMPATH\CodeIgniter.php(927): App\Controllers\Contactes->index()
 7 SYSTEMPATH\CodeIgniter.php(482): CodeIgniter\CodeIgniter->runController(Object(App\Controllers\Contactes))
 8 SYSTEMPATH\CodeIgniter.php(351): CodeIgniter\CodeIgniter->handleRequest(null, Object(Config\Cache), false)
 9 FCPATH\index.php(67): CodeIgniter\CodeIgniter->run()
10 SYSTEMPATH\Commands\Server\rewrite.php(46): require_once('FCPATH\\index.php')
CRITICAL - 2023-02-16 02:47:40 --> Undefined variable $Contactes
in APPPATH\Views\frontend\ContactesAdmin.php on line 14.
 1 APPPATH\Views\frontend\ContactesAdmin.php(14): CodeIgniter\Debug\Exceptions->errorHandler(2, 'Undefined variable $Contactes', 'APPPATH\\Views\\frontend\\ContactesAdmin.php', 14)
 2 SYSTEMPATH\View\View.php(213): include('APPPATH\\Views\\frontend\\ContactesAdmin.php')
 3 SYSTEMPATH\View\View.php(216): CodeIgniter\View\View->CodeIgniter\View\{closure}()
 4 SYSTEMPATH\Common.php(1134): CodeIgniter\View\View->render('frontend/ContactesAdmin', [], true)
 5 APPPATH\Controllers\Contactes.php(14): view('frontend/ContactesAdmin', [...])
 6 SYSTEMPATH\CodeIgniter.php(927): App\Controllers\Contactes->index()
 7 SYSTEMPATH\CodeIgniter.php(482): CodeIgniter\CodeIgniter->runController(Object(App\Controllers\Contactes))
 8 SYSTEMPATH\CodeIgniter.php(351): CodeIgniter\CodeIgniter->handleRequest(null, Object(Config\Cache), false)
 9 FCPATH\index.php(67): CodeIgniter\CodeIgniter->run()
10 SYSTEMPATH\Commands\Server\rewrite.php(46): require_once('FCPATH\\index.php')
CRITICAL - 2023-02-16 02:50:30 --> Undefined variable $Contactes
in APPPATH\Views\frontend\ContactesAdmin.php on line 14.
 1 APPPATH\Views\frontend\ContactesAdmin.php(14): CodeIgniter\Debug\Exceptions->errorHandler(2, 'Undefined variable $Contactes', 'APPPATH\\Views\\frontend\\ContactesAdmin.php', 14)
 2 SYSTEMPATH\View\View.php(213): include('APPPATH\\Views\\frontend\\ContactesAdmin.php')
 3 SYSTEMPATH\View\View.php(216): CodeIgniter\View\View->CodeIgniter\View\{closure}()
 4 SYSTEMPATH\Common.php(1134): CodeIgniter\View\View->render('frontend/ContactesAdmin', [], true)
 5 APPPATH\Controllers\Contactes.php(14): view('frontend/ContactesAdmin', [...])
 6 SYSTEMPATH\CodeIgniter.php(927): App\Controllers\Contactes->index()
 7 SYSTEMPATH\CodeIgniter.php(482): CodeIgniter\CodeIgniter->runController(Object(App\Controllers\Contactes))
 8 SYSTEMPATH\CodeIgniter.php(351): CodeIgniter\CodeIgniter->handleRequest(null, Object(Config\Cache), false)
 9 FCPATH\index.php(67): CodeIgniter\CodeIgniter->run()
10 SYSTEMPATH\Commands\Server\rewrite.php(46): require_once('FCPATH\\index.php')
CRITICAL - 2023-02-16 02:50:31 --> Undefined variable $Contactes
in APPPATH\Views\frontend\ContactesAdmin.php on line 14.
 1 APPPATH\Views\frontend\ContactesAdmin.php(14): CodeIgniter\Debug\Exceptions->errorHandler(2, 'Undefined variable $Contactes', 'APPPATH\\Views\\frontend\\ContactesAdmin.php', 14)
 2 SYSTEMPATH\View\View.php(213): include('APPPATH\\Views\\frontend\\ContactesAdmin.php')
 3 SYSTEMPATH\View\View.php(216): CodeIgniter\View\View->CodeIgniter\View\{closure}()
 4 SYSTEMPATH\Common.php(1134): CodeIgniter\View\View->render('frontend/ContactesAdmin', [], true)
 5 APPPATH\Controllers\Contactes.php(14): view('frontend/ContactesAdmin', [...])
 6 SYSTEMPATH\CodeIgniter.php(927): App\Controllers\Contactes->index()
 7 SYSTEMPATH\CodeIgniter.php(482): CodeIgniter\CodeIgniter->runController(Object(App\Controllers\Contactes))
 8 SYSTEMPATH\CodeIgniter.php(351): CodeIgniter\CodeIgniter->handleRequest(null, Object(Config\Cache), false)
 9 FCPATH\index.php(67): CodeIgniter\CodeIgniter->run()
10 SYSTEMPATH\Commands\Server\rewrite.php(46): require_once('FCPATH\\index.php')
CRITICAL - 2023-02-16 02:50:31 --> Undefined variable $Contactes
in APPPATH\Views\frontend\ContactesAdmin.php on line 14.
 1 APPPATH\Views\frontend\ContactesAdmin.php(14): CodeIgniter\Debug\Exceptions->errorHandler(2, 'Undefined variable $Contactes', 'APPPATH\\Views\\frontend\\ContactesAdmin.php', 14)
 2 SYSTEMPATH\View\View.php(213): include('APPPATH\\Views\\frontend\\ContactesAdmin.php')
 3 SYSTEMPATH\View\View.php(216): CodeIgniter\View\View->CodeIgniter\View\{closure}()
 4 SYSTEMPATH\Common.php(1134): CodeIgniter\View\View->render('frontend/ContactesAdmin', [], true)
 5 APPPATH\Controllers\Contactes.php(14): view('frontend/ContactesAdmin', [...])
 6 SYSTEMPATH\CodeIgniter.php(927): App\Controllers\Contactes->index()
 7 SYSTEMPATH\CodeIgniter.php(482): CodeIgniter\CodeIgniter->runController(Object(App\Controllers\Contactes))
 8 SYSTEMPATH\CodeIgniter.php(351): CodeIgniter\CodeIgniter->handleRequest(null, Object(Config\Cache), false)
 9 FCPATH\index.php(67): CodeIgniter\CodeIgniter->run()
10 SYSTEMPATH\Commands\Server\rewrite.php(46): require_once('FCPATH\\index.php')
CRITICAL - 2023-02-16 02:50:32 --> Undefined variable $Contactes
in APPPATH\Views\frontend\ContactesAdmin.php on line 14.
 1 APPPATH\Views\frontend\ContactesAdmin.php(14): CodeIgniter\Debug\Exceptions->errorHandler(2, 'Undefined variable $Contactes', 'APPPATH\\Views\\frontend\\ContactesAdmin.php', 14)
 2 SYSTEMPATH\View\View.php(213): include('APPPATH\\Views\\frontend\\ContactesAdmin.php')
 3 SYSTEMPATH\View\View.php(216): CodeIgniter\View\View->CodeIgniter\View\{closure}()
 4 SYSTEMPATH\Common.php(1134): CodeIgniter\View\View->render('frontend/ContactesAdmin', [], true)
 5 APPPATH\Controllers\Contactes.php(14): view('frontend/ContactesAdmin', [...])
 6 SYSTEMPATH\CodeIgniter.php(927): App\Controllers\Contactes->index()
 7 SYSTEMPATH\CodeIgniter.php(482): CodeIgniter\CodeIgniter->runController(Object(App\Controllers\Contactes))
 8 SYSTEMPATH\CodeIgniter.php(351): CodeIgniter\CodeIgniter->handleRequest(null, Object(Config\Cache), false)
 9 FCPATH\index.php(67): CodeIgniter\CodeIgniter->run()
10 SYSTEMPATH\Commands\Server\rewrite.php(46): require_once('FCPATH\\index.php')
CRITICAL - 2023-02-16 02:50:33 --> Undefined variable $Contactes
in APPPATH\Views\frontend\ContactesAdmin.php on line 14.
 1 APPPATH\Views\frontend\ContactesAdmin.php(14): CodeIgniter\Debug\Exceptions->errorHandler(2, 'Undefined variable $Contactes', 'APPPATH\\Views\\frontend\\ContactesAdmin.php', 14)
 2 SYSTEMPATH\View\View.php(213): include('APPPATH\\Views\\frontend\\ContactesAdmin.php')
 3 SYSTEMPATH\View\View.php(216): CodeIgniter\View\View->CodeIgniter\View\{closure}()
 4 SYSTEMPATH\Common.php(1134): CodeIgniter\View\View->render('frontend/ContactesAdmin', [], true)
 5 APPPATH\Controllers\Contactes.php(14): view('frontend/ContactesAdmin', [...])
 6 SYSTEMPATH\CodeIgniter.php(927): App\Controllers\Contactes->index()
 7 SYSTEMPATH\CodeIgniter.php(482): CodeIgniter\CodeIgniter->runController(Object(App\Controllers\Contactes))
 8 SYSTEMPATH\CodeIgniter.php(351): CodeIgniter\CodeIgniter->handleRequest(null, Object(Config\Cache), false)
 9 FCPATH\index.php(67): CodeIgniter\CodeIgniter->run()
10 SYSTEMPATH\Commands\Server\rewrite.php(46): require_once('FCPATH\\index.php')
CRITICAL - 2023-02-16 02:51:04 --> Undefined variable $Contactes
in APPPATH\Views\frontend\ContactesAdmin.php on line 14.
 1 APPPATH\Views\frontend\ContactesAdmin.php(14): CodeIgniter\Debug\Exceptions->errorHandler(2, 'Undefined variable $Contactes', 'APPPATH\\Views\\frontend\\ContactesAdmin.php', 14)
 2 SYSTEMPATH\View\View.php(213): include('APPPATH\\Views\\frontend\\ContactesAdmin.php')
 3 SYSTEMPATH\View\View.php(216): CodeIgniter\View\View->CodeIgniter\View\{closure}()
 4 SYSTEMPATH\Common.php(1134): CodeIgniter\View\View->render('frontend/ContactesAdmin', [], true)
 5 APPPATH\Controllers\Contactes.php(14): view('frontend/ContactesAdmin', [...])
 6 SYSTEMPATH\CodeIgniter.php(927): App\Controllers\Contactes->index()
 7 SYSTEMPATH\CodeIgniter.php(482): CodeIgniter\CodeIgniter->runController(Object(App\Controllers\Contactes))
 8 SYSTEMPATH\CodeIgniter.php(351): CodeIgniter\CodeIgniter->handleRequest(null, Object(Config\Cache), false)
 9 FCPATH\index.php(67): CodeIgniter\CodeIgniter->run()
10 SYSTEMPATH\Commands\Server\rewrite.php(46): require_once('FCPATH\\index.php')
CRITICAL - 2023-02-16 03:09:41 --> Undefined variable $Contactes
in APPPATH\Views\frontend\ContactesAdmin.php on line 14.
 1 APPPATH\Views\frontend\ContactesAdmin.php(14): CodeIgniter\Debug\Exceptions->errorHandler(2, 'Undefined variable $Contactes', 'APPPATH\\Views\\frontend\\ContactesAdmin.php', 14)
 2 SYSTEMPATH\View\View.php(213): include('APPPATH\\Views\\frontend\\ContactesAdmin.php')
 3 SYSTEMPATH\View\View.php(216): CodeIgniter\View\View->CodeIgniter\View\{closure}()
 4 SYSTEMPATH\Common.php(1134): CodeIgniter\View\View->render('frontend/ContactesAdmin', [], true)
 5 APPPATH\Controllers\Contactes.php(14): view('frontend/ContactesAdmin', [...])
 6 SYSTEMPATH\CodeIgniter.php(927): App\Controllers\Contactes->index()
 7 SYSTEMPATH\CodeIgniter.php(482): CodeIgniter\CodeIgniter->runController(Object(App\Controllers\Contactes))
 8 SYSTEMPATH\CodeIgniter.php(351): CodeIgniter\CodeIgniter->handleRequest(null, Object(Config\Cache), false)
 9 FCPATH\index.php(67): CodeIgniter\CodeIgniter->run()
10 SYSTEMPATH\Commands\Server\rewrite.php(46): require_once('FCPATH\\index.php')
CRITICAL - 2023-02-16 03:13:42 --> Undefined variable $Contactes
in APPPATH\Views\frontend\ContactesAdmin.php on line 14.
 1 APPPATH\Views\frontend\ContactesAdmin.php(14): CodeIgniter\Debug\Exceptions->errorHandler(2, 'Undefined variable $Contactes', 'APPPATH\\Views\\frontend\\ContactesAdmin.php', 14)
 2 SYSTEMPATH\View\View.php(213): include('APPPATH\\Views\\frontend\\ContactesAdmin.php')
 3 SYSTEMPATH\View\View.php(216): CodeIgniter\View\View->CodeIgniter\View\{closure}()
 4 SYSTEMPATH\Common.php(1134): CodeIgniter\View\View->render('frontend/ContactesAdmin', [], true)
 5 APPPATH\Controllers\Contactes.php(14): view('frontend/ContactesAdmin', [...])
 6 SYSTEMPATH\CodeIgniter.php(927): App\Controllers\Contactes->index()
 7 SYSTEMPATH\CodeIgniter.php(482): CodeIgniter\CodeIgniter->runController(Object(App\Controllers\Contactes))
 8 SYSTEMPATH\CodeIgniter.php(351): CodeIgniter\CodeIgniter->handleRequest(null, Object(Config\Cache), false)
 9 FCPATH\index.php(67): CodeIgniter\CodeIgniter->run()
10 SYSTEMPATH\Commands\Server\rewrite.php(46): require_once('FCPATH\\index.php')
CRITICAL - 2023-02-16 03:16:18 --> Undefined variable $Contactes
in APPPATH\Views\frontend\ContactesAdmin.php on line 14.
 1 APPPATH\Views\frontend\ContactesAdmin.php(14): CodeIgniter\Debug\Exceptions->errorHandler(2, 'Undefined variable $Contactes', 'APPPATH\\Views\\frontend\\ContactesAdmin.php', 14)
 2 SYSTEMPATH\View\View.php(213): include('APPPATH\\Views\\frontend\\ContactesAdmin.php')
 3 SYSTEMPATH\View\View.php(216): CodeIgniter\View\View->CodeIgniter\View\{closure}()
 4 SYSTEMPATH\Common.php(1134): CodeIgniter\View\View->render('frontend/ContactesAdmin', [], true)
 5 APPPATH\Controllers\Contactes.php(14): view('frontend/ContactesAdmin', [...])
 6 SYSTEMPATH\CodeIgniter.php(927): App\Controllers\Contactes->index()
 7 SYSTEMPATH\CodeIgniter.php(482): CodeIgniter\CodeIgniter->runController(Object(App\Controllers\Contactes))
 8 SYSTEMPATH\CodeIgniter.php(351): CodeIgniter\CodeIgniter->handleRequest(null, Object(Config\Cache), false)
 9 FCPATH\index.php(67): CodeIgniter\CodeIgniter->run()
10 SYSTEMPATH\Commands\Server\rewrite.php(46): require_once('FCPATH\\index.php')
