CRITICAL - 2023-02-17 02:53:52 --> Undefined variable $Contactes
in APPPATH\Views\frontend\ContactesAdmin.php on line 14.
 1 APPPATH\Views\frontend\ContactesAdmin.php(14): CodeIgniter\Debug\Exceptions->errorHandler(2, 'Undefined variable $Contactes', 'APPPATH\\Views\\frontend\\ContactesAdmin.php', 14)
 2 SYSTEMPATH\View\View.php(213): include('APPPATH\\Views\\frontend\\ContactesAdmin.php')
 3 SYSTEMPATH\View\View.php(216): CodeIgniter\View\View->CodeIgniter\View\{closure}()
 4 SYSTEMPATH\Common.php(1134): CodeIgniter\View\View->render('frontend/ContactesAdmin', [], true)
 5 APPPATH\Controllers\Contactes.php(14): view('frontend/ContactesAdmin', [...])
 6 SYSTEMPATH\CodeIgniter.php(927): App\Controllers\Contactes->index()
 7 SYSTEMPATH\CodeIgniter.php(482): CodeIgniter\CodeIgniter->runController(Object(App\Controllers\Contactes))
 8 SYSTEMPATH\CodeIgniter.php(351): CodeIgniter\CodeIgniter->handleRequest(null, Object(Config\Cache), false)
 9 FCPATH\index.php(67): CodeIgniter\CodeIgniter->run()
10 SYSTEMPATH\Commands\Server\rewrite.php(46): require_once('FCPATH\\index.php')
CRITICAL - 2023-02-17 03:07:27 --> Undefined variable $Contactes
in APPPATH\Views\frontend\ContactesAdmin.php on line 14.
 1 APPPATH\Views\frontend\ContactesAdmin.php(14): CodeIgniter\Debug\Exceptions->errorHandler(2, 'Undefined variable $Contactes', 'APPPATH\\Views\\frontend\\ContactesAdmin.php', 14)
 2 SYSTEMPATH\View\View.php(213): include('APPPATH\\Views\\frontend\\ContactesAdmin.php')
 3 SYSTEMPATH\View\View.php(216): CodeIgniter\View\View->CodeIgniter\View\{closure}()
 4 SYSTEMPATH\Common.php(1134): CodeIgniter\View\View->render('frontend/ContactesAdmin', [], true)
 5 APPPATH\Controllers\Contactes.php(14): view('frontend/ContactesAdmin', [...])
 6 SYSTEMPATH\CodeIgniter.php(927): App\Controllers\Contactes->index()
 7 SYSTEMPATH\CodeIgniter.php(482): CodeIgniter\CodeIgniter->runController(Object(App\Controllers\Contactes))
 8 SYSTEMPATH\CodeIgniter.php(351): CodeIgniter\CodeIgniter->handleRequest(null, Object(Config\Cache), false)
 9 FCPATH\index.php(67): CodeIgniter\CodeIgniter->run()
10 SYSTEMPATH\Commands\Server\rewrite.php(46): require_once('FCPATH\\index.php')
CRITICAL - 2023-02-17 11:07:47 --> Undefined variable $Contactes
in APPPATH\Views\frontend\ContactesAdmin.php on line 14.
 1 APPPATH\Views\frontend\ContactesAdmin.php(14): CodeIgniter\Debug\Exceptions->errorHandler(2, 'Undefined variable $Contactes', 'APPPATH\\Views\\frontend\\ContactesAdmin.php', 14)
 2 SYSTEMPATH\View\View.php(213): include('APPPATH\\Views\\frontend\\ContactesAdmin.php')
 3 SYSTEMPATH\View\View.php(216): CodeIgniter\View\View->CodeIgniter\View\{closure}()
 4 SYSTEMPATH\Common.php(1134): CodeIgniter\View\View->render('frontend/ContactesAdmin', [], true)
 5 APPPATH\Controllers\Contactes.php(14): view('frontend/ContactesAdmin', [...])
 6 SYSTEMPATH\CodeIgniter.php(927): App\Controllers\Contactes->index()
 7 SYSTEMPATH\CodeIgniter.php(482): CodeIgniter\CodeIgniter->runController(Object(App\Controllers\Contactes))
 8 SYSTEMPATH\CodeIgniter.php(351): CodeIgniter\CodeIgniter->handleRequest(null, Object(Config\Cache), false)
 9 FCPATH\index.php(67): CodeIgniter\CodeIgniter->run()
10 SYSTEMPATH\Commands\Server\rewrite.php(46): require_once('FCPATH\\index.php')
CRITICAL - 2023-02-17 11:56:32 --> Undefined variable $Contactes
in APPPATH\Views\frontend\ContactesAdmin.php on line 14.
 1 APPPATH\Views\frontend\ContactesAdmin.php(14): CodeIgniter\Debug\Exceptions->errorHandler(2, 'Undefined variable $Contactes', 'APPPATH\\Views\\frontend\\ContactesAdmin.php', 14)
 2 SYSTEMPATH\View\View.php(213): include('APPPATH\\Views\\frontend\\ContactesAdmin.php')
 3 SYSTEMPATH\View\View.php(216): CodeIgniter\View\View->CodeIgniter\View\{closure}()
 4 SYSTEMPATH\Common.php(1134): CodeIgniter\View\View->render('frontend/ContactesAdmin', [], true)
 5 APPPATH\Controllers\Contactes.php(14): view('frontend/ContactesAdmin', [...])
 6 SYSTEMPATH\CodeIgniter.php(927): App\Controllers\Contactes->index()
 7 SYSTEMPATH\CodeIgniter.php(482): CodeIgniter\CodeIgniter->runController(Object(App\Controllers\Contactes))
 8 SYSTEMPATH\CodeIgniter.php(351): CodeIgniter\CodeIgniter->handleRequest(null, Object(Config\Cache), false)
 9 FCPATH\index.php(67): CodeIgniter\CodeIgniter->run()
10 SYSTEMPATH\Commands\Server\rewrite.php(46): require_once('FCPATH\\index.php')
CRITICAL - 2023-02-17 12:02:14 --> Undefined variable $Contactes
in APPPATH\Views\frontend\ContactesAdmin.php on line 14.
 1 APPPATH\Views\frontend\ContactesAdmin.php(14): CodeIgniter\Debug\Exceptions->errorHandler(2, 'Undefined variable $Contactes', 'APPPATH\\Views\\frontend\\ContactesAdmin.php', 14)
 2 SYSTEMPATH\View\View.php(213): include('APPPATH\\Views\\frontend\\ContactesAdmin.php')
 3 SYSTEMPATH\View\View.php(216): CodeIgniter\View\View->CodeIgniter\View\{closure}()
 4 SYSTEMPATH\Common.php(1134): CodeIgniter\View\View->render('frontend/ContactesAdmin', [], true)
 5 APPPATH\Controllers\Contactes.php(14): view('frontend/ContactesAdmin', [...])
 6 SYSTEMPATH\CodeIgniter.php(927): App\Controllers\Contactes->index()
 7 SYSTEMPATH\CodeIgniter.php(482): CodeIgniter\CodeIgniter->runController(Object(App\Controllers\Contactes))
 8 SYSTEMPATH\CodeIgniter.php(351): CodeIgniter\CodeIgniter->handleRequest(null, Object(Config\Cache), false)
 9 FCPATH\index.php(67): CodeIgniter\CodeIgniter->run()
10 SYSTEMPATH\Commands\Server\rewrite.php(46): require_once('FCPATH\\index.php')
CRITICAL - 2023-02-17 12:10:19 --> Undefined variable $Contactes
in APPPATH\Views\frontend\ContactesAdmin.php on line 14.
 1 APPPATH\Views\frontend\ContactesAdmin.php(14): CodeIgniter\Debug\Exceptions->errorHandler(2, 'Undefined variable $Contactes', 'APPPATH\\Views\\frontend\\ContactesAdmin.php', 14)
 2 SYSTEMPATH\View\View.php(213): include('APPPATH\\Views\\frontend\\ContactesAdmin.php')
 3 SYSTEMPATH\View\View.php(216): CodeIgniter\View\View->CodeIgniter\View\{closure}()
 4 SYSTEMPATH\Common.php(1134): CodeIgniter\View\View->render('frontend/ContactesAdmin', [], true)
 5 APPPATH\Controllers\Contactes.php(14): view('frontend/ContactesAdmin', [...])
 6 SYSTEMPATH\CodeIgniter.php(927): App\Controllers\Contactes->index()
 7 SYSTEMPATH\CodeIgniter.php(482): CodeIgniter\CodeIgniter->runController(Object(App\Controllers\Contactes))
 8 SYSTEMPATH\CodeIgniter.php(351): CodeIgniter\CodeIgniter->handleRequest(null, Object(Config\Cache), false)
 9 FCPATH\index.php(67): CodeIgniter\CodeIgniter->run()
10 SYSTEMPATH\Commands\Server\rewrite.php(46): require_once('FCPATH\\index.php')
